2024-12-23 19:53:46,876 - RealEstateAnalysis - INFO - Logger initialized. Log file: logs\real_estate_analysis_20241223_195346.log
2024-12-23 19:53:46,876 - RealEstateAnalysis - INFO - Starting Real Estate Analysis Pipeline
2024-12-23 19:53:46,876 - RealEstateAnalysis - INFO - Initializing components...
2024-12-23 19:53:46,877 - RealEstateAnalysis.ModelTrainer - INFO - Initializing models
2024-12-23 19:53:46,878 - RealEstateAnalysis - INFO - Starting data preprocessing...
2024-12-23 19:53:46,878 - RealEstateAnalysis.DataPreprocessor - INFO - Starting data preprocessing pipeline
2024-12-23 19:53:46,878 - RealEstateAnalysis.DataPreprocessor - INFO - Loading data from data/raw/Pune_Real_Estate_Data_1.xlsx
2024-12-23 19:53:47,196 - RealEstateAnalysis.DataPreprocessor - INFO - Successfully loaded data with shape: (200, 18)
2024-12-23 19:53:47,197 - RealEstateAnalysis.DataPreprocessor - INFO - Removing unnecessary features
2024-12-23 19:53:47,198 - RealEstateAnalysis.DataPreprocessor - INFO - Removed columns: {'Location', 'Sr. No.', 'Price in Millions', 'Total TownShip Area in Acres'}
2024-12-23 19:53:47,198 - RealEstateAnalysis.DataPreprocessor - INFO - Processing Price column
2024-12-23 19:53:47,199 - RealEstateAnalysis.DataPreprocessor - INFO - NaN values in Price column: 1
2024-12-23 19:53:47,200 - RealEstateAnalysis.DataPreprocessor - INFO - Filled NaN prices with median: 70.0
2024-12-23 19:53:47,201 - RealEstateAnalysis.DataPreprocessor - INFO - Cleaning Property Area column
2024-12-23 19:53:47,201 - RealEstateAnalysis.DataPreprocessor - INFO - Cleaning Property Type column
2024-12-23 19:53:47,203 - RealEstateAnalysis.DataPreprocessor - INFO - Cleaning text columns
2024-12-23 19:53:47,208 - RealEstateAnalysis.DataPreprocessor - INFO - Converting binary features
2024-12-23 19:53:47,214 - RealEstateAnalysis.DataPreprocessor - INFO - Handling outliers
2024-12-23 19:53:47,214 - RealEstateAnalysis.DataPreprocessor - INFO - Processing outliers for column: Property Area in Sq. Ft.
2024-12-23 19:53:47,216 - RealEstateAnalysis.DataPreprocessor - INFO - Property Area in Sq. Ft. bounds - Lower: 113.00, Upper: 1671.80
2024-12-23 19:53:47,217 - RealEstateAnalysis.DataPreprocessor - INFO - Number of outliers in Property Area in Sq. Ft.: 10
2024-12-23 19:53:47,219 - RealEstateAnalysis.DataPreprocessor - INFO - Processing outliers for column: Price in lakhs
2024-12-23 19:53:47,221 - RealEstateAnalysis.DataPreprocessor - INFO - Price in lakhs bounds - Lower: 13.19, Upper: 189.15
2024-12-23 19:53:47,222 - RealEstateAnalysis.DataPreprocessor - INFO - Number of outliers in Price in lakhs: 10
2024-12-23 19:53:47,223 - RealEstateAnalysis.DataPreprocessor - INFO - Data preprocessing completed successfully
2024-12-23 19:53:47,223 - RealEstateAnalysis.DataPreprocessor - INFO - Final preprocessed data shape: (200, 14)
2024-12-23 19:53:47,223 - RealEstateAnalysis - INFO - Shape after preprocessing: (200, 14)
2024-12-23 19:53:47,224 - RealEstateAnalysis - INFO - Engineering features...
2024-12-23 19:53:47,224 - RealEstateAnalysis.FeatureEngineer - INFO - Starting feature engineering pipeline
2024-12-23 19:53:47,224 - RealEstateAnalysis.FeatureEngineer - INFO - Creating price by sub-area feature
2024-12-23 19:53:47,226 - RealEstateAnalysis.FeatureEngineer - INFO - Extracting BHK numbers
2024-12-23 19:53:47,226 - RealEstateAnalysis.FeatureEngineer - WARNING - Error extracting BHK number from '1 Bhk': name 're' is not defined
2024-12-23 19:53:47,227 - RealEstateAnalysis.FeatureEngineer - WARNING - Error extracting BHK number from '2 Bhk': name 're' is not defined
2024-12-23 19:53:47,227 - RealEstateAnalysis.FeatureEngineer - WARNING - Error extracting BHK number from '3 Bhk': name 're' is not defined
2024-12-23 19:53:47,227 - RealEstateAnalysis.FeatureEngineer - WARNING - Error extracting BHK number from '3 Bhkgrand': name 're' is not defined
2024-12-23 19:53:47,227 - RealEstateAnalysis.FeatureEngineer - WARNING - Error extracting BHK number from '2 Bhk': name 're' is not defined
2024-12-23 19:53:47,228 - RealEstateAnalysis.FeatureEngineer - WARNING - Error extracting BHK number from '3 Bhk': name 're' is not defined
2024-12-23 19:53:47,228 - RealEstateAnalysis.FeatureEngineer - WARNING - Error extracting BHK number from '2 Bhk': name 're' is not defined
2024-12-23 19:53:47,228 - RealEstateAnalysis.FeatureEngineer - WARNING - Error extracting BHK number from '3 Bhk': name 're' is not defined
2024-12-23 19:53:47,228 - RealEstateAnalysis.FeatureEngineer - WARNING - Error extracting BHK number from '2 Bhk': name 're' is not defined
2024-12-23 19:53:47,228 - RealEstateAnalysis.FeatureEngineer - WARNING - Error extracting BHK number from '3 Bhk': name 're' is not defined
2024-12-23 19:53:47,229 - RealEstateAnalysis.FeatureEngineer - WARNING - Error extracting BHK number from '4 Bhk': name 're' is not defined
2024-12-23 19:53:47,229 - RealEstateAnalysis.FeatureEngineer - WARNING - Error extracting BHK number from '5 Bhk': name 're' is not defined
2024-12-23 19:53:47,229 - RealEstateAnalysis.FeatureEngineer - WARNING - Error extracting BHK number from '6 Bhk': name 're' is not defined
2024-12-23 19:53:47,229 - RealEstateAnalysis.FeatureEngineer - WARNING - Error extracting BHK number from '2 Bhk': name 're' is not defined
2024-12-23 19:53:47,230 - RealEstateAnalysis.FeatureEngineer - WARNING - Error extracting BHK number from '3 Bhk': name 're' is not defined
2024-12-23 19:53:47,230 - RealEstateAnalysis.FeatureEngineer - WARNING - Error extracting BHK number from '1 Bhk': name 're' is not defined
2024-12-23 19:53:47,230 - RealEstateAnalysis.FeatureEngineer - WARNING - Error extracting BHK number from '2 Bhk': name 're' is not defined
2024-12-23 19:53:47,230 - RealEstateAnalysis.FeatureEngineer - WARNING - Error extracting BHK number from '3 Bhk': name 're' is not defined
2024-12-23 19:53:47,230 - RealEstateAnalysis.FeatureEngineer - WARNING - Error extracting BHK number from '1 Bhk': name 're' is not defined
2024-12-23 19:53:47,231 - RealEstateAnalysis.FeatureEngineer - WARNING - Error extracting BHK number from '2 Bhk': name 're' is not defined
2024-12-23 19:53:47,231 - RealEstateAnalysis.FeatureEngineer - WARNING - Error extracting BHK number from '2 Bhk': name 're' is not defined
2024-12-23 19:53:47,231 - RealEstateAnalysis.FeatureEngineer - WARNING - Error extracting BHK number from '3 Bhk': name 're' is not defined
2024-12-23 19:53:47,231 - RealEstateAnalysis.FeatureEngineer - WARNING - Error extracting BHK number from '1 Bhk': name 're' is not defined
2024-12-23 19:53:47,232 - RealEstateAnalysis.FeatureEngineer - WARNING - Error extracting BHK number from '2 Bhk': name 're' is not defined
2024-12-23 19:53:47,232 - RealEstateAnalysis.FeatureEngineer - WARNING - Error extracting BHK number from '2 Bhk': name 're' is not defined
2024-12-23 19:53:47,232 - RealEstateAnalysis.FeatureEngineer - WARNING - Error extracting BHK number from '2 Bhk': name 're' is not defined
2024-12-23 19:53:47,232 - RealEstateAnalysis.FeatureEngineer - WARNING - Error extracting BHK number from '2 Bhk': name 're' is not defined
2024-12-23 19:53:47,233 - RealEstateAnalysis.FeatureEngineer - WARNING - Error extracting BHK number from '2 Bhk': name 're' is not defined
2024-12-23 19:53:47,233 - RealEstateAnalysis.FeatureEngineer - WARNING - Error extracting BHK number from '3 Bhk': name 're' is not defined
2024-12-23 19:53:47,233 - RealEstateAnalysis.FeatureEngineer - WARNING - Error extracting BHK number from '3 Bhk': name 're' is not defined
2024-12-23 19:53:47,233 - RealEstateAnalysis.FeatureEngineer - WARNING - Error extracting BHK number from '3 Bhk': name 're' is not defined
2024-12-23 19:53:47,234 - RealEstateAnalysis.FeatureEngineer - WARNING - Error extracting BHK number from '3 Bhk': name 're' is not defined
2024-12-23 19:53:47,234 - RealEstateAnalysis.FeatureEngineer - WARNING - Error extracting BHK number from '3 Bhk': name 're' is not defined
2024-12-23 19:53:47,235 - RealEstateAnalysis.FeatureEngineer - WARNING - Error extracting BHK number from '3 Bhk': name 're' is not defined
2024-12-23 19:53:47,235 - RealEstateAnalysis.FeatureEngineer - WARNING - Error extracting BHK number from '3 Bhk': name 're' is not defined
2024-12-23 19:53:47,235 - RealEstateAnalysis.FeatureEngineer - WARNING - Error extracting BHK number from '2 Bhk': name 're' is not defined
2024-12-23 19:53:47,235 - RealEstateAnalysis.FeatureEngineer - WARNING - Error extracting BHK number from '3 Bhk': name 're' is not defined
2024-12-23 19:53:47,236 - RealEstateAnalysis.FeatureEngineer - WARNING - Error extracting BHK number from '2 Bhk': name 're' is not defined
2024-12-23 19:53:47,236 - RealEstateAnalysis.FeatureEngineer - WARNING - Error extracting BHK number from '3 Bhk': name 're' is not defined
2024-12-23 19:53:47,236 - RealEstateAnalysis.FeatureEngineer - WARNING - Error extracting BHK number from '1 Bhk': name 're' is not defined
2024-12-23 19:53:47,237 - RealEstateAnalysis.FeatureEngineer - WARNING - Error extracting BHK number from '2 Bhk': name 're' is not defined
2024-12-23 19:53:47,237 - RealEstateAnalysis.FeatureEngineer - WARNING - Error extracting BHK number from '3 Bhk': name 're' is not defined
2024-12-23 19:53:47,237 - RealEstateAnalysis.FeatureEngineer - WARNING - Error extracting BHK number from '1 Bhk': name 're' is not defined
2024-12-23 19:53:47,238 - RealEstateAnalysis.FeatureEngineer - WARNING - Error extracting BHK number from '2 Bhk': name 're' is not defined
2024-12-23 19:53:47,239 - RealEstateAnalysis.FeatureEngineer - WARNING - Error extracting BHK number from '3 Bhk': name 're' is not defined
2024-12-23 19:53:47,239 - RealEstateAnalysis.FeatureEngineer - WARNING - Error extracting BHK number from '2 Bhk': name 're' is not defined
2024-12-23 19:53:47,239 - RealEstateAnalysis.FeatureEngineer - WARNING - Error extracting BHK number from '2 Bhk': name 're' is not defined
2024-12-23 19:53:47,240 - RealEstateAnalysis.FeatureEngineer - WARNING - Error extracting BHK number from '3 Bhk': name 're' is not defined
2024-12-23 19:53:47,240 - RealEstateAnalysis.FeatureEngineer - WARNING - Error extracting BHK number from '3 Bhk': name 're' is not defined
2024-12-23 19:53:47,240 - RealEstateAnalysis.FeatureEngineer - WARNING - Error extracting BHK number from '3 Bhk': name 're' is not defined
2024-12-23 19:53:47,240 - RealEstateAnalysis.FeatureEngineer - WARNING - Error extracting BHK number from '5 Bhk': name 're' is not defined
2024-12-23 19:53:47,241 - RealEstateAnalysis.FeatureEngineer - WARNING - Error extracting BHK number from '1 Bhk': name 're' is not defined
2024-12-23 19:53:47,241 - RealEstateAnalysis.FeatureEngineer - WARNING - Error extracting BHK number from '2 Bhk': name 're' is not defined
2024-12-23 19:53:47,241 - RealEstateAnalysis.FeatureEngineer - WARNING - Error extracting BHK number from '2 Bhk': name 're' is not defined
2024-12-23 19:53:47,241 - RealEstateAnalysis.FeatureEngineer - WARNING - Error extracting BHK number from '3 Bhk': name 're' is not defined
2024-12-23 19:53:47,242 - RealEstateAnalysis.FeatureEngineer - WARNING - Error extracting BHK number from '1 Bhk': name 're' is not defined
2024-12-23 19:53:47,242 - RealEstateAnalysis.FeatureEngineer - WARNING - Error extracting BHK number from '2 Bhk': name 're' is not defined
2024-12-23 19:53:47,242 - RealEstateAnalysis.FeatureEngineer - WARNING - Error extracting BHK number from '2 Bhk': name 're' is not defined
2024-12-23 19:53:47,242 - RealEstateAnalysis.FeatureEngineer - WARNING - Error extracting BHK number from '2 Bhk': name 're' is not defined
2024-12-23 19:53:47,242 - RealEstateAnalysis.FeatureEngineer - WARNING - Error extracting BHK number from '3 Bhk': name 're' is not defined
2024-12-23 19:53:47,243 - RealEstateAnalysis.FeatureEngineer - WARNING - Error extracting BHK number from '2 Bhk': name 're' is not defined
2024-12-23 19:53:47,243 - RealEstateAnalysis.FeatureEngineer - WARNING - Error extracting BHK number from '2 Bhk': name 're' is not defined
2024-12-23 19:53:47,243 - RealEstateAnalysis.FeatureEngineer - WARNING - Error extracting BHK number from '2.5 Bhk': name 're' is not defined
2024-12-23 19:53:47,243 - RealEstateAnalysis.FeatureEngineer - WARNING - Error extracting BHK number from '2.5 Bhk': name 're' is not defined
2024-12-23 19:53:47,244 - RealEstateAnalysis.FeatureEngineer - WARNING - Error extracting BHK number from '3 Bhk': name 're' is not defined
2024-12-23 19:53:47,244 - RealEstateAnalysis.FeatureEngineer - WARNING - Error extracting BHK number from '3 Bhk': name 're' is not defined
2024-12-23 19:53:47,244 - RealEstateAnalysis.FeatureEngineer - WARNING - Error extracting BHK number from '3 Bhk': name 're' is not defined
2024-12-23 19:53:47,244 - RealEstateAnalysis.FeatureEngineer - WARNING - Error extracting BHK number from '4 Bhk': name 're' is not defined
2024-12-23 19:53:47,245 - RealEstateAnalysis.FeatureEngineer - WARNING - Error extracting BHK number from '2 Bhk': name 're' is not defined
2024-12-23 19:53:47,245 - RealEstateAnalysis.FeatureEngineer - WARNING - Error extracting BHK number from '2 Bhk': name 're' is not defined
2024-12-23 19:53:47,245 - RealEstateAnalysis.FeatureEngineer - WARNING - Error extracting BHK number from '2 Bhk': name 're' is not defined
2024-12-23 19:53:47,245 - RealEstateAnalysis.FeatureEngineer - WARNING - Error extracting BHK number from '2 Bhk': name 're' is not defined
2024-12-23 19:53:47,246 - RealEstateAnalysis.FeatureEngineer - WARNING - Error extracting BHK number from '3 Bhk': name 're' is not defined
2024-12-23 19:53:47,246 - RealEstateAnalysis.FeatureEngineer - WARNING - Error extracting BHK number from '3 Bhk': name 're' is not defined
2024-12-23 19:53:47,246 - RealEstateAnalysis.FeatureEngineer - WARNING - Error extracting BHK number from '1 Bhk': name 're' is not defined
2024-12-23 19:53:47,246 - RealEstateAnalysis.FeatureEngineer - WARNING - Error extracting BHK number from '2 Bhk': name 're' is not defined
2024-12-23 19:53:47,246 - RealEstateAnalysis.FeatureEngineer - WARNING - Error extracting BHK number from '2.5 Bhk': name 're' is not defined
2024-12-23 19:53:47,247 - RealEstateAnalysis.FeatureEngineer - WARNING - Error extracting BHK number from '2 Bhk': name 're' is not defined
2024-12-23 19:53:47,247 - RealEstateAnalysis.FeatureEngineer - WARNING - Error extracting BHK number from '2 Bhk': name 're' is not defined
2024-12-23 19:53:47,247 - RealEstateAnalysis.FeatureEngineer - WARNING - Error extracting BHK number from '3 Bhk': name 're' is not defined
2024-12-23 19:53:47,247 - RealEstateAnalysis.FeatureEngineer - WARNING - Error extracting BHK number from '3 Bhk': name 're' is not defined
2024-12-23 19:53:47,248 - RealEstateAnalysis.FeatureEngineer - WARNING - Error extracting BHK number from '1 Bhk': name 're' is not defined
2024-12-23 19:53:47,248 - RealEstateAnalysis.FeatureEngineer - WARNING - Error extracting BHK number from '2 Bhk': name 're' is not defined
2024-12-23 19:53:47,248 - RealEstateAnalysis.FeatureEngineer - WARNING - Error extracting BHK number from '2.5 Bhk': name 're' is not defined
2024-12-23 19:53:47,248 - RealEstateAnalysis.FeatureEngineer - WARNING - Error extracting BHK number from '3 Bhk': name 're' is not defined
2024-12-23 19:53:47,249 - RealEstateAnalysis.FeatureEngineer - WARNING - Error extracting BHK number from '3.5 Bhk': name 're' is not defined
2024-12-23 19:53:47,249 - RealEstateAnalysis.FeatureEngineer - WARNING - Error extracting BHK number from '2 Bhk': name 're' is not defined
2024-12-23 19:53:47,249 - RealEstateAnalysis.FeatureEngineer - WARNING - Error extracting BHK number from '2 Bhk': name 're' is not defined
2024-12-23 19:53:47,249 - RealEstateAnalysis.FeatureEngineer - WARNING - Error extracting BHK number from '2 Bhk': name 're' is not defined
2024-12-23 19:53:47,250 - RealEstateAnalysis.FeatureEngineer - WARNING - Error extracting BHK number from '2 Bhk': name 're' is not defined
2024-12-23 19:53:47,250 - RealEstateAnalysis.FeatureEngineer - WARNING - Error extracting BHK number from '2 Bhk': name 're' is not defined
2024-12-23 19:53:47,250 - RealEstateAnalysis.FeatureEngineer - WARNING - Error extracting BHK number from '3 Bhk': name 're' is not defined
2024-12-23 19:53:47,251 - RealEstateAnalysis.FeatureEngineer - WARNING - Error extracting BHK number from '3 Bhk': name 're' is not defined
2024-12-23 19:53:47,251 - RealEstateAnalysis.FeatureEngineer - WARNING - Error extracting BHK number from '3 Bhk': name 're' is not defined
2024-12-23 19:53:47,251 - RealEstateAnalysis.FeatureEngineer - WARNING - Error extracting BHK number from '3 Bhk': name 're' is not defined
2024-12-23 19:53:47,252 - RealEstateAnalysis.FeatureEngineer - WARNING - Error extracting BHK number from '3.5 Bhk': name 're' is not defined
2024-12-23 19:53:47,252 - RealEstateAnalysis.FeatureEngineer - WARNING - Error extracting BHK number from '3.5 Bhk': name 're' is not defined
2024-12-23 19:53:47,253 - RealEstateAnalysis.FeatureEngineer - WARNING - Error extracting BHK number from '1 Bhk': name 're' is not defined
2024-12-23 19:53:47,253 - RealEstateAnalysis.FeatureEngineer - WARNING - Error extracting BHK number from '2 Bhk': name 're' is not defined
2024-12-23 19:53:47,253 - RealEstateAnalysis.FeatureEngineer - WARNING - Error extracting BHK number from '2 Bhk': name 're' is not defined
2024-12-23 19:53:47,254 - RealEstateAnalysis.FeatureEngineer - WARNING - Error extracting BHK number from '2 Bhk': name 're' is not defined
2024-12-23 19:53:47,254 - RealEstateAnalysis.FeatureEngineer - WARNING - Error extracting BHK number from '3 Bhk': name 're' is not defined
2024-12-23 19:53:47,254 - RealEstateAnalysis.FeatureEngineer - WARNING - Error extracting BHK number from '3 Bhk': name 're' is not defined
2024-12-23 19:53:47,254 - RealEstateAnalysis.FeatureEngineer - WARNING - Error extracting BHK number from '3 Bhk': name 're' is not defined
2024-12-23 19:53:47,255 - RealEstateAnalysis.FeatureEngineer - WARNING - Error extracting BHK number from '3 Bhk': name 're' is not defined
2024-12-23 19:53:47,255 - RealEstateAnalysis.FeatureEngineer - WARNING - Error extracting BHK number from '2 Bhk': name 're' is not defined
2024-12-23 19:53:47,255 - RealEstateAnalysis.FeatureEngineer - WARNING - Error extracting BHK number from '2 Bhk': name 're' is not defined
2024-12-23 19:53:47,255 - RealEstateAnalysis.FeatureEngineer - WARNING - Error extracting BHK number from '1 Bhk': name 're' is not defined
2024-12-23 19:53:47,256 - RealEstateAnalysis.FeatureEngineer - WARNING - Error extracting BHK number from '2 Bhk': name 're' is not defined
2024-12-23 19:53:47,256 - RealEstateAnalysis.FeatureEngineer - WARNING - Error extracting BHK number from '2 Bhk': name 're' is not defined
2024-12-23 19:53:47,256 - RealEstateAnalysis.FeatureEngineer - WARNING - Error extracting BHK number from '2 Bhk': name 're' is not defined
2024-12-23 19:53:47,256 - RealEstateAnalysis.FeatureEngineer - WARNING - Error extracting BHK number from '2 Bhk': name 're' is not defined
2024-12-23 19:53:47,257 - RealEstateAnalysis.FeatureEngineer - WARNING - Error extracting BHK number from '3 Bhk': name 're' is not defined
2024-12-23 19:53:47,257 - RealEstateAnalysis.FeatureEngineer - WARNING - Error extracting BHK number from '2 Bhk': name 're' is not defined
2024-12-23 19:53:47,257 - RealEstateAnalysis.FeatureEngineer - WARNING - Error extracting BHK number from '2 Bhk': name 're' is not defined
2024-12-23 19:53:47,257 - RealEstateAnalysis.FeatureEngineer - WARNING - Error extracting BHK number from '2 Bhk': name 're' is not defined
2024-12-23 19:53:47,257 - RealEstateAnalysis.FeatureEngineer - WARNING - Error extracting BHK number from '3 Bhk': name 're' is not defined
2024-12-23 19:53:47,258 - RealEstateAnalysis.FeatureEngineer - WARNING - Error extracting BHK number from '3 Bhk': name 're' is not defined
2024-12-23 19:53:47,258 - RealEstateAnalysis.FeatureEngineer - WARNING - Error extracting BHK number from '1 Bhk': name 're' is not defined
2024-12-23 19:53:47,258 - RealEstateAnalysis.FeatureEngineer - WARNING - Error extracting BHK number from '2 Bhk': name 're' is not defined
2024-12-23 19:53:47,258 - RealEstateAnalysis.FeatureEngineer - WARNING - Error extracting BHK number from '2 Bhk': name 're' is not defined
2024-12-23 19:53:47,259 - RealEstateAnalysis.FeatureEngineer - WARNING - Error extracting BHK number from '3 Bhk': name 're' is not defined
2024-12-23 19:53:47,259 - RealEstateAnalysis.FeatureEngineer - WARNING - Error extracting BHK number from '2 Bhk': name 're' is not defined
2024-12-23 19:53:47,259 - RealEstateAnalysis.FeatureEngineer - WARNING - Error extracting BHK number from '2 Bhk': name 're' is not defined
2024-12-23 19:53:47,259 - RealEstateAnalysis.FeatureEngineer - WARNING - Error extracting BHK number from '2 Bhk': name 're' is not defined
2024-12-23 19:53:47,259 - RealEstateAnalysis.FeatureEngineer - WARNING - Error extracting BHK number from '3 Bhk': name 're' is not defined
2024-12-23 19:53:47,260 - RealEstateAnalysis.FeatureEngineer - WARNING - Error extracting BHK number from '4 Bhk': name 're' is not defined
2024-12-23 19:53:47,260 - RealEstateAnalysis.FeatureEngineer - WARNING - Error extracting BHK number from '5 Bhk': name 're' is not defined
2024-12-23 19:53:47,260 - RealEstateAnalysis.FeatureEngineer - WARNING - Error extracting BHK number from '2 Bhk': name 're' is not defined
2024-12-23 19:53:47,260 - RealEstateAnalysis.FeatureEngineer - WARNING - Error extracting BHK number from '2 Bhk': name 're' is not defined
2024-12-23 19:53:47,260 - RealEstateAnalysis.FeatureEngineer - WARNING - Error extracting BHK number from '5 Bhk': name 're' is not defined
2024-12-23 19:53:47,261 - RealEstateAnalysis.FeatureEngineer - WARNING - Error extracting BHK number from '2 Bhk': name 're' is not defined
2024-12-23 19:53:47,261 - RealEstateAnalysis.FeatureEngineer - WARNING - Error extracting BHK number from '2 Bhk': name 're' is not defined
2024-12-23 19:53:47,261 - RealEstateAnalysis.FeatureEngineer - WARNING - Error extracting BHK number from '2 Bhk': name 're' is not defined
2024-12-23 19:53:47,261 - RealEstateAnalysis.FeatureEngineer - WARNING - Error extracting BHK number from '2 Bhk': name 're' is not defined
2024-12-23 19:53:47,261 - RealEstateAnalysis.FeatureEngineer - WARNING - Error extracting BHK number from '2 Bhk': name 're' is not defined
2024-12-23 19:53:47,262 - RealEstateAnalysis.FeatureEngineer - WARNING - Error extracting BHK number from '2 Bhk': name 're' is not defined
2024-12-23 19:53:47,262 - RealEstateAnalysis.FeatureEngineer - WARNING - Error extracting BHK number from '3 Bhk': name 're' is not defined
2024-12-23 19:53:47,262 - RealEstateAnalysis.FeatureEngineer - WARNING - Error extracting BHK number from '3 Bhk': name 're' is not defined
2024-12-23 19:53:47,262 - RealEstateAnalysis.FeatureEngineer - WARNING - Error extracting BHK number from '3 Bhk': name 're' is not defined
2024-12-23 19:53:47,263 - RealEstateAnalysis.FeatureEngineer - WARNING - Error extracting BHK number from '1 Bhk': name 're' is not defined
2024-12-23 19:53:47,263 - RealEstateAnalysis.FeatureEngineer - WARNING - Error extracting BHK number from '2 Bhk': name 're' is not defined
2024-12-23 19:53:47,263 - RealEstateAnalysis.FeatureEngineer - WARNING - Error extracting BHK number from '2 Bhk': name 're' is not defined
2024-12-23 19:53:47,263 - RealEstateAnalysis.FeatureEngineer - WARNING - Error extracting BHK number from '2 Bhk': name 're' is not defined
2024-12-23 19:53:47,264 - RealEstateAnalysis.FeatureEngineer - WARNING - Error extracting BHK number from '3 Bhk': name 're' is not defined
2024-12-23 19:53:47,264 - RealEstateAnalysis.FeatureEngineer - WARNING - Error extracting BHK number from '2 Bhk': name 're' is not defined
2024-12-23 19:53:47,264 - RealEstateAnalysis.FeatureEngineer - WARNING - Error extracting BHK number from '2 Bhk': name 're' is not defined
2024-12-23 19:53:47,264 - RealEstateAnalysis.FeatureEngineer - WARNING - Error extracting BHK number from '2 Bhk': name 're' is not defined
2024-12-23 19:53:47,265 - RealEstateAnalysis.FeatureEngineer - WARNING - Error extracting BHK number from '2 Bhk': name 're' is not defined
2024-12-23 19:53:47,265 - RealEstateAnalysis.FeatureEngineer - WARNING - Error extracting BHK number from '2 Bhk': name 're' is not defined
2024-12-23 19:53:47,265 - RealEstateAnalysis.FeatureEngineer - WARNING - Error extracting BHK number from '2 Bhk': name 're' is not defined
2024-12-23 19:53:47,265 - RealEstateAnalysis.FeatureEngineer - WARNING - Error extracting BHK number from '2 Bhk': name 're' is not defined
2024-12-23 19:53:47,265 - RealEstateAnalysis.FeatureEngineer - WARNING - Error extracting BHK number from '3 Bhk': name 're' is not defined
2024-12-23 19:53:47,266 - RealEstateAnalysis.FeatureEngineer - WARNING - Error extracting BHK number from '3 Bhk': name 're' is not defined
2024-12-23 19:53:47,266 - RealEstateAnalysis.FeatureEngineer - WARNING - Error extracting BHK number from '2 Bhk': name 're' is not defined
2024-12-23 19:53:47,266 - RealEstateAnalysis.FeatureEngineer - WARNING - Error extracting BHK number from '2 Bhk': name 're' is not defined
2024-12-23 19:53:47,267 - RealEstateAnalysis.FeatureEngineer - WARNING - Error extracting BHK number from '2 Bhk': name 're' is not defined
2024-12-23 19:53:47,267 - RealEstateAnalysis.FeatureEngineer - WARNING - Error extracting BHK number from '3 Bhk': name 're' is not defined
2024-12-23 19:53:47,267 - RealEstateAnalysis.FeatureEngineer - WARNING - Error extracting BHK number from '3 Bhk': name 're' is not defined
2024-12-23 19:53:47,268 - RealEstateAnalysis.FeatureEngineer - WARNING - Error extracting BHK number from '3 Bhk': name 're' is not defined
2024-12-23 19:53:47,268 - RealEstateAnalysis.FeatureEngineer - WARNING - Error extracting BHK number from '1 Bhk': name 're' is not defined
2024-12-23 19:53:47,268 - RealEstateAnalysis.FeatureEngineer - WARNING - Error extracting BHK number from '2 Bhk': name 're' is not defined
2024-12-23 19:53:47,269 - RealEstateAnalysis.FeatureEngineer - WARNING - Error extracting BHK number from '2 Bhk': name 're' is not defined
2024-12-23 19:53:47,269 - RealEstateAnalysis.FeatureEngineer - WARNING - Error extracting BHK number from '2 Bhk': name 're' is not defined
2024-12-23 19:53:47,269 - RealEstateAnalysis.FeatureEngineer - WARNING - Error extracting BHK number from '3 Bhk': name 're' is not defined
2024-12-23 19:53:47,270 - RealEstateAnalysis.FeatureEngineer - WARNING - Error extracting BHK number from '3 Bhk': name 're' is not defined
2024-12-23 19:53:47,270 - RealEstateAnalysis.FeatureEngineer - WARNING - Error extracting BHK number from '3 Bhk': name 're' is not defined
2024-12-23 19:53:47,270 - RealEstateAnalysis.FeatureEngineer - WARNING - Error extracting BHK number from '4 Bhk': name 're' is not defined
2024-12-23 19:53:47,271 - RealEstateAnalysis.FeatureEngineer - WARNING - Error extracting BHK number from '2 Bhk': name 're' is not defined
2024-12-23 19:53:47,271 - RealEstateAnalysis.FeatureEngineer - WARNING - Error extracting BHK number from '3 Bhk': name 're' is not defined
2024-12-23 19:53:47,271 - RealEstateAnalysis.FeatureEngineer - WARNING - Error extracting BHK number from '2 Bhk': name 're' is not defined
2024-12-23 19:53:47,272 - RealEstateAnalysis.FeatureEngineer - WARNING - Error extracting BHK number from '3 Bhk': name 're' is not defined
2024-12-23 19:53:47,272 - RealEstateAnalysis.FeatureEngineer - WARNING - Error extracting BHK number from '2 Bhk': name 're' is not defined
2024-12-23 19:53:47,272 - RealEstateAnalysis.FeatureEngineer - WARNING - Error extracting BHK number from '2 Bhk': name 're' is not defined
2024-12-23 19:53:47,272 - RealEstateAnalysis.FeatureEngineer - WARNING - Error extracting BHK number from '2 Bhk': name 're' is not defined
2024-12-23 19:53:47,273 - RealEstateAnalysis.FeatureEngineer - WARNING - Error extracting BHK number from '1 Bhk': name 're' is not defined
2024-12-23 19:53:47,273 - RealEstateAnalysis.FeatureEngineer - WARNING - Error extracting BHK number from '1 Bhk': name 're' is not defined
2024-12-23 19:53:47,273 - RealEstateAnalysis.FeatureEngineer - WARNING - Error extracting BHK number from '2 Bhk': name 're' is not defined
2024-12-23 19:53:47,273 - RealEstateAnalysis.FeatureEngineer - WARNING - Error extracting BHK number from '2 Bhk': name 're' is not defined
2024-12-23 19:53:47,274 - RealEstateAnalysis.FeatureEngineer - WARNING - Error extracting BHK number from '2 Bhk': name 're' is not defined
2024-12-23 19:53:47,274 - RealEstateAnalysis.FeatureEngineer - WARNING - Error extracting BHK number from '2 Bhk': name 're' is not defined
2024-12-23 19:53:47,274 - RealEstateAnalysis.FeatureEngineer - WARNING - Error extracting BHK number from '3 Bhk': name 're' is not defined
2024-12-23 19:53:47,274 - RealEstateAnalysis.FeatureEngineer - WARNING - Error extracting BHK number from '3.5 Bhk': name 're' is not defined
2024-12-23 19:53:47,275 - RealEstateAnalysis.FeatureEngineer - WARNING - Error extracting BHK number from '4.5 Bhk': name 're' is not defined
2024-12-23 19:53:47,275 - RealEstateAnalysis.FeatureEngineer - WARNING - Error extracting BHK number from '1 Bhk': name 're' is not defined
2024-12-23 19:53:47,275 - RealEstateAnalysis.FeatureEngineer - WARNING - Error extracting BHK number from '1 Bhk': name 're' is not defined
2024-12-23 19:53:47,275 - RealEstateAnalysis.FeatureEngineer - WARNING - Error extracting BHK number from '1 Bhk': name 're' is not defined
2024-12-23 19:53:47,276 - RealEstateAnalysis.FeatureEngineer - WARNING - Error extracting BHK number from '2 Bhk': name 're' is not defined
2024-12-23 19:53:47,276 - RealEstateAnalysis.FeatureEngineer - WARNING - Error extracting BHK number from '2 Bhk': name 're' is not defined
2024-12-23 19:53:47,276 - RealEstateAnalysis.FeatureEngineer - WARNING - Error extracting BHK number from '2 Bhk': name 're' is not defined
2024-12-23 19:53:47,276 - RealEstateAnalysis.FeatureEngineer - WARNING - Error extracting BHK number from '1 Bhk': name 're' is not defined
2024-12-23 19:53:47,276 - RealEstateAnalysis.FeatureEngineer - WARNING - Error extracting BHK number from '2 Bhk': name 're' is not defined
2024-12-23 19:53:47,277 - RealEstateAnalysis.FeatureEngineer - WARNING - Error extracting BHK number from '2 Bhk': name 're' is not defined
2024-12-23 19:53:47,277 - RealEstateAnalysis.FeatureEngineer - WARNING - Error extracting BHK number from '3 Bhk': name 're' is not defined
2024-12-23 19:53:47,277 - RealEstateAnalysis.FeatureEngineer - WARNING - Error extracting BHK number from '3 Bhk': name 're' is not defined
2024-12-23 19:53:47,277 - RealEstateAnalysis.FeatureEngineer - WARNING - Error extracting BHK number from '4 Bhk': name 're' is not defined
2024-12-23 19:53:47,278 - RealEstateAnalysis.FeatureEngineer - WARNING - Error extracting BHK number from '2 Bhk': name 're' is not defined
2024-12-23 19:53:47,278 - RealEstateAnalysis.FeatureEngineer - WARNING - Error extracting BHK number from '3 Bhk': name 're' is not defined
2024-12-23 19:53:47,278 - RealEstateAnalysis.FeatureEngineer - WARNING - Error extracting BHK number from '2 Bhk': name 're' is not defined
2024-12-23 19:53:47,279 - RealEstateAnalysis.FeatureEngineer - INFO - Initial shape: (200, 16)
2024-12-23 19:53:47,279 - RealEstateAnalysis.FeatureEngineer - INFO - Processing description text with TF-IDF
2024-12-23 19:53:47,290 - RealEstateAnalysis.FeatureEngineer - INFO - Created 10 TF-IDF features
2024-12-23 19:53:47,291 - RealEstateAnalysis.FeatureEngineer - INFO - Shape after description processing: (200, 26)
2024-12-23 19:53:47,292 - RealEstateAnalysis.FeatureEngineer - INFO - Handling categorical features
2024-12-23 19:53:47,293 - RealEstateAnalysis.FeatureEngineer - INFO - Shape after categorical handling: (200, 26)
2024-12-23 19:53:47,296 - RealEstateAnalysis.FeatureEngineer - INFO - Filled NaN values in BHK_number with median: 0.0
2024-12-23 19:53:47,297 - RealEstateAnalysis.FeatureEngineer - INFO - Feature engineering completed successfully
2024-12-23 19:53:47,297 - RealEstateAnalysis.FeatureEngineer - INFO - Final engineered data shape: (200, 25)
2024-12-23 19:53:47,297 - RealEstateAnalysis - INFO - Shape after feature engineering: (200, 25)
2024-12-23 19:53:47,298 - RealEstateAnalysis - INFO - Cleaning data...
2024-12-23 19:53:47,298 - RealEstateAnalysis - INFO - Shape before NaN removal: (200, 25)
2024-12-23 19:53:47,298 - RealEstateAnalysis - INFO - Shape after NaN removal: (200, 25)
2024-12-23 19:53:47,299 - RealEstateAnalysis - INFO - 
Final columns before splitting:
2024-12-23 19:53:47,299 - RealEstateAnalysis - INFO - - Sub-Area
- Propert Type
- Property Area in Sq. Ft.
- Price in lakhs
- Company Name
- TownShip Name/ Society Name
- ClubHouse
- School / University in Township 
- Hospital in TownShip
- Mall in TownShip
- Park / Jogging track
- Swimming Pool
- Gym
- Price_sub-area
- BHK_number
- 29 gold
- bedroom apartment
- boasts elegant
- community living
- elegant towers
- mantra 29
- offering bedroom
- project boasts
- project offers
- stories offering
2024-12-23 19:53:47,301 - RealEstateAnalysis - INFO - 
Total number of features: 24
2024-12-23 19:53:47,302 - RealEstateAnalysis - INFO - 
Sample of first few features (first 5 rows):
2024-12-23 19:53:47,310 - RealEstateAnalysis - INFO - 
   Sub-Area  Propert Type  Property Area in Sq. Ft.  Company Name  TownShip Name/ Society Name  ClubHouse  School / University in Township   Hospital in TownShip  Mall in TownShip  Park / Jogging track  Swimming Pool  Gym  Price_sub-area  BHK_number  29 gold  bedroom apartment  boasts elegant  community living  elegant towers  mantra 29  offering bedroom  project boasts  project offers  stories offering
0         3             0                     492.0            23                           50          1                                 1                     1                 1                     1              1    1       58.044000         0.0      0.0                0.0             0.0               0.0             0.0        0.0               0.0             0.0             0.0               0.0
1         3             1                     774.0            23                           50          1                                 1                     1                 1                     1              1    1       58.044000         0.0      0.0                0.0             0.0               0.0             0.0        0.0               0.0             0.0             0.0               0.0
2         3             3                     889.0            23                           50          1                                 1                     1                 1                     1              1    1       58.044000         0.0      0.0                0.0             0.0               0.0             0.0        0.0               0.0             0.0             0.0               0.0
3         3             4                    1018.0            23                           50          1                                 1                     1                 1                     1              1    1       58.044000         0.0      0.0                0.0             0.0               0.0             0.0        0.0               0.0             0.0             0.0               0.0
4        20             1                     743.0             5                           12          1                                 1                     1                 1                     1              1    1       73.555556         0.0      0.0                0.0             0.0               0.0             0.0        0.0               0.0             0.0             0.0               0.0
2024-12-23 19:53:47,313 - RealEstateAnalysis - INFO - Final X shape: (200, 24)
2024-12-23 19:53:47,313 - RealEstateAnalysis - INFO - Final y shape: (200,)
2024-12-23 19:53:47,313 - RealEstateAnalysis - INFO - Splitting data...
2024-12-23 19:53:47,313 - RealEstateAnalysis.ModelTrainer - INFO - Splitting data with test_size=0.2
2024-12-23 19:53:47,315 - RealEstateAnalysis.ModelTrainer - INFO - Train set size: (160, 24), Test set size: (40, 24)
2024-12-23 19:53:47,315 - RealEstateAnalysis - INFO - Training set shape: (160, 24)
2024-12-23 19:53:47,315 - RealEstateAnalysis - INFO - Test set shape: (40, 24)
2024-12-23 19:53:47,315 - RealEstateAnalysis - INFO - Training models...
2024-12-23 19:53:47,315 - RealEstateAnalysis.ModelTrainer - INFO - Starting model training
2024-12-23 19:53:47,316 - RealEstateAnalysis.ModelTrainer - INFO - Training XGBoost
2024-12-23 19:53:48,176 - RealEstateAnalysis.ModelTrainer - INFO - XGBoost training completed
2024-12-23 19:53:48,177 - RealEstateAnalysis.ModelTrainer - INFO - Training LightGBM
2024-12-23 19:53:48,325 - RealEstateAnalysis.ModelTrainer - INFO - LightGBM training completed
2024-12-23 19:53:48,326 - RealEstateAnalysis.ModelTrainer - INFO - Training MLP
2024-12-23 19:53:49,248 - RealEstateAnalysis.ModelTrainer - INFO - MLP training completed
2024-12-23 19:53:49,249 - RealEstateAnalysis.ModelTrainer - INFO - Training Lasso
2024-12-23 19:53:49,251 - RealEstateAnalysis.ModelTrainer - INFO - Lasso training completed
2024-12-23 19:53:49,252 - RealEstateAnalysis.ModelTrainer - INFO - Training Ridge
2024-12-23 19:53:49,254 - RealEstateAnalysis.ModelTrainer - INFO - Ridge training completed
2024-12-23 19:53:49,254 - RealEstateAnalysis.ModelTrainer - INFO - Training CatBoost
2024-12-23 19:53:49,555 - RealEstateAnalysis.ModelTrainer - INFO - CatBoost training completed
2024-12-23 19:53:49,556 - RealEstateAnalysis - INFO - Evaluating models...
2024-12-23 19:53:49,556 - RealEstateAnalysis.ModelEvaluator - INFO - Starting evaluation of all models
2024-12-23 19:53:49,556 - RealEstateAnalysis.ModelEvaluator - INFO - Evaluating XGBoost
2024-12-23 19:53:49,580 - RealEstateAnalysis.ModelEvaluator - INFO - XGBoost evaluation completed
2024-12-23 19:53:49,581 - RealEstateAnalysis.ModelEvaluator - INFO - Train metrics - MAE: 0.01, RMSE: 0.02, R2: 1.0000
2024-12-23 19:53:49,581 - RealEstateAnalysis.ModelEvaluator - INFO - Test metrics - MAE: 6.68, RMSE: 9.41, R2: 0.9592
2024-12-23 19:53:49,581 - RealEstateAnalysis.ModelEvaluator - INFO - Evaluating LightGBM
2024-12-23 19:53:49,590 - RealEstateAnalysis.ModelEvaluator - INFO - LightGBM evaluation completed
2024-12-23 19:53:49,590 - RealEstateAnalysis.ModelEvaluator - INFO - Train metrics - MAE: 7.06, RMSE: 10.04, R2: 0.9470
2024-12-23 19:53:49,590 - RealEstateAnalysis.ModelEvaluator - INFO - Test metrics - MAE: 7.79, RMSE: 10.84, R2: 0.9458
2024-12-23 19:53:49,591 - RealEstateAnalysis.ModelEvaluator - INFO - Evaluating MLP
2024-12-23 19:53:49,599 - RealEstateAnalysis.ModelEvaluator - INFO - MLP evaluation completed
2024-12-23 19:53:49,599 - RealEstateAnalysis.ModelEvaluator - INFO - Train metrics - MAE: 8.42, RMSE: 13.05, R2: 0.9103
2024-12-23 19:53:49,600 - RealEstateAnalysis.ModelEvaluator - INFO - Test metrics - MAE: 10.67, RMSE: 13.54, R2: 0.9154
2024-12-23 19:53:49,600 - RealEstateAnalysis.ModelEvaluator - INFO - Evaluating Lasso
2024-12-23 19:53:49,605 - RealEstateAnalysis.ModelEvaluator - INFO - Lasso evaluation completed
2024-12-23 19:53:49,605 - RealEstateAnalysis.ModelEvaluator - INFO - Train metrics - MAE: 11.08, RMSE: 17.11, R2: 0.8460
2024-12-23 19:53:49,606 - RealEstateAnalysis.ModelEvaluator - INFO - Test metrics - MAE: 10.31, RMSE: 13.75, R2: 0.9128
2024-12-23 19:53:49,606 - RealEstateAnalysis.ModelEvaluator - INFO - Evaluating Ridge
2024-12-23 19:53:49,611 - RealEstateAnalysis.ModelEvaluator - INFO - Ridge evaluation completed
2024-12-23 19:53:49,612 - RealEstateAnalysis.ModelEvaluator - INFO - Train metrics - MAE: 10.83, RMSE: 16.43, R2: 0.8580
2024-12-23 19:53:49,612 - RealEstateAnalysis.ModelEvaluator - INFO - Test metrics - MAE: 9.80, RMSE: 12.79, R2: 0.9246
2024-12-23 19:53:49,612 - RealEstateAnalysis.ModelEvaluator - INFO - Evaluating CatBoost
2024-12-23 19:53:49,626 - RealEstateAnalysis.ModelEvaluator - INFO - CatBoost evaluation completed
2024-12-23 19:53:49,626 - RealEstateAnalysis.ModelEvaluator - INFO - Train metrics - MAE: 1.72, RMSE: 2.22, R2: 0.9974
2024-12-23 19:53:49,627 - RealEstateAnalysis.ModelEvaluator - INFO - Test metrics - MAE: 8.03, RMSE: 12.46, R2: 0.9284
2024-12-23 19:53:49,627 - RealEstateAnalysis.ModelEvaluator - INFO - Model evaluation completed for all models
2024-12-23 19:53:49,627 - RealEstateAnalysis - INFO - 
==================================================
2024-12-23 19:53:49,628 - RealEstateAnalysis - INFO - DETAILED MODEL PERFORMANCE METRICS
2024-12-23 19:53:49,628 - RealEstateAnalysis - INFO - ==================================================
2024-12-23 19:53:49,629 - RealEstateAnalysis - INFO - 
Model: XGBoost
2024-12-23 19:53:49,630 - RealEstateAnalysis - INFO - --------------
2024-12-23 19:53:49,630 - RealEstateAnalysis - INFO - Training Metrics:
2024-12-23 19:53:49,630 - RealEstateAnalysis - INFO -   MAE:  0.01 lakhs
2024-12-23 19:53:49,630 - RealEstateAnalysis - INFO -   RMSE: 0.02 lakhs
2024-12-23 19:53:49,631 - RealEstateAnalysis - INFO -   R2:   1.0000
2024-12-23 19:53:49,631 - RealEstateAnalysis - INFO - 
Test Metrics:
2024-12-23 19:53:49,631 - RealEstateAnalysis - INFO -   MAE:  6.68 lakhs
2024-12-23 19:53:49,632 - RealEstateAnalysis - INFO -   RMSE: 9.41 lakhs
2024-12-23 19:53:49,632 - RealEstateAnalysis - INFO -   R2:   0.9592
2024-12-23 19:53:49,632 - RealEstateAnalysis - INFO - 
Generalization Metrics:
2024-12-23 19:53:49,633 - RealEstateAnalysis - INFO -   RMSE Difference: 9.39 lakhs
2024-12-23 19:53:49,633 - RealEstateAnalysis - INFO -   RMSE Ratio: 480.32
2024-12-23 19:53:49,634 - RealEstateAnalysis - INFO -   R Stability: 0.0408
2024-12-23 19:53:49,634 - RealEstateAnalysis - INFO -   Generalization Score: 201.5135
2024-12-23 19:53:49,636 - RealEstateAnalysis - INFO - 
Model: LightGBM
2024-12-23 19:53:49,637 - RealEstateAnalysis - INFO - ---------------
2024-12-23 19:53:49,637 - RealEstateAnalysis - INFO - Training Metrics:
2024-12-23 19:53:49,637 - RealEstateAnalysis - INFO -   MAE:  7.06 lakhs
2024-12-23 19:53:49,637 - RealEstateAnalysis - INFO -   RMSE: 10.04 lakhs
2024-12-23 19:53:49,637 - RealEstateAnalysis - INFO -   R2:   0.9470
2024-12-23 19:53:49,638 - RealEstateAnalysis - INFO - 
Test Metrics:
2024-12-23 19:53:49,638 - RealEstateAnalysis - INFO -   MAE:  7.79 lakhs
2024-12-23 19:53:49,638 - RealEstateAnalysis - INFO -   RMSE: 10.84 lakhs
2024-12-23 19:53:49,638 - RealEstateAnalysis - INFO -   R2:   0.9458
2024-12-23 19:53:49,639 - RealEstateAnalysis - INFO - 
Generalization Metrics:
2024-12-23 19:53:49,639 - RealEstateAnalysis - INFO -   RMSE Difference: 0.80 lakhs
2024-12-23 19:53:49,639 - RealEstateAnalysis - INFO -   RMSE Ratio: 1.08
2024-12-23 19:53:49,639 - RealEstateAnalysis - INFO -   R Stability: 0.0011
2024-12-23 19:53:49,640 - RealEstateAnalysis - INFO -   Generalization Score: 3.5068
2024-12-23 19:53:49,641 - RealEstateAnalysis - INFO - 
Model: MLP
2024-12-23 19:53:49,642 - RealEstateAnalysis - INFO - ----------
2024-12-23 19:53:49,642 - RealEstateAnalysis - INFO - Training Metrics:
2024-12-23 19:53:49,642 - RealEstateAnalysis - INFO -   MAE:  8.42 lakhs
2024-12-23 19:53:49,643 - RealEstateAnalysis - INFO -   RMSE: 13.05 lakhs
2024-12-23 19:53:49,643 - RealEstateAnalysis - INFO -   R2:   0.9103
2024-12-23 19:53:49,643 - RealEstateAnalysis - INFO - 
Test Metrics:
2024-12-23 19:53:49,643 - RealEstateAnalysis - INFO -   MAE:  10.67 lakhs
2024-12-23 19:53:49,644 - RealEstateAnalysis - INFO -   RMSE: 13.54 lakhs
2024-12-23 19:53:49,644 - RealEstateAnalysis - INFO -   R2:   0.9154
2024-12-23 19:53:49,644 - RealEstateAnalysis - INFO - 
Generalization Metrics:
2024-12-23 19:53:49,645 - RealEstateAnalysis - INFO -   RMSE Difference: 0.49 lakhs
2024-12-23 19:53:49,645 - RealEstateAnalysis - INFO -   RMSE Ratio: 1.04
2024-12-23 19:53:49,645 - RealEstateAnalysis - INFO -   R Stability: 0.0051
2024-12-23 19:53:49,645 - RealEstateAnalysis - INFO -   Generalization Score: 4.2188
2024-12-23 19:53:49,647 - RealEstateAnalysis - INFO - 
Model: Lasso
2024-12-23 19:53:49,647 - RealEstateAnalysis - INFO - ------------
2024-12-23 19:53:49,647 - RealEstateAnalysis - INFO - Training Metrics:
2024-12-23 19:53:49,647 - RealEstateAnalysis - INFO -   MAE:  11.08 lakhs
2024-12-23 19:53:49,648 - RealEstateAnalysis - INFO -   RMSE: 17.11 lakhs
2024-12-23 19:53:49,648 - RealEstateAnalysis - INFO -   R2:   0.8460
2024-12-23 19:53:49,648 - RealEstateAnalysis - INFO - 
Test Metrics:
2024-12-23 19:53:49,649 - RealEstateAnalysis - INFO -   MAE:  10.31 lakhs
2024-12-23 19:53:49,649 - RealEstateAnalysis - INFO -   RMSE: 13.75 lakhs
2024-12-23 19:53:49,650 - RealEstateAnalysis - INFO -   R2:   0.9128
2024-12-23 19:53:49,650 - RealEstateAnalysis - INFO - 
Generalization Metrics:
2024-12-23 19:53:49,650 - RealEstateAnalysis - INFO -   RMSE Difference: 3.36 lakhs
2024-12-23 19:53:49,651 - RealEstateAnalysis - INFO -   RMSE Ratio: 1.24
2024-12-23 19:53:49,651 - RealEstateAnalysis - INFO -   R Stability: 0.0668
2024-12-23 19:53:49,651 - RealEstateAnalysis - INFO -   Generalization Score: 5.1941
2024-12-23 19:53:49,653 - RealEstateAnalysis - INFO - 
Model: Ridge
2024-12-23 19:53:49,654 - RealEstateAnalysis - INFO - ------------
2024-12-23 19:53:49,654 - RealEstateAnalysis - INFO - Training Metrics:
2024-12-23 19:53:49,654 - RealEstateAnalysis - INFO -   MAE:  10.83 lakhs
2024-12-23 19:53:49,654 - RealEstateAnalysis - INFO -   RMSE: 16.43 lakhs
2024-12-23 19:53:49,655 - RealEstateAnalysis - INFO -   R2:   0.8580
2024-12-23 19:53:49,655 - RealEstateAnalysis - INFO - 
Test Metrics:
2024-12-23 19:53:49,655 - RealEstateAnalysis - INFO -   MAE:  9.80 lakhs
2024-12-23 19:53:49,655 - RealEstateAnalysis - INFO -   RMSE: 12.79 lakhs
2024-12-23 19:53:49,656 - RealEstateAnalysis - INFO -   R2:   0.9246
2024-12-23 19:53:49,656 - RealEstateAnalysis - INFO - 
Generalization Metrics:
2024-12-23 19:53:49,656 - RealEstateAnalysis - INFO -   RMSE Difference: 3.64 lakhs
2024-12-23 19:53:49,656 - RealEstateAnalysis - INFO -   RMSE Ratio: 1.28
2024-12-23 19:53:49,657 - RealEstateAnalysis - INFO -   R Stability: 0.0666
2024-12-23 19:53:49,657 - RealEstateAnalysis - INFO -   Generalization Score: 4.9983
2024-12-23 19:53:49,659 - RealEstateAnalysis - INFO - 
Model: CatBoost
2024-12-23 19:53:49,659 - RealEstateAnalysis - INFO - ---------------
2024-12-23 19:53:49,660 - RealEstateAnalysis - INFO - Training Metrics:
2024-12-23 19:53:49,660 - RealEstateAnalysis - INFO -   MAE:  1.72 lakhs
2024-12-23 19:53:49,660 - RealEstateAnalysis - INFO -   RMSE: 2.22 lakhs
2024-12-23 19:53:49,660 - RealEstateAnalysis - INFO -   R2:   0.9974
2024-12-23 19:53:49,660 - RealEstateAnalysis - INFO - 
Test Metrics:
2024-12-23 19:53:49,661 - RealEstateAnalysis - INFO -   MAE:  8.03 lakhs
2024-12-23 19:53:49,661 - RealEstateAnalysis - INFO -   RMSE: 12.46 lakhs
2024-12-23 19:53:49,661 - RealEstateAnalysis - INFO -   R2:   0.9284
2024-12-23 19:53:49,661 - RealEstateAnalysis - INFO - 
Generalization Metrics:
2024-12-23 19:53:49,662 - RealEstateAnalysis - INFO -   RMSE Difference: 10.24 lakhs
2024-12-23 19:53:49,662 - RealEstateAnalysis - INFO -   RMSE Ratio: 5.62
2024-12-23 19:53:49,662 - RealEstateAnalysis - INFO -   R Stability: 0.0690
2024-12-23 19:53:49,662 - RealEstateAnalysis - INFO -   Generalization Score: 107.7489
2024-12-23 19:53:49,667 - RealEstateAnalysis - INFO - 
Model Comparison Results (saved to reports/model_comparison.csv):
2024-12-23 19:53:49,671 - RealEstateAnalysis - INFO - 
      Model  Train MAE  Train RMSE  Train R2   Test MAE  Test RMSE   Test R2  Generalization Score
1  LightGBM   7.055888   10.039001  0.946960   7.789417  10.837336  0.945841              3.506830
2       MLP   8.416412   13.053114  0.910329  10.666956  13.543630  0.915415              4.218777
4     Ridge  10.833686   16.426829  0.857987   9.802418  12.787600  0.924595              4.998289
3     Lasso  11.081460   17.106561  0.845991  10.309981  13.751449  0.912799              5.194126
5  CatBoost   1.722115    2.218457  0.997410   8.027743  12.461870  0.928387            107.748861
0   XGBoost   0.014141    0.019592  1.000000   6.681264   9.410381  0.959164            201.513503
2024-12-23 19:53:49,672 - RealEstateAnalysis - INFO - 
==================================================
2024-12-23 19:53:49,672 - RealEstateAnalysis - INFO - Best Model (Most Robust): LightGBM
2024-12-23 19:53:49,672 - RealEstateAnalysis - INFO - Generalization Score: 3.5068
2024-12-23 19:53:49,672 - RealEstateAnalysis - INFO - ==================================================
2024-12-23 19:53:49,673 - RealEstateAnalysis - INFO - 
Model Selection Criteria:
2024-12-23 19:53:49,674 - RealEstateAnalysis - INFO - 1. Test Performance (40% weight)
2024-12-23 19:53:49,674 - RealEstateAnalysis - INFO - 2. RMSE Stability - difference between train and test (30% weight)
2024-12-23 19:53:49,674 - RealEstateAnalysis - INFO - 3. Training-Test Ratio - how close train and test metrics are (30% weight)
2024-12-23 19:53:49,675 - RealEstateAnalysis - INFO - 
Lower generalization score indicates:
2024-12-23 19:53:49,675 - RealEstateAnalysis - INFO - - Good test performance
2024-12-23 19:53:49,675 - RealEstateAnalysis - INFO - - Consistent performance between training and test sets
2024-12-23 19:53:49,676 - RealEstateAnalysis - INFO - - Better generalization to new data
2024-12-23 19:53:49,676 - RealEstateAnalysis - INFO - 
Calculating prediction intervals...
2024-12-23 19:53:49,676 - RealEstateAnalysis.ModelEvaluator - INFO - Calculating prediction intervals with 95.0% confidence
2024-12-23 19:53:49,679 - RealEstateAnalysis.ModelEvaluator - INFO - Average margin of error: 21.22 lakhs
2024-12-23 19:53:49,682 - RealEstateAnalysis - INFO - 
Prediction Error Statistics:
2024-12-23 19:53:49,682 - RealEstateAnalysis - INFO - Average Error: 7.79 lakhs
2024-12-23 19:53:49,683 - RealEstateAnalysis - INFO - Error Std: 7.63 lakhs
2024-12-23 19:53:49,683 - RealEstateAnalysis - INFO - 90th Percentile Error: 14.67 lakhs
2024-12-23 19:53:49,683 - RealEstateAnalysis - INFO - Median Error: 5.91 lakhs
2024-12-23 19:53:49,684 - RealEstateAnalysis - INFO - Generating visualizations...
2024-12-23 19:53:49,684 - RealEstateAnalysis.DataVisualizer - INFO - Creating price distribution plot
2024-12-23 19:53:50,045 - RealEstateAnalysis.DataVisualizer - INFO - Saved plot to reports/figures\price_distribution.png
2024-12-23 19:53:50,045 - RealEstateAnalysis.DataVisualizer - INFO - Creating area distribution plot
2024-12-23 19:53:50,340 - RealEstateAnalysis.DataVisualizer - INFO - Saved plot to reports/figures\area_distribution.png
2024-12-23 19:53:50,341 - RealEstateAnalysis.DataVisualizer - INFO - Creating price by property type plot
2024-12-23 19:53:50,734 - RealEstateAnalysis.DataVisualizer - INFO - Saved plot to reports/figures\price_by_property_type.png
2024-12-23 19:53:50,735 - RealEstateAnalysis.DataVisualizer - INFO - Creating model results plots
2024-12-23 19:53:51,118 - RealEstateAnalysis.DataVisualizer - INFO - Saved plot to reports/figures\model_results.png
2024-12-23 19:53:51,118 - RealEstateAnalysis.DataVisualizer - INFO - Creating amenities analysis plot
2024-12-23 19:53:51,578 - RealEstateAnalysis.DataVisualizer - INFO - Saved plot to reports/figures\amenities_analysis.png
2024-12-23 19:53:51,578 - RealEstateAnalysis - INFO - 
Pipeline completed successfully in 4.70 seconds
2024-12-23 19:53:51,578 - RealEstateAnalysis - INFO - 
Results have been saved in:
2024-12-23 19:53:51,578 - RealEstateAnalysis - INFO - - reports/model_comparison.csv (Model performance comparison)
2024-12-23 19:53:51,579 - RealEstateAnalysis - INFO - - reports/detailed_predictions.csv (Detailed predictions)
2024-12-23 19:53:51,579 - RealEstateAnalysis - INFO - - reports/figures/ (Visualizations)
