2024-12-23 20:01:43,726 - RealEstateAnalysis - INFO - Logger initialized. Log file: logs\real_estate_analysis_20241223_200143.log
2024-12-23 20:01:43,727 - RealEstateAnalysis - INFO - Starting Real Estate Analysis Pipeline
2024-12-23 20:01:43,727 - RealEstateAnalysis - INFO - Initializing components...
2024-12-23 20:01:43,728 - RealEstateAnalysis.ModelTrainer - INFO - Initializing models
2024-12-23 20:01:43,729 - RealEstateAnalysis - INFO - Starting data preprocessing...
2024-12-23 20:01:43,729 - RealEstateAnalysis.DataPreprocessor - INFO - Starting data preprocessing pipeline
2024-12-23 20:01:43,730 - RealEstateAnalysis.DataPreprocessor - INFO - Loading data from data/raw/Pune_Real_Estate_Data_1.xlsx
2024-12-23 20:01:44,031 - RealEstateAnalysis.DataPreprocessor - INFO - Successfully loaded data with shape: (200, 18)
2024-12-23 20:01:44,032 - RealEstateAnalysis.DataPreprocessor - INFO - Removing unnecessary features
2024-12-23 20:01:44,033 - RealEstateAnalysis.DataPreprocessor - INFO - Removed columns: {'Location', 'Price in Millions', 'Sr. No.', 'Total TownShip Area in Acres'}
2024-12-23 20:01:44,034 - RealEstateAnalysis.DataPreprocessor - INFO - Processing Price column
2024-12-23 20:01:44,035 - RealEstateAnalysis.DataPreprocessor - INFO - NaN values in Price column: 1
2024-12-23 20:01:44,036 - RealEstateAnalysis.DataPreprocessor - INFO - Filled NaN prices with median: 70.0
2024-12-23 20:01:44,036 - RealEstateAnalysis.DataPreprocessor - INFO - Cleaning Property Area column
2024-12-23 20:01:44,037 - RealEstateAnalysis.DataPreprocessor - INFO - Cleaning Property Type column
2024-12-23 20:01:44,039 - RealEstateAnalysis.DataPreprocessor - INFO - Cleaning text columns
2024-12-23 20:01:44,044 - RealEstateAnalysis.DataPreprocessor - INFO - Converting binary features
2024-12-23 20:01:44,050 - RealEstateAnalysis.DataPreprocessor - INFO - Handling outliers
2024-12-23 20:01:44,052 - RealEstateAnalysis.DataPreprocessor - INFO - Processing outliers for column: Property Area in Sq. Ft.
2024-12-23 20:01:44,053 - RealEstateAnalysis.DataPreprocessor - INFO - Property Area in Sq. Ft. bounds - Lower: 113.00, Upper: 1671.80
2024-12-23 20:01:44,054 - RealEstateAnalysis.DataPreprocessor - INFO - Number of outliers in Property Area in Sq. Ft.: 10
2024-12-23 20:01:44,055 - RealEstateAnalysis.DataPreprocessor - INFO - Processing outliers for column: Price in lakhs
2024-12-23 20:01:44,057 - RealEstateAnalysis.DataPreprocessor - INFO - Price in lakhs bounds - Lower: 13.19, Upper: 189.15
2024-12-23 20:01:44,057 - RealEstateAnalysis.DataPreprocessor - INFO - Number of outliers in Price in lakhs: 10
2024-12-23 20:01:44,058 - RealEstateAnalysis.DataPreprocessor - INFO - Data preprocessing completed successfully
2024-12-23 20:01:44,060 - RealEstateAnalysis.DataPreprocessor - INFO - Final preprocessed data shape: (200, 14)
2024-12-23 20:01:44,060 - RealEstateAnalysis - INFO - Shape after preprocessing: (200, 14)
2024-12-23 20:01:44,060 - RealEstateAnalysis - INFO - Engineering features...
2024-12-23 20:01:44,060 - RealEstateAnalysis.FeatureEngineer - INFO - Starting feature engineering pipeline
2024-12-23 20:01:44,060 - RealEstateAnalysis.FeatureEngineer - INFO - Creating price by sub-area feature
2024-12-23 20:01:44,061 - RealEstateAnalysis.FeatureEngineer - INFO - Extracting BHK numbers
2024-12-23 20:01:44,062 - RealEstateAnalysis.FeatureEngineer - WARNING - Error extracting BHK number from '1 Bhk': name 're' is not defined
2024-12-23 20:01:44,062 - RealEstateAnalysis.FeatureEngineer - WARNING - Error extracting BHK number from '2 Bhk': name 're' is not defined
2024-12-23 20:01:44,063 - RealEstateAnalysis.FeatureEngineer - WARNING - Error extracting BHK number from '3 Bhk': name 're' is not defined
2024-12-23 20:01:44,063 - RealEstateAnalysis.FeatureEngineer - WARNING - Error extracting BHK number from '3 Bhkgrand': name 're' is not defined
2024-12-23 20:01:44,063 - RealEstateAnalysis.FeatureEngineer - WARNING - Error extracting BHK number from '2 Bhk': name 're' is not defined
2024-12-23 20:01:44,064 - RealEstateAnalysis.FeatureEngineer - WARNING - Error extracting BHK number from '3 Bhk': name 're' is not defined
2024-12-23 20:01:44,064 - RealEstateAnalysis.FeatureEngineer - WARNING - Error extracting BHK number from '2 Bhk': name 're' is not defined
2024-12-23 20:01:44,064 - RealEstateAnalysis.FeatureEngineer - WARNING - Error extracting BHK number from '3 Bhk': name 're' is not defined
2024-12-23 20:01:44,065 - RealEstateAnalysis.FeatureEngineer - WARNING - Error extracting BHK number from '2 Bhk': name 're' is not defined
2024-12-23 20:01:44,065 - RealEstateAnalysis.FeatureEngineer - WARNING - Error extracting BHK number from '3 Bhk': name 're' is not defined
2024-12-23 20:01:44,066 - RealEstateAnalysis.FeatureEngineer - WARNING - Error extracting BHK number from '4 Bhk': name 're' is not defined
2024-12-23 20:01:44,066 - RealEstateAnalysis.FeatureEngineer - WARNING - Error extracting BHK number from '5 Bhk': name 're' is not defined
2024-12-23 20:01:44,066 - RealEstateAnalysis.FeatureEngineer - WARNING - Error extracting BHK number from '6 Bhk': name 're' is not defined
2024-12-23 20:01:44,068 - RealEstateAnalysis.FeatureEngineer - WARNING - Error extracting BHK number from '2 Bhk': name 're' is not defined
2024-12-23 20:01:44,068 - RealEstateAnalysis.FeatureEngineer - WARNING - Error extracting BHK number from '3 Bhk': name 're' is not defined
2024-12-23 20:01:44,069 - RealEstateAnalysis.FeatureEngineer - WARNING - Error extracting BHK number from '1 Bhk': name 're' is not defined
2024-12-23 20:01:44,069 - RealEstateAnalysis.FeatureEngineer - WARNING - Error extracting BHK number from '2 Bhk': name 're' is not defined
2024-12-23 20:01:44,069 - RealEstateAnalysis.FeatureEngineer - WARNING - Error extracting BHK number from '3 Bhk': name 're' is not defined
2024-12-23 20:01:44,069 - RealEstateAnalysis.FeatureEngineer - WARNING - Error extracting BHK number from '1 Bhk': name 're' is not defined
2024-12-23 20:01:44,069 - RealEstateAnalysis.FeatureEngineer - WARNING - Error extracting BHK number from '2 Bhk': name 're' is not defined
2024-12-23 20:01:44,070 - RealEstateAnalysis.FeatureEngineer - WARNING - Error extracting BHK number from '2 Bhk': name 're' is not defined
2024-12-23 20:01:44,070 - RealEstateAnalysis.FeatureEngineer - WARNING - Error extracting BHK number from '3 Bhk': name 're' is not defined
2024-12-23 20:01:44,070 - RealEstateAnalysis.FeatureEngineer - WARNING - Error extracting BHK number from '1 Bhk': name 're' is not defined
2024-12-23 20:01:44,071 - RealEstateAnalysis.FeatureEngineer - WARNING - Error extracting BHK number from '2 Bhk': name 're' is not defined
2024-12-23 20:01:44,071 - RealEstateAnalysis.FeatureEngineer - WARNING - Error extracting BHK number from '2 Bhk': name 're' is not defined
2024-12-23 20:01:44,072 - RealEstateAnalysis.FeatureEngineer - WARNING - Error extracting BHK number from '2 Bhk': name 're' is not defined
2024-12-23 20:01:44,072 - RealEstateAnalysis.FeatureEngineer - WARNING - Error extracting BHK number from '2 Bhk': name 're' is not defined
2024-12-23 20:01:44,072 - RealEstateAnalysis.FeatureEngineer - WARNING - Error extracting BHK number from '2 Bhk': name 're' is not defined
2024-12-23 20:01:44,073 - RealEstateAnalysis.FeatureEngineer - WARNING - Error extracting BHK number from '3 Bhk': name 're' is not defined
2024-12-23 20:01:44,073 - RealEstateAnalysis.FeatureEngineer - WARNING - Error extracting BHK number from '3 Bhk': name 're' is not defined
2024-12-23 20:01:44,074 - RealEstateAnalysis.FeatureEngineer - WARNING - Error extracting BHK number from '3 Bhk': name 're' is not defined
2024-12-23 20:01:44,074 - RealEstateAnalysis.FeatureEngineer - WARNING - Error extracting BHK number from '3 Bhk': name 're' is not defined
2024-12-23 20:01:44,074 - RealEstateAnalysis.FeatureEngineer - WARNING - Error extracting BHK number from '3 Bhk': name 're' is not defined
2024-12-23 20:01:44,075 - RealEstateAnalysis.FeatureEngineer - WARNING - Error extracting BHK number from '3 Bhk': name 're' is not defined
2024-12-23 20:01:44,075 - RealEstateAnalysis.FeatureEngineer - WARNING - Error extracting BHK number from '3 Bhk': name 're' is not defined
2024-12-23 20:01:44,075 - RealEstateAnalysis.FeatureEngineer - WARNING - Error extracting BHK number from '2 Bhk': name 're' is not defined
2024-12-23 20:01:44,075 - RealEstateAnalysis.FeatureEngineer - WARNING - Error extracting BHK number from '3 Bhk': name 're' is not defined
2024-12-23 20:01:44,076 - RealEstateAnalysis.FeatureEngineer - WARNING - Error extracting BHK number from '2 Bhk': name 're' is not defined
2024-12-23 20:01:44,076 - RealEstateAnalysis.FeatureEngineer - WARNING - Error extracting BHK number from '3 Bhk': name 're' is not defined
2024-12-23 20:01:44,076 - RealEstateAnalysis.FeatureEngineer - WARNING - Error extracting BHK number from '1 Bhk': name 're' is not defined
2024-12-23 20:01:44,076 - RealEstateAnalysis.FeatureEngineer - WARNING - Error extracting BHK number from '2 Bhk': name 're' is not defined
2024-12-23 20:01:44,077 - RealEstateAnalysis.FeatureEngineer - WARNING - Error extracting BHK number from '3 Bhk': name 're' is not defined
2024-12-23 20:01:44,077 - RealEstateAnalysis.FeatureEngineer - WARNING - Error extracting BHK number from '1 Bhk': name 're' is not defined
2024-12-23 20:01:44,077 - RealEstateAnalysis.FeatureEngineer - WARNING - Error extracting BHK number from '2 Bhk': name 're' is not defined
2024-12-23 20:01:44,077 - RealEstateAnalysis.FeatureEngineer - WARNING - Error extracting BHK number from '3 Bhk': name 're' is not defined
2024-12-23 20:01:44,078 - RealEstateAnalysis.FeatureEngineer - WARNING - Error extracting BHK number from '2 Bhk': name 're' is not defined
2024-12-23 20:01:44,078 - RealEstateAnalysis.FeatureEngineer - WARNING - Error extracting BHK number from '2 Bhk': name 're' is not defined
2024-12-23 20:01:44,079 - RealEstateAnalysis.FeatureEngineer - WARNING - Error extracting BHK number from '3 Bhk': name 're' is not defined
2024-12-23 20:01:44,079 - RealEstateAnalysis.FeatureEngineer - WARNING - Error extracting BHK number from '3 Bhk': name 're' is not defined
2024-12-23 20:01:44,079 - RealEstateAnalysis.FeatureEngineer - WARNING - Error extracting BHK number from '3 Bhk': name 're' is not defined
2024-12-23 20:01:44,080 - RealEstateAnalysis.FeatureEngineer - WARNING - Error extracting BHK number from '5 Bhk': name 're' is not defined
2024-12-23 20:01:44,080 - RealEstateAnalysis.FeatureEngineer - WARNING - Error extracting BHK number from '1 Bhk': name 're' is not defined
2024-12-23 20:01:44,080 - RealEstateAnalysis.FeatureEngineer - WARNING - Error extracting BHK number from '2 Bhk': name 're' is not defined
2024-12-23 20:01:44,081 - RealEstateAnalysis.FeatureEngineer - WARNING - Error extracting BHK number from '2 Bhk': name 're' is not defined
2024-12-23 20:01:44,081 - RealEstateAnalysis.FeatureEngineer - WARNING - Error extracting BHK number from '3 Bhk': name 're' is not defined
2024-12-23 20:01:44,081 - RealEstateAnalysis.FeatureEngineer - WARNING - Error extracting BHK number from '1 Bhk': name 're' is not defined
2024-12-23 20:01:44,081 - RealEstateAnalysis.FeatureEngineer - WARNING - Error extracting BHK number from '2 Bhk': name 're' is not defined
2024-12-23 20:01:44,082 - RealEstateAnalysis.FeatureEngineer - WARNING - Error extracting BHK number from '2 Bhk': name 're' is not defined
2024-12-23 20:01:44,082 - RealEstateAnalysis.FeatureEngineer - WARNING - Error extracting BHK number from '2 Bhk': name 're' is not defined
2024-12-23 20:01:44,083 - RealEstateAnalysis.FeatureEngineer - WARNING - Error extracting BHK number from '3 Bhk': name 're' is not defined
2024-12-23 20:01:44,083 - RealEstateAnalysis.FeatureEngineer - WARNING - Error extracting BHK number from '2 Bhk': name 're' is not defined
2024-12-23 20:01:44,085 - RealEstateAnalysis.FeatureEngineer - WARNING - Error extracting BHK number from '2 Bhk': name 're' is not defined
2024-12-23 20:01:44,085 - RealEstateAnalysis.FeatureEngineer - WARNING - Error extracting BHK number from '2.5 Bhk': name 're' is not defined
2024-12-23 20:01:44,085 - RealEstateAnalysis.FeatureEngineer - WARNING - Error extracting BHK number from '2.5 Bhk': name 're' is not defined
2024-12-23 20:01:44,085 - RealEstateAnalysis.FeatureEngineer - WARNING - Error extracting BHK number from '3 Bhk': name 're' is not defined
2024-12-23 20:01:44,086 - RealEstateAnalysis.FeatureEngineer - WARNING - Error extracting BHK number from '3 Bhk': name 're' is not defined
2024-12-23 20:01:44,086 - RealEstateAnalysis.FeatureEngineer - WARNING - Error extracting BHK number from '3 Bhk': name 're' is not defined
2024-12-23 20:01:44,086 - RealEstateAnalysis.FeatureEngineer - WARNING - Error extracting BHK number from '4 Bhk': name 're' is not defined
2024-12-23 20:01:44,086 - RealEstateAnalysis.FeatureEngineer - WARNING - Error extracting BHK number from '2 Bhk': name 're' is not defined
2024-12-23 20:01:44,087 - RealEstateAnalysis.FeatureEngineer - WARNING - Error extracting BHK number from '2 Bhk': name 're' is not defined
2024-12-23 20:01:44,087 - RealEstateAnalysis.FeatureEngineer - WARNING - Error extracting BHK number from '2 Bhk': name 're' is not defined
2024-12-23 20:01:44,087 - RealEstateAnalysis.FeatureEngineer - WARNING - Error extracting BHK number from '2 Bhk': name 're' is not defined
2024-12-23 20:01:44,087 - RealEstateAnalysis.FeatureEngineer - WARNING - Error extracting BHK number from '3 Bhk': name 're' is not defined
2024-12-23 20:01:44,087 - RealEstateAnalysis.FeatureEngineer - WARNING - Error extracting BHK number from '3 Bhk': name 're' is not defined
2024-12-23 20:01:44,088 - RealEstateAnalysis.FeatureEngineer - WARNING - Error extracting BHK number from '1 Bhk': name 're' is not defined
2024-12-23 20:01:44,088 - RealEstateAnalysis.FeatureEngineer - WARNING - Error extracting BHK number from '2 Bhk': name 're' is not defined
2024-12-23 20:01:44,088 - RealEstateAnalysis.FeatureEngineer - WARNING - Error extracting BHK number from '2.5 Bhk': name 're' is not defined
2024-12-23 20:01:44,088 - RealEstateAnalysis.FeatureEngineer - WARNING - Error extracting BHK number from '2 Bhk': name 're' is not defined
2024-12-23 20:01:44,089 - RealEstateAnalysis.FeatureEngineer - WARNING - Error extracting BHK number from '2 Bhk': name 're' is not defined
2024-12-23 20:01:44,089 - RealEstateAnalysis.FeatureEngineer - WARNING - Error extracting BHK number from '3 Bhk': name 're' is not defined
2024-12-23 20:01:44,089 - RealEstateAnalysis.FeatureEngineer - WARNING - Error extracting BHK number from '3 Bhk': name 're' is not defined
2024-12-23 20:01:44,089 - RealEstateAnalysis.FeatureEngineer - WARNING - Error extracting BHK number from '1 Bhk': name 're' is not defined
2024-12-23 20:01:44,090 - RealEstateAnalysis.FeatureEngineer - WARNING - Error extracting BHK number from '2 Bhk': name 're' is not defined
2024-12-23 20:01:44,090 - RealEstateAnalysis.FeatureEngineer - WARNING - Error extracting BHK number from '2.5 Bhk': name 're' is not defined
2024-12-23 20:01:44,090 - RealEstateAnalysis.FeatureEngineer - WARNING - Error extracting BHK number from '3 Bhk': name 're' is not defined
2024-12-23 20:01:44,090 - RealEstateAnalysis.FeatureEngineer - WARNING - Error extracting BHK number from '3.5 Bhk': name 're' is not defined
2024-12-23 20:01:44,091 - RealEstateAnalysis.FeatureEngineer - WARNING - Error extracting BHK number from '2 Bhk': name 're' is not defined
2024-12-23 20:01:44,091 - RealEstateAnalysis.FeatureEngineer - WARNING - Error extracting BHK number from '2 Bhk': name 're' is not defined
2024-12-23 20:01:44,091 - RealEstateAnalysis.FeatureEngineer - WARNING - Error extracting BHK number from '2 Bhk': name 're' is not defined
2024-12-23 20:01:44,091 - RealEstateAnalysis.FeatureEngineer - WARNING - Error extracting BHK number from '2 Bhk': name 're' is not defined
2024-12-23 20:01:44,091 - RealEstateAnalysis.FeatureEngineer - WARNING - Error extracting BHK number from '2 Bhk': name 're' is not defined
2024-12-23 20:01:44,092 - RealEstateAnalysis.FeatureEngineer - WARNING - Error extracting BHK number from '3 Bhk': name 're' is not defined
2024-12-23 20:01:44,092 - RealEstateAnalysis.FeatureEngineer - WARNING - Error extracting BHK number from '3 Bhk': name 're' is not defined
2024-12-23 20:01:44,092 - RealEstateAnalysis.FeatureEngineer - WARNING - Error extracting BHK number from '3 Bhk': name 're' is not defined
2024-12-23 20:01:44,092 - RealEstateAnalysis.FeatureEngineer - WARNING - Error extracting BHK number from '3 Bhk': name 're' is not defined
2024-12-23 20:01:44,093 - RealEstateAnalysis.FeatureEngineer - WARNING - Error extracting BHK number from '3.5 Bhk': name 're' is not defined
2024-12-23 20:01:44,093 - RealEstateAnalysis.FeatureEngineer - WARNING - Error extracting BHK number from '3.5 Bhk': name 're' is not defined
2024-12-23 20:01:44,093 - RealEstateAnalysis.FeatureEngineer - WARNING - Error extracting BHK number from '1 Bhk': name 're' is not defined
2024-12-23 20:01:44,093 - RealEstateAnalysis.FeatureEngineer - WARNING - Error extracting BHK number from '2 Bhk': name 're' is not defined
2024-12-23 20:01:44,094 - RealEstateAnalysis.FeatureEngineer - WARNING - Error extracting BHK number from '2 Bhk': name 're' is not defined
2024-12-23 20:01:44,094 - RealEstateAnalysis.FeatureEngineer - WARNING - Error extracting BHK number from '2 Bhk': name 're' is not defined
2024-12-23 20:01:44,094 - RealEstateAnalysis.FeatureEngineer - WARNING - Error extracting BHK number from '3 Bhk': name 're' is not defined
2024-12-23 20:01:44,095 - RealEstateAnalysis.FeatureEngineer - WARNING - Error extracting BHK number from '3 Bhk': name 're' is not defined
2024-12-23 20:01:44,095 - RealEstateAnalysis.FeatureEngineer - WARNING - Error extracting BHK number from '3 Bhk': name 're' is not defined
2024-12-23 20:01:44,096 - RealEstateAnalysis.FeatureEngineer - WARNING - Error extracting BHK number from '3 Bhk': name 're' is not defined
2024-12-23 20:01:44,096 - RealEstateAnalysis.FeatureEngineer - WARNING - Error extracting BHK number from '2 Bhk': name 're' is not defined
2024-12-23 20:01:44,096 - RealEstateAnalysis.FeatureEngineer - WARNING - Error extracting BHK number from '2 Bhk': name 're' is not defined
2024-12-23 20:01:44,096 - RealEstateAnalysis.FeatureEngineer - WARNING - Error extracting BHK number from '1 Bhk': name 're' is not defined
2024-12-23 20:01:44,097 - RealEstateAnalysis.FeatureEngineer - WARNING - Error extracting BHK number from '2 Bhk': name 're' is not defined
2024-12-23 20:01:44,097 - RealEstateAnalysis.FeatureEngineer - WARNING - Error extracting BHK number from '2 Bhk': name 're' is not defined
2024-12-23 20:01:44,097 - RealEstateAnalysis.FeatureEngineer - WARNING - Error extracting BHK number from '2 Bhk': name 're' is not defined
2024-12-23 20:01:44,098 - RealEstateAnalysis.FeatureEngineer - WARNING - Error extracting BHK number from '2 Bhk': name 're' is not defined
2024-12-23 20:01:44,098 - RealEstateAnalysis.FeatureEngineer - WARNING - Error extracting BHK number from '3 Bhk': name 're' is not defined
2024-12-23 20:01:44,098 - RealEstateAnalysis.FeatureEngineer - WARNING - Error extracting BHK number from '2 Bhk': name 're' is not defined
2024-12-23 20:01:44,099 - RealEstateAnalysis.FeatureEngineer - WARNING - Error extracting BHK number from '2 Bhk': name 're' is not defined
2024-12-23 20:01:44,099 - RealEstateAnalysis.FeatureEngineer - WARNING - Error extracting BHK number from '2 Bhk': name 're' is not defined
2024-12-23 20:01:44,101 - RealEstateAnalysis.FeatureEngineer - WARNING - Error extracting BHK number from '3 Bhk': name 're' is not defined
2024-12-23 20:01:44,101 - RealEstateAnalysis.FeatureEngineer - WARNING - Error extracting BHK number from '3 Bhk': name 're' is not defined
2024-12-23 20:01:44,101 - RealEstateAnalysis.FeatureEngineer - WARNING - Error extracting BHK number from '1 Bhk': name 're' is not defined
2024-12-23 20:01:44,101 - RealEstateAnalysis.FeatureEngineer - WARNING - Error extracting BHK number from '2 Bhk': name 're' is not defined
2024-12-23 20:01:44,101 - RealEstateAnalysis.FeatureEngineer - WARNING - Error extracting BHK number from '2 Bhk': name 're' is not defined
2024-12-23 20:01:44,102 - RealEstateAnalysis.FeatureEngineer - WARNING - Error extracting BHK number from '3 Bhk': name 're' is not defined
2024-12-23 20:01:44,102 - RealEstateAnalysis.FeatureEngineer - WARNING - Error extracting BHK number from '2 Bhk': name 're' is not defined
2024-12-23 20:01:44,102 - RealEstateAnalysis.FeatureEngineer - WARNING - Error extracting BHK number from '2 Bhk': name 're' is not defined
2024-12-23 20:01:44,102 - RealEstateAnalysis.FeatureEngineer - WARNING - Error extracting BHK number from '2 Bhk': name 're' is not defined
2024-12-23 20:01:44,103 - RealEstateAnalysis.FeatureEngineer - WARNING - Error extracting BHK number from '3 Bhk': name 're' is not defined
2024-12-23 20:01:44,103 - RealEstateAnalysis.FeatureEngineer - WARNING - Error extracting BHK number from '4 Bhk': name 're' is not defined
2024-12-23 20:01:44,103 - RealEstateAnalysis.FeatureEngineer - WARNING - Error extracting BHK number from '5 Bhk': name 're' is not defined
2024-12-23 20:01:44,103 - RealEstateAnalysis.FeatureEngineer - WARNING - Error extracting BHK number from '2 Bhk': name 're' is not defined
2024-12-23 20:01:44,105 - RealEstateAnalysis.FeatureEngineer - WARNING - Error extracting BHK number from '2 Bhk': name 're' is not defined
2024-12-23 20:01:44,105 - RealEstateAnalysis.FeatureEngineer - WARNING - Error extracting BHK number from '5 Bhk': name 're' is not defined
2024-12-23 20:01:44,105 - RealEstateAnalysis.FeatureEngineer - WARNING - Error extracting BHK number from '2 Bhk': name 're' is not defined
2024-12-23 20:01:44,105 - RealEstateAnalysis.FeatureEngineer - WARNING - Error extracting BHK number from '2 Bhk': name 're' is not defined
2024-12-23 20:01:44,105 - RealEstateAnalysis.FeatureEngineer - WARNING - Error extracting BHK number from '2 Bhk': name 're' is not defined
2024-12-23 20:01:44,105 - RealEstateAnalysis.FeatureEngineer - WARNING - Error extracting BHK number from '2 Bhk': name 're' is not defined
2024-12-23 20:01:44,105 - RealEstateAnalysis.FeatureEngineer - WARNING - Error extracting BHK number from '2 Bhk': name 're' is not defined
2024-12-23 20:01:44,105 - RealEstateAnalysis.FeatureEngineer - WARNING - Error extracting BHK number from '2 Bhk': name 're' is not defined
2024-12-23 20:01:44,106 - RealEstateAnalysis.FeatureEngineer - WARNING - Error extracting BHK number from '3 Bhk': name 're' is not defined
2024-12-23 20:01:44,106 - RealEstateAnalysis.FeatureEngineer - WARNING - Error extracting BHK number from '3 Bhk': name 're' is not defined
2024-12-23 20:01:44,106 - RealEstateAnalysis.FeatureEngineer - WARNING - Error extracting BHK number from '3 Bhk': name 're' is not defined
2024-12-23 20:01:44,106 - RealEstateAnalysis.FeatureEngineer - WARNING - Error extracting BHK number from '1 Bhk': name 're' is not defined
2024-12-23 20:01:44,107 - RealEstateAnalysis.FeatureEngineer - WARNING - Error extracting BHK number from '2 Bhk': name 're' is not defined
2024-12-23 20:01:44,107 - RealEstateAnalysis.FeatureEngineer - WARNING - Error extracting BHK number from '2 Bhk': name 're' is not defined
2024-12-23 20:01:44,107 - RealEstateAnalysis.FeatureEngineer - WARNING - Error extracting BHK number from '2 Bhk': name 're' is not defined
2024-12-23 20:01:44,107 - RealEstateAnalysis.FeatureEngineer - WARNING - Error extracting BHK number from '3 Bhk': name 're' is not defined
2024-12-23 20:01:44,107 - RealEstateAnalysis.FeatureEngineer - WARNING - Error extracting BHK number from '2 Bhk': name 're' is not defined
2024-12-23 20:01:44,108 - RealEstateAnalysis.FeatureEngineer - WARNING - Error extracting BHK number from '2 Bhk': name 're' is not defined
2024-12-23 20:01:44,108 - RealEstateAnalysis.FeatureEngineer - WARNING - Error extracting BHK number from '2 Bhk': name 're' is not defined
2024-12-23 20:01:44,108 - RealEstateAnalysis.FeatureEngineer - WARNING - Error extracting BHK number from '2 Bhk': name 're' is not defined
2024-12-23 20:01:44,108 - RealEstateAnalysis.FeatureEngineer - WARNING - Error extracting BHK number from '2 Bhk': name 're' is not defined
2024-12-23 20:01:44,109 - RealEstateAnalysis.FeatureEngineer - WARNING - Error extracting BHK number from '2 Bhk': name 're' is not defined
2024-12-23 20:01:44,109 - RealEstateAnalysis.FeatureEngineer - WARNING - Error extracting BHK number from '2 Bhk': name 're' is not defined
2024-12-23 20:01:44,109 - RealEstateAnalysis.FeatureEngineer - WARNING - Error extracting BHK number from '3 Bhk': name 're' is not defined
2024-12-23 20:01:44,109 - RealEstateAnalysis.FeatureEngineer - WARNING - Error extracting BHK number from '3 Bhk': name 're' is not defined
2024-12-23 20:01:44,110 - RealEstateAnalysis.FeatureEngineer - WARNING - Error extracting BHK number from '2 Bhk': name 're' is not defined
2024-12-23 20:01:44,110 - RealEstateAnalysis.FeatureEngineer - WARNING - Error extracting BHK number from '2 Bhk': name 're' is not defined
2024-12-23 20:01:44,111 - RealEstateAnalysis.FeatureEngineer - WARNING - Error extracting BHK number from '2 Bhk': name 're' is not defined
2024-12-23 20:01:44,111 - RealEstateAnalysis.FeatureEngineer - WARNING - Error extracting BHK number from '3 Bhk': name 're' is not defined
2024-12-23 20:01:44,111 - RealEstateAnalysis.FeatureEngineer - WARNING - Error extracting BHK number from '3 Bhk': name 're' is not defined
2024-12-23 20:01:44,111 - RealEstateAnalysis.FeatureEngineer - WARNING - Error extracting BHK number from '3 Bhk': name 're' is not defined
2024-12-23 20:01:44,112 - RealEstateAnalysis.FeatureEngineer - WARNING - Error extracting BHK number from '1 Bhk': name 're' is not defined
2024-12-23 20:01:44,112 - RealEstateAnalysis.FeatureEngineer - WARNING - Error extracting BHK number from '2 Bhk': name 're' is not defined
2024-12-23 20:01:44,112 - RealEstateAnalysis.FeatureEngineer - WARNING - Error extracting BHK number from '2 Bhk': name 're' is not defined
2024-12-23 20:01:44,113 - RealEstateAnalysis.FeatureEngineer - WARNING - Error extracting BHK number from '2 Bhk': name 're' is not defined
2024-12-23 20:01:44,113 - RealEstateAnalysis.FeatureEngineer - WARNING - Error extracting BHK number from '3 Bhk': name 're' is not defined
2024-12-23 20:01:44,113 - RealEstateAnalysis.FeatureEngineer - WARNING - Error extracting BHK number from '3 Bhk': name 're' is not defined
2024-12-23 20:01:44,114 - RealEstateAnalysis.FeatureEngineer - WARNING - Error extracting BHK number from '3 Bhk': name 're' is not defined
2024-12-23 20:01:44,114 - RealEstateAnalysis.FeatureEngineer - WARNING - Error extracting BHK number from '4 Bhk': name 're' is not defined
2024-12-23 20:01:44,115 - RealEstateAnalysis.FeatureEngineer - WARNING - Error extracting BHK number from '2 Bhk': name 're' is not defined
2024-12-23 20:01:44,115 - RealEstateAnalysis.FeatureEngineer - WARNING - Error extracting BHK number from '3 Bhk': name 're' is not defined
2024-12-23 20:01:44,115 - RealEstateAnalysis.FeatureEngineer - WARNING - Error extracting BHK number from '2 Bhk': name 're' is not defined
2024-12-23 20:01:44,115 - RealEstateAnalysis.FeatureEngineer - WARNING - Error extracting BHK number from '3 Bhk': name 're' is not defined
2024-12-23 20:01:44,116 - RealEstateAnalysis.FeatureEngineer - WARNING - Error extracting BHK number from '2 Bhk': name 're' is not defined
2024-12-23 20:01:44,116 - RealEstateAnalysis.FeatureEngineer - WARNING - Error extracting BHK number from '2 Bhk': name 're' is not defined
2024-12-23 20:01:44,116 - RealEstateAnalysis.FeatureEngineer - WARNING - Error extracting BHK number from '2 Bhk': name 're' is not defined
2024-12-23 20:01:44,117 - RealEstateAnalysis.FeatureEngineer - WARNING - Error extracting BHK number from '1 Bhk': name 're' is not defined
2024-12-23 20:01:44,117 - RealEstateAnalysis.FeatureEngineer - WARNING - Error extracting BHK number from '1 Bhk': name 're' is not defined
2024-12-23 20:01:44,117 - RealEstateAnalysis.FeatureEngineer - WARNING - Error extracting BHK number from '2 Bhk': name 're' is not defined
2024-12-23 20:01:44,117 - RealEstateAnalysis.FeatureEngineer - WARNING - Error extracting BHK number from '2 Bhk': name 're' is not defined
2024-12-23 20:01:44,118 - RealEstateAnalysis.FeatureEngineer - WARNING - Error extracting BHK number from '2 Bhk': name 're' is not defined
2024-12-23 20:01:44,118 - RealEstateAnalysis.FeatureEngineer - WARNING - Error extracting BHK number from '2 Bhk': name 're' is not defined
2024-12-23 20:01:44,118 - RealEstateAnalysis.FeatureEngineer - WARNING - Error extracting BHK number from '3 Bhk': name 're' is not defined
2024-12-23 20:01:44,118 - RealEstateAnalysis.FeatureEngineer - WARNING - Error extracting BHK number from '3.5 Bhk': name 're' is not defined
2024-12-23 20:01:44,119 - RealEstateAnalysis.FeatureEngineer - WARNING - Error extracting BHK number from '4.5 Bhk': name 're' is not defined
2024-12-23 20:01:44,119 - RealEstateAnalysis.FeatureEngineer - WARNING - Error extracting BHK number from '1 Bhk': name 're' is not defined
2024-12-23 20:01:44,119 - RealEstateAnalysis.FeatureEngineer - WARNING - Error extracting BHK number from '1 Bhk': name 're' is not defined
2024-12-23 20:01:44,119 - RealEstateAnalysis.FeatureEngineer - WARNING - Error extracting BHK number from '1 Bhk': name 're' is not defined
2024-12-23 20:01:44,120 - RealEstateAnalysis.FeatureEngineer - WARNING - Error extracting BHK number from '2 Bhk': name 're' is not defined
2024-12-23 20:01:44,120 - RealEstateAnalysis.FeatureEngineer - WARNING - Error extracting BHK number from '2 Bhk': name 're' is not defined
2024-12-23 20:01:44,120 - RealEstateAnalysis.FeatureEngineer - WARNING - Error extracting BHK number from '2 Bhk': name 're' is not defined
2024-12-23 20:01:44,120 - RealEstateAnalysis.FeatureEngineer - WARNING - Error extracting BHK number from '1 Bhk': name 're' is not defined
2024-12-23 20:01:44,121 - RealEstateAnalysis.FeatureEngineer - WARNING - Error extracting BHK number from '2 Bhk': name 're' is not defined
2024-12-23 20:01:44,121 - RealEstateAnalysis.FeatureEngineer - WARNING - Error extracting BHK number from '2 Bhk': name 're' is not defined
2024-12-23 20:01:44,121 - RealEstateAnalysis.FeatureEngineer - WARNING - Error extracting BHK number from '3 Bhk': name 're' is not defined
2024-12-23 20:01:44,121 - RealEstateAnalysis.FeatureEngineer - WARNING - Error extracting BHK number from '3 Bhk': name 're' is not defined
2024-12-23 20:01:44,122 - RealEstateAnalysis.FeatureEngineer - WARNING - Error extracting BHK number from '4 Bhk': name 're' is not defined
2024-12-23 20:01:44,122 - RealEstateAnalysis.FeatureEngineer - WARNING - Error extracting BHK number from '2 Bhk': name 're' is not defined
2024-12-23 20:01:44,122 - RealEstateAnalysis.FeatureEngineer - WARNING - Error extracting BHK number from '3 Bhk': name 're' is not defined
2024-12-23 20:01:44,122 - RealEstateAnalysis.FeatureEngineer - WARNING - Error extracting BHK number from '2 Bhk': name 're' is not defined
2024-12-23 20:01:44,123 - RealEstateAnalysis.FeatureEngineer - INFO - Initial shape: (200, 16)
2024-12-23 20:01:44,123 - RealEstateAnalysis.FeatureEngineer - INFO - Processing description text with TF-IDF
2024-12-23 20:01:44,136 - RealEstateAnalysis.FeatureEngineer - INFO - Created 10 TF-IDF features
2024-12-23 20:01:44,137 - RealEstateAnalysis.FeatureEngineer - INFO - Shape after description processing: (200, 26)
2024-12-23 20:01:44,137 - RealEstateAnalysis.FeatureEngineer - INFO - Handling categorical features
2024-12-23 20:01:44,139 - RealEstateAnalysis.FeatureEngineer - INFO - Shape after categorical handling: (200, 26)
2024-12-23 20:01:44,141 - RealEstateAnalysis.FeatureEngineer - INFO - Filled NaN values in BHK_number with median: 0.0
2024-12-23 20:01:44,142 - RealEstateAnalysis.FeatureEngineer - INFO - Feature engineering completed successfully
2024-12-23 20:01:44,142 - RealEstateAnalysis.FeatureEngineer - INFO - Final engineered data shape: (200, 25)
2024-12-23 20:01:44,143 - RealEstateAnalysis - INFO - Shape after feature engineering: (200, 25)
2024-12-23 20:01:44,143 - RealEstateAnalysis - INFO - Cleaning data...
2024-12-23 20:01:44,144 - RealEstateAnalysis - INFO - Shape before NaN removal: (200, 25)
2024-12-23 20:01:44,144 - RealEstateAnalysis - INFO - Shape after NaN removal: (200, 25)
2024-12-23 20:01:44,144 - RealEstateAnalysis - INFO - 
Final columns before splitting:
2024-12-23 20:01:44,144 - RealEstateAnalysis - INFO - - Sub-Area
- Propert Type
- Property Area in Sq. Ft.
- Price in lakhs
- Company Name
- TownShip Name/ Society Name
- ClubHouse
- School / University in Township 
- Hospital in TownShip
- Mall in TownShip
- Park / Jogging track
- Swimming Pool
- Gym
- Price_sub-area
- BHK_number
- 29 gold
- bedroom apartment
- boasts elegant
- community living
- elegant towers
- mantra 29
- offering bedroom
- project boasts
- project offers
- stories offering
2024-12-23 20:01:44,146 - RealEstateAnalysis - INFO - 
Total number of features: 24
2024-12-23 20:01:44,148 - RealEstateAnalysis - INFO - 
Sample of first few features (first 5 rows):
2024-12-23 20:01:44,155 - RealEstateAnalysis - INFO - 
   Sub-Area  Propert Type  Property Area in Sq. Ft.  Company Name  TownShip Name/ Society Name  ClubHouse  School / University in Township   Hospital in TownShip  Mall in TownShip  Park / Jogging track  Swimming Pool  Gym  Price_sub-area  BHK_number  29 gold  bedroom apartment  boasts elegant  community living  elegant towers  mantra 29  offering bedroom  project boasts  project offers  stories offering
0         3             0                     492.0            23                           50          1                                 1                     1                 1                     1              1    1       58.044000         0.0      0.0                0.0             0.0               0.0             0.0        0.0               0.0             0.0             0.0               0.0
1         3             1                     774.0            23                           50          1                                 1                     1                 1                     1              1    1       58.044000         0.0      0.0                0.0             0.0               0.0             0.0        0.0               0.0             0.0             0.0               0.0
2         3             3                     889.0            23                           50          1                                 1                     1                 1                     1              1    1       58.044000         0.0      0.0                0.0             0.0               0.0             0.0        0.0               0.0             0.0             0.0               0.0
3         3             4                    1018.0            23                           50          1                                 1                     1                 1                     1              1    1       58.044000         0.0      0.0                0.0             0.0               0.0             0.0        0.0               0.0             0.0             0.0               0.0
4        20             1                     743.0             5                           12          1                                 1                     1                 1                     1              1    1       73.555556         0.0      0.0                0.0             0.0               0.0             0.0        0.0               0.0             0.0             0.0               0.0
2024-12-23 20:01:44,157 - RealEstateAnalysis - INFO - Final X shape: (200, 24)
2024-12-23 20:01:44,158 - RealEstateAnalysis - INFO - Final y shape: (200,)
2024-12-23 20:01:44,158 - RealEstateAnalysis - INFO - Splitting data...
2024-12-23 20:01:44,158 - RealEstateAnalysis.ModelTrainer - INFO - Splitting data with test_size=0.2
2024-12-23 20:01:44,159 - RealEstateAnalysis.ModelTrainer - INFO - Train set size: (160, 24), Test set size: (40, 24)
2024-12-23 20:01:44,160 - RealEstateAnalysis - INFO - Training set shape: (160, 24)
2024-12-23 20:01:44,160 - RealEstateAnalysis - INFO - Test set shape: (40, 24)
2024-12-23 20:01:44,160 - RealEstateAnalysis - INFO - Training models...
2024-12-23 20:01:44,160 - RealEstateAnalysis.ModelTrainer - INFO - Starting model training
2024-12-23 20:01:44,160 - RealEstateAnalysis.ModelTrainer - INFO - Training XGBoost
2024-12-23 20:01:45,018 - RealEstateAnalysis.ModelTrainer - INFO - XGBoost training completed
2024-12-23 20:01:45,018 - RealEstateAnalysis.ModelTrainer - INFO - Training LightGBM
2024-12-23 20:01:45,161 - RealEstateAnalysis.ModelTrainer - INFO - LightGBM training completed
2024-12-23 20:01:45,161 - RealEstateAnalysis.ModelTrainer - INFO - Training MLP
2024-12-23 20:01:46,085 - RealEstateAnalysis.ModelTrainer - INFO - MLP training completed
2024-12-23 20:01:46,085 - RealEstateAnalysis.ModelTrainer - INFO - Training Lasso
2024-12-23 20:01:46,088 - RealEstateAnalysis.ModelTrainer - INFO - Lasso training completed
2024-12-23 20:01:46,089 - RealEstateAnalysis.ModelTrainer - INFO - Training Ridge
2024-12-23 20:01:46,090 - RealEstateAnalysis.ModelTrainer - INFO - Ridge training completed
2024-12-23 20:01:46,090 - RealEstateAnalysis.ModelTrainer - INFO - Training CatBoost
2024-12-23 20:01:46,375 - RealEstateAnalysis.ModelTrainer - INFO - CatBoost training completed
2024-12-23 20:01:46,375 - RealEstateAnalysis - INFO - Evaluating models...
2024-12-23 20:01:46,376 - RealEstateAnalysis.ModelEvaluator - INFO - Starting evaluation of all models
2024-12-23 20:01:46,376 - RealEstateAnalysis.ModelEvaluator - INFO - Evaluating XGBoost
2024-12-23 20:01:46,400 - RealEstateAnalysis.ModelEvaluator - INFO - XGBoost evaluation completed
2024-12-23 20:01:46,401 - RealEstateAnalysis.ModelEvaluator - INFO - Train metrics - MAE: 0.01, RMSE: 0.02, R2: 1.0000
2024-12-23 20:01:46,401 - RealEstateAnalysis.ModelEvaluator - INFO - Test metrics - MAE: 6.68, RMSE: 9.41, R2: 0.9592
2024-12-23 20:01:46,401 - RealEstateAnalysis.ModelEvaluator - INFO - Evaluating LightGBM
2024-12-23 20:01:46,410 - RealEstateAnalysis.ModelEvaluator - INFO - LightGBM evaluation completed
2024-12-23 20:01:46,411 - RealEstateAnalysis.ModelEvaluator - INFO - Train metrics - MAE: 7.06, RMSE: 10.04, R2: 0.9470
2024-12-23 20:01:46,412 - RealEstateAnalysis.ModelEvaluator - INFO - Test metrics - MAE: 7.79, RMSE: 10.84, R2: 0.9458
2024-12-23 20:01:46,412 - RealEstateAnalysis.ModelEvaluator - INFO - Evaluating MLP
2024-12-23 20:01:46,420 - RealEstateAnalysis.ModelEvaluator - INFO - MLP evaluation completed
2024-12-23 20:01:46,420 - RealEstateAnalysis.ModelEvaluator - INFO - Train metrics - MAE: 8.42, RMSE: 13.05, R2: 0.9103
2024-12-23 20:01:46,421 - RealEstateAnalysis.ModelEvaluator - INFO - Test metrics - MAE: 10.67, RMSE: 13.54, R2: 0.9154
2024-12-23 20:01:46,421 - RealEstateAnalysis.ModelEvaluator - INFO - Evaluating Lasso
2024-12-23 20:01:46,426 - RealEstateAnalysis.ModelEvaluator - INFO - Lasso evaluation completed
2024-12-23 20:01:46,427 - RealEstateAnalysis.ModelEvaluator - INFO - Train metrics - MAE: 11.08, RMSE: 17.11, R2: 0.8460
2024-12-23 20:01:46,427 - RealEstateAnalysis.ModelEvaluator - INFO - Test metrics - MAE: 10.31, RMSE: 13.75, R2: 0.9128
2024-12-23 20:01:46,427 - RealEstateAnalysis.ModelEvaluator - INFO - Evaluating Ridge
2024-12-23 20:01:46,433 - RealEstateAnalysis.ModelEvaluator - INFO - Ridge evaluation completed
2024-12-23 20:01:46,434 - RealEstateAnalysis.ModelEvaluator - INFO - Train metrics - MAE: 10.83, RMSE: 16.43, R2: 0.8580
2024-12-23 20:01:46,434 - RealEstateAnalysis.ModelEvaluator - INFO - Test metrics - MAE: 9.80, RMSE: 12.79, R2: 0.9246
2024-12-23 20:01:46,434 - RealEstateAnalysis.ModelEvaluator - INFO - Evaluating CatBoost
2024-12-23 20:01:46,445 - RealEstateAnalysis.ModelEvaluator - INFO - CatBoost evaluation completed
2024-12-23 20:01:46,445 - RealEstateAnalysis.ModelEvaluator - INFO - Train metrics - MAE: 1.72, RMSE: 2.22, R2: 0.9974
2024-12-23 20:01:46,446 - RealEstateAnalysis.ModelEvaluator - INFO - Test metrics - MAE: 8.03, RMSE: 12.46, R2: 0.9284
2024-12-23 20:01:46,447 - RealEstateAnalysis.ModelEvaluator - INFO - Model evaluation completed for all models
2024-12-23 20:01:46,447 - RealEstateAnalysis - INFO - 
==================================================
2024-12-23 20:01:46,447 - RealEstateAnalysis - INFO - DETAILED MODEL PERFORMANCE METRICS
2024-12-23 20:01:46,447 - RealEstateAnalysis - INFO - ==================================================
2024-12-23 20:01:46,449 - RealEstateAnalysis - INFO - 
Model: XGBoost
2024-12-23 20:01:46,450 - RealEstateAnalysis - INFO - --------------
2024-12-23 20:01:46,450 - RealEstateAnalysis - INFO - Training Metrics:
2024-12-23 20:01:46,450 - RealEstateAnalysis - INFO -   MAE:  0.01 lakhs
2024-12-23 20:01:46,450 - RealEstateAnalysis - INFO -   RMSE: 0.02 lakhs
2024-12-23 20:01:46,450 - RealEstateAnalysis - INFO -   R2:   1.0000
2024-12-23 20:01:46,451 - RealEstateAnalysis - INFO - 
Test Metrics:
2024-12-23 20:01:46,451 - RealEstateAnalysis - INFO -   MAE:  6.68 lakhs
2024-12-23 20:01:46,451 - RealEstateAnalysis - INFO -   RMSE: 9.41 lakhs
2024-12-23 20:01:46,451 - RealEstateAnalysis - INFO -   R2:   0.9592
2024-12-23 20:01:46,452 - RealEstateAnalysis - INFO - 
Generalization Metrics:
2024-12-23 20:01:46,452 - RealEstateAnalysis - INFO -   RMSE Difference: 9.39 lakhs
2024-12-23 20:01:46,452 - RealEstateAnalysis - INFO -   RMSE Ratio: 480.32
2024-12-23 20:01:46,453 - RealEstateAnalysis - INFO -   R Stability: 0.0408
2024-12-23 20:01:46,453 - RealEstateAnalysis - INFO -   Generalization Score: 201.5135
2024-12-23 20:01:46,455 - RealEstateAnalysis - INFO - 
Model: LightGBM
2024-12-23 20:01:46,456 - RealEstateAnalysis - INFO - ---------------
2024-12-23 20:01:46,456 - RealEstateAnalysis - INFO - Training Metrics:
2024-12-23 20:01:46,456 - RealEstateAnalysis - INFO -   MAE:  7.06 lakhs
2024-12-23 20:01:46,456 - RealEstateAnalysis - INFO -   RMSE: 10.04 lakhs
2024-12-23 20:01:46,457 - RealEstateAnalysis - INFO -   R2:   0.9470
2024-12-23 20:01:46,457 - RealEstateAnalysis - INFO - 
Test Metrics:
2024-12-23 20:01:46,457 - RealEstateAnalysis - INFO -   MAE:  7.79 lakhs
2024-12-23 20:01:46,457 - RealEstateAnalysis - INFO -   RMSE: 10.84 lakhs
2024-12-23 20:01:46,457 - RealEstateAnalysis - INFO -   R2:   0.9458
2024-12-23 20:01:46,458 - RealEstateAnalysis - INFO - 
Generalization Metrics:
2024-12-23 20:01:46,458 - RealEstateAnalysis - INFO -   RMSE Difference: 0.80 lakhs
2024-12-23 20:01:46,458 - RealEstateAnalysis - INFO -   RMSE Ratio: 1.08
2024-12-23 20:01:46,458 - RealEstateAnalysis - INFO -   R Stability: 0.0011
2024-12-23 20:01:46,459 - RealEstateAnalysis - INFO -   Generalization Score: 3.5068
2024-12-23 20:01:46,460 - RealEstateAnalysis - INFO - 
Model: MLP
2024-12-23 20:01:46,461 - RealEstateAnalysis - INFO - ----------
2024-12-23 20:01:46,461 - RealEstateAnalysis - INFO - Training Metrics:
2024-12-23 20:01:46,461 - RealEstateAnalysis - INFO -   MAE:  8.42 lakhs
2024-12-23 20:01:46,462 - RealEstateAnalysis - INFO -   RMSE: 13.05 lakhs
2024-12-23 20:01:46,462 - RealEstateAnalysis - INFO -   R2:   0.9103
2024-12-23 20:01:46,462 - RealEstateAnalysis - INFO - 
Test Metrics:
2024-12-23 20:01:46,463 - RealEstateAnalysis - INFO -   MAE:  10.67 lakhs
2024-12-23 20:01:46,463 - RealEstateAnalysis - INFO -   RMSE: 13.54 lakhs
2024-12-23 20:01:46,464 - RealEstateAnalysis - INFO -   R2:   0.9154
2024-12-23 20:01:46,464 - RealEstateAnalysis - INFO - 
Generalization Metrics:
2024-12-23 20:01:46,464 - RealEstateAnalysis - INFO -   RMSE Difference: 0.49 lakhs
2024-12-23 20:01:46,464 - RealEstateAnalysis - INFO -   RMSE Ratio: 1.04
2024-12-23 20:01:46,464 - RealEstateAnalysis - INFO -   R Stability: 0.0051
2024-12-23 20:01:46,465 - RealEstateAnalysis - INFO -   Generalization Score: 4.2188
2024-12-23 20:01:46,466 - RealEstateAnalysis - INFO - 
Model: Lasso
2024-12-23 20:01:46,466 - RealEstateAnalysis - INFO - ------------
2024-12-23 20:01:46,467 - RealEstateAnalysis - INFO - Training Metrics:
2024-12-23 20:01:46,467 - RealEstateAnalysis - INFO -   MAE:  11.08 lakhs
2024-12-23 20:01:46,467 - RealEstateAnalysis - INFO -   RMSE: 17.11 lakhs
2024-12-23 20:01:46,468 - RealEstateAnalysis - INFO -   R2:   0.8460
2024-12-23 20:01:46,468 - RealEstateAnalysis - INFO - 
Test Metrics:
2024-12-23 20:01:46,468 - RealEstateAnalysis - INFO -   MAE:  10.31 lakhs
2024-12-23 20:01:46,469 - RealEstateAnalysis - INFO -   RMSE: 13.75 lakhs
2024-12-23 20:01:46,469 - RealEstateAnalysis - INFO -   R2:   0.9128
2024-12-23 20:01:46,469 - RealEstateAnalysis - INFO - 
Generalization Metrics:
2024-12-23 20:01:46,469 - RealEstateAnalysis - INFO -   RMSE Difference: 3.36 lakhs
2024-12-23 20:01:46,470 - RealEstateAnalysis - INFO -   RMSE Ratio: 1.24
2024-12-23 20:01:46,470 - RealEstateAnalysis - INFO -   R Stability: 0.0668
2024-12-23 20:01:46,470 - RealEstateAnalysis - INFO -   Generalization Score: 5.1941
2024-12-23 20:01:46,471 - RealEstateAnalysis - INFO - 
Model: Ridge
2024-12-23 20:01:46,472 - RealEstateAnalysis - INFO - ------------
2024-12-23 20:01:46,472 - RealEstateAnalysis - INFO - Training Metrics:
2024-12-23 20:01:46,472 - RealEstateAnalysis - INFO -   MAE:  10.83 lakhs
2024-12-23 20:01:46,473 - RealEstateAnalysis - INFO -   RMSE: 16.43 lakhs
2024-12-23 20:01:46,473 - RealEstateAnalysis - INFO -   R2:   0.8580
2024-12-23 20:01:46,473 - RealEstateAnalysis - INFO - 
Test Metrics:
2024-12-23 20:01:46,473 - RealEstateAnalysis - INFO -   MAE:  9.80 lakhs
2024-12-23 20:01:46,473 - RealEstateAnalysis - INFO -   RMSE: 12.79 lakhs
2024-12-23 20:01:46,474 - RealEstateAnalysis - INFO -   R2:   0.9246
2024-12-23 20:01:46,474 - RealEstateAnalysis - INFO - 
Generalization Metrics:
2024-12-23 20:01:46,474 - RealEstateAnalysis - INFO -   RMSE Difference: 3.64 lakhs
2024-12-23 20:01:46,474 - RealEstateAnalysis - INFO -   RMSE Ratio: 1.28
2024-12-23 20:01:46,475 - RealEstateAnalysis - INFO -   R Stability: 0.0666
2024-12-23 20:01:46,475 - RealEstateAnalysis - INFO -   Generalization Score: 4.9983
2024-12-23 20:01:46,476 - RealEstateAnalysis - INFO - 
Model: CatBoost
2024-12-23 20:01:46,476 - RealEstateAnalysis - INFO - ---------------
2024-12-23 20:01:46,477 - RealEstateAnalysis - INFO - Training Metrics:
2024-12-23 20:01:46,477 - RealEstateAnalysis - INFO -   MAE:  1.72 lakhs
2024-12-23 20:01:46,478 - RealEstateAnalysis - INFO -   RMSE: 2.22 lakhs
2024-12-23 20:01:46,478 - RealEstateAnalysis - INFO -   R2:   0.9974
2024-12-23 20:01:46,478 - RealEstateAnalysis - INFO - 
Test Metrics:
2024-12-23 20:01:46,479 - RealEstateAnalysis - INFO -   MAE:  8.03 lakhs
2024-12-23 20:01:46,479 - RealEstateAnalysis - INFO -   RMSE: 12.46 lakhs
2024-12-23 20:01:46,479 - RealEstateAnalysis - INFO -   R2:   0.9284
2024-12-23 20:01:46,480 - RealEstateAnalysis - INFO - 
Generalization Metrics:
2024-12-23 20:01:46,480 - RealEstateAnalysis - INFO -   RMSE Difference: 10.24 lakhs
2024-12-23 20:01:46,480 - RealEstateAnalysis - INFO -   RMSE Ratio: 5.62
2024-12-23 20:01:46,481 - RealEstateAnalysis - INFO -   R Stability: 0.0690
2024-12-23 20:01:46,481 - RealEstateAnalysis - INFO -   Generalization Score: 107.7489
2024-12-23 20:01:46,486 - RealEstateAnalysis - INFO - 
Model Comparison Results (saved to reports/model_comparison.csv):
2024-12-23 20:01:46,490 - RealEstateAnalysis - INFO - 
      Model  Train MAE  Train RMSE  Train R2   Test MAE  Test RMSE   Test R2  Generalization Score
1  LightGBM   7.055888   10.039001  0.946960   7.789417  10.837336  0.945841              3.506830
2       MLP   8.416412   13.053114  0.910329  10.666956  13.543630  0.915415              4.218777
4     Ridge  10.833686   16.426829  0.857987   9.802418  12.787600  0.924595              4.998289
3     Lasso  11.081460   17.106561  0.845991  10.309981  13.751449  0.912799              5.194126
5  CatBoost   1.722115    2.218457  0.997410   8.027743  12.461870  0.928387            107.748861
0   XGBoost   0.014141    0.019592  1.000000   6.681264   9.410381  0.959164            201.513503
2024-12-23 20:01:46,490 - RealEstateAnalysis - INFO - 
==================================================
2024-12-23 20:01:46,491 - RealEstateAnalysis - INFO - Best Model (Most Robust): LightGBM
2024-12-23 20:01:46,491 - RealEstateAnalysis - INFO - Generalization Score: 3.5068
2024-12-23 20:01:46,491 - RealEstateAnalysis - INFO - ==================================================
2024-12-23 20:01:46,491 - RealEstateAnalysis - INFO - 
Model Selection Criteria:
2024-12-23 20:01:46,492 - RealEstateAnalysis - INFO - 1. Test Performance (40% weight)
2024-12-23 20:01:46,492 - RealEstateAnalysis - INFO - 2. RMSE Stability - difference between train and test (30% weight)
2024-12-23 20:01:46,492 - RealEstateAnalysis - INFO - 3. Training-Test Ratio - how close train and test metrics are (30% weight)
2024-12-23 20:01:46,492 - RealEstateAnalysis - INFO - 
Lower generalization score indicates:
2024-12-23 20:01:46,493 - RealEstateAnalysis - INFO - - Good test performance
2024-12-23 20:01:46,493 - RealEstateAnalysis - INFO - - Consistent performance between training and test sets
2024-12-23 20:01:46,493 - RealEstateAnalysis - INFO - - Better generalization to new data
2024-12-23 20:01:46,494 - RealEstateAnalysis - INFO - 
Calculating prediction intervals...
2024-12-23 20:01:46,494 - RealEstateAnalysis.ModelEvaluator - INFO - Calculating prediction intervals with 95.0% confidence
2024-12-23 20:01:46,498 - RealEstateAnalysis.ModelEvaluator - INFO - Average margin of error: 21.22 lakhs
2024-12-23 20:01:46,501 - RealEstateAnalysis - INFO - 
Prediction Error Statistics:
2024-12-23 20:01:46,501 - RealEstateAnalysis - INFO - Average Error: 7.79 lakhs
2024-12-23 20:01:46,502 - RealEstateAnalysis - INFO - Error Std: 7.63 lakhs
2024-12-23 20:01:46,502 - RealEstateAnalysis - INFO - 90th Percentile Error: 14.67 lakhs
2024-12-23 20:01:46,502 - RealEstateAnalysis - INFO - Median Error: 5.91 lakhs
2024-12-23 20:01:46,503 - RealEstateAnalysis - INFO - Generating visualizations...
2024-12-23 20:01:46,503 - RealEstateAnalysis.DataVisualizer - INFO - Creating price distribution plot
2024-12-23 20:01:46,959 - RealEstateAnalysis.DataVisualizer - INFO - Saved plot to reports/figures\price_distribution.png
2024-12-23 20:01:46,959 - RealEstateAnalysis.DataVisualizer - INFO - Creating area distribution plot
2024-12-23 20:01:47,213 - RealEstateAnalysis.DataVisualizer - INFO - Saved plot to reports/figures\area_distribution.png
2024-12-23 20:01:47,214 - RealEstateAnalysis.DataVisualizer - INFO - Creating price by property type plot
2024-12-23 20:01:47,575 - RealEstateAnalysis.DataVisualizer - INFO - Saved plot to reports/figures\price_by_property_type.png
2024-12-23 20:01:47,575 - RealEstateAnalysis.DataVisualizer - INFO - Creating model results plots
2024-12-23 20:01:47,997 - RealEstateAnalysis.DataVisualizer - INFO - Saved plot to reports/figures\model_results.png
2024-12-23 20:01:47,998 - RealEstateAnalysis.DataVisualizer - INFO - Creating amenities analysis plot
2024-12-23 20:01:48,433 - RealEstateAnalysis.DataVisualizer - INFO - Saved plot to reports/figures\amenities_analysis.png
2024-12-23 20:01:48,433 - RealEstateAnalysis - INFO - 
Pipeline completed successfully in 4.71 seconds
2024-12-23 20:01:48,434 - RealEstateAnalysis - INFO - 
Results have been saved in:
2024-12-23 20:01:48,434 - RealEstateAnalysis - INFO - - reports/model_comparison.csv (Model performance comparison)
2024-12-23 20:01:48,434 - RealEstateAnalysis - INFO - - reports/detailed_predictions.csv (Detailed predictions)
2024-12-23 20:01:48,434 - RealEstateAnalysis - INFO - - reports/figures/ (Visualizations)
