2024-12-23 19:32:22,918 - RealEstateAnalysis - INFO - Logger initialized. Log file: logs\real_estate_analysis_20241223_193222.log
2024-12-23 19:32:22,919 - RealEstateAnalysis - INFO - Starting Real Estate Analysis Pipeline
2024-12-23 19:32:22,919 - RealEstateAnalysis - INFO - Initializing components...
2024-12-23 19:32:22,919 - RealEstateAnalysis.ModelTrainer - INFO - Initializing models
2024-12-23 19:32:22,920 - RealEstateAnalysis - INFO - Starting data preprocessing...
2024-12-23 19:32:22,921 - RealEstateAnalysis.DataPreprocessor - INFO - Starting data preprocessing pipeline
2024-12-23 19:32:22,921 - RealEstateAnalysis.DataPreprocessor - INFO - Loading data from data/raw/Pune_Real_Estate_Data_1.xlsx
2024-12-23 19:32:23,220 - RealEstateAnalysis.DataPreprocessor - INFO - Successfully loaded data with shape: (200, 18)
2024-12-23 19:32:23,221 - RealEstateAnalysis.DataPreprocessor - INFO - Removing unnecessary features
2024-12-23 19:32:23,222 - RealEstateAnalysis.DataPreprocessor - INFO - Removed columns: {'Price in Millions', 'Sr. No.', 'Total TownShip Area in Acres', 'Location'}
2024-12-23 19:32:23,222 - RealEstateAnalysis.DataPreprocessor - INFO - Processing Price column
2024-12-23 19:32:23,223 - RealEstateAnalysis.DataPreprocessor - INFO - NaN values in Price column: 1
2024-12-23 19:32:23,224 - RealEstateAnalysis.DataPreprocessor - INFO - Filled NaN prices with median: 70.0
2024-12-23 19:32:23,224 - RealEstateAnalysis.DataPreprocessor - INFO - Cleaning Property Area column
2024-12-23 19:32:23,225 - RealEstateAnalysis.DataPreprocessor - INFO - Cleaning Property Type column
2024-12-23 19:32:23,226 - RealEstateAnalysis.DataPreprocessor - INFO - Cleaning text columns
2024-12-23 19:32:23,232 - RealEstateAnalysis.DataPreprocessor - INFO - Converting binary features
2024-12-23 19:32:23,239 - RealEstateAnalysis.DataPreprocessor - INFO - Handling outliers
2024-12-23 19:32:23,240 - RealEstateAnalysis.DataPreprocessor - INFO - Processing outliers for column: Property Area in Sq. Ft.
2024-12-23 19:32:23,241 - RealEstateAnalysis.DataPreprocessor - INFO - Property Area in Sq. Ft. bounds - Lower: 113.00, Upper: 1671.80
2024-12-23 19:32:23,242 - RealEstateAnalysis.DataPreprocessor - INFO - Number of outliers in Property Area in Sq. Ft.: 10
2024-12-23 19:32:23,243 - RealEstateAnalysis.DataPreprocessor - INFO - Processing outliers for column: Price in lakhs
2024-12-23 19:32:23,244 - RealEstateAnalysis.DataPreprocessor - INFO - Price in lakhs bounds - Lower: 13.19, Upper: 189.15
2024-12-23 19:32:23,245 - RealEstateAnalysis.DataPreprocessor - INFO - Number of outliers in Price in lakhs: 10
2024-12-23 19:32:23,246 - RealEstateAnalysis.DataPreprocessor - INFO - Data preprocessing completed successfully
2024-12-23 19:32:23,246 - RealEstateAnalysis.DataPreprocessor - INFO - Final preprocessed data shape: (200, 14)
2024-12-23 19:32:23,246 - RealEstateAnalysis - INFO - Shape after preprocessing: (200, 14)
2024-12-23 19:32:23,246 - RealEstateAnalysis - INFO - Engineering features...
2024-12-23 19:32:23,246 - RealEstateAnalysis.FeatureEngineer - INFO - Starting feature engineering pipeline
2024-12-23 19:32:23,247 - RealEstateAnalysis.FeatureEngineer - INFO - Creating price by sub-area feature
2024-12-23 19:32:23,248 - RealEstateAnalysis.FeatureEngineer - INFO - Extracting BHK numbers
2024-12-23 19:32:23,248 - RealEstateAnalysis.FeatureEngineer - WARNING - Error extracting BHK number from '1 Bhk': name 're' is not defined
2024-12-23 19:32:23,248 - RealEstateAnalysis.FeatureEngineer - WARNING - Error extracting BHK number from '2 Bhk': name 're' is not defined
2024-12-23 19:32:23,249 - RealEstateAnalysis.FeatureEngineer - WARNING - Error extracting BHK number from '3 Bhk': name 're' is not defined
2024-12-23 19:32:23,249 - RealEstateAnalysis.FeatureEngineer - WARNING - Error extracting BHK number from '3 Bhkgrand': name 're' is not defined
2024-12-23 19:32:23,249 - RealEstateAnalysis.FeatureEngineer - WARNING - Error extracting BHK number from '2 Bhk': name 're' is not defined
2024-12-23 19:32:23,249 - RealEstateAnalysis.FeatureEngineer - WARNING - Error extracting BHK number from '3 Bhk': name 're' is not defined
2024-12-23 19:32:23,250 - RealEstateAnalysis.FeatureEngineer - WARNING - Error extracting BHK number from '2 Bhk': name 're' is not defined
2024-12-23 19:32:23,250 - RealEstateAnalysis.FeatureEngineer - WARNING - Error extracting BHK number from '3 Bhk': name 're' is not defined
2024-12-23 19:32:23,250 - RealEstateAnalysis.FeatureEngineer - WARNING - Error extracting BHK number from '2 Bhk': name 're' is not defined
2024-12-23 19:32:23,250 - RealEstateAnalysis.FeatureEngineer - WARNING - Error extracting BHK number from '3 Bhk': name 're' is not defined
2024-12-23 19:32:23,251 - RealEstateAnalysis.FeatureEngineer - WARNING - Error extracting BHK number from '4 Bhk': name 're' is not defined
2024-12-23 19:32:23,251 - RealEstateAnalysis.FeatureEngineer - WARNING - Error extracting BHK number from '5 Bhk': name 're' is not defined
2024-12-23 19:32:23,251 - RealEstateAnalysis.FeatureEngineer - WARNING - Error extracting BHK number from '6 Bhk': name 're' is not defined
2024-12-23 19:32:23,251 - RealEstateAnalysis.FeatureEngineer - WARNING - Error extracting BHK number from '2 Bhk': name 're' is not defined
2024-12-23 19:32:23,252 - RealEstateAnalysis.FeatureEngineer - WARNING - Error extracting BHK number from '3 Bhk': name 're' is not defined
2024-12-23 19:32:23,252 - RealEstateAnalysis.FeatureEngineer - WARNING - Error extracting BHK number from '1 Bhk': name 're' is not defined
2024-12-23 19:32:23,253 - RealEstateAnalysis.FeatureEngineer - WARNING - Error extracting BHK number from '2 Bhk': name 're' is not defined
2024-12-23 19:32:23,253 - RealEstateAnalysis.FeatureEngineer - WARNING - Error extracting BHK number from '3 Bhk': name 're' is not defined
2024-12-23 19:32:23,253 - RealEstateAnalysis.FeatureEngineer - WARNING - Error extracting BHK number from '1 Bhk': name 're' is not defined
2024-12-23 19:32:23,254 - RealEstateAnalysis.FeatureEngineer - WARNING - Error extracting BHK number from '2 Bhk': name 're' is not defined
2024-12-23 19:32:23,254 - RealEstateAnalysis.FeatureEngineer - WARNING - Error extracting BHK number from '2 Bhk': name 're' is not defined
2024-12-23 19:32:23,255 - RealEstateAnalysis.FeatureEngineer - WARNING - Error extracting BHK number from '3 Bhk': name 're' is not defined
2024-12-23 19:32:23,255 - RealEstateAnalysis.FeatureEngineer - WARNING - Error extracting BHK number from '1 Bhk': name 're' is not defined
2024-12-23 19:32:23,255 - RealEstateAnalysis.FeatureEngineer - WARNING - Error extracting BHK number from '2 Bhk': name 're' is not defined
2024-12-23 19:32:23,255 - RealEstateAnalysis.FeatureEngineer - WARNING - Error extracting BHK number from '2 Bhk': name 're' is not defined
2024-12-23 19:32:23,256 - RealEstateAnalysis.FeatureEngineer - WARNING - Error extracting BHK number from '2 Bhk': name 're' is not defined
2024-12-23 19:32:23,256 - RealEstateAnalysis.FeatureEngineer - WARNING - Error extracting BHK number from '2 Bhk': name 're' is not defined
2024-12-23 19:32:23,256 - RealEstateAnalysis.FeatureEngineer - WARNING - Error extracting BHK number from '2 Bhk': name 're' is not defined
2024-12-23 19:32:23,256 - RealEstateAnalysis.FeatureEngineer - WARNING - Error extracting BHK number from '3 Bhk': name 're' is not defined
2024-12-23 19:32:23,257 - RealEstateAnalysis.FeatureEngineer - WARNING - Error extracting BHK number from '3 Bhk': name 're' is not defined
2024-12-23 19:32:23,257 - RealEstateAnalysis.FeatureEngineer - WARNING - Error extracting BHK number from '3 Bhk': name 're' is not defined
2024-12-23 19:32:23,257 - RealEstateAnalysis.FeatureEngineer - WARNING - Error extracting BHK number from '3 Bhk': name 're' is not defined
2024-12-23 19:32:23,257 - RealEstateAnalysis.FeatureEngineer - WARNING - Error extracting BHK number from '3 Bhk': name 're' is not defined
2024-12-23 19:32:23,257 - RealEstateAnalysis.FeatureEngineer - WARNING - Error extracting BHK number from '3 Bhk': name 're' is not defined
2024-12-23 19:32:23,258 - RealEstateAnalysis.FeatureEngineer - WARNING - Error extracting BHK number from '3 Bhk': name 're' is not defined
2024-12-23 19:32:23,258 - RealEstateAnalysis.FeatureEngineer - WARNING - Error extracting BHK number from '2 Bhk': name 're' is not defined
2024-12-23 19:32:23,258 - RealEstateAnalysis.FeatureEngineer - WARNING - Error extracting BHK number from '3 Bhk': name 're' is not defined
2024-12-23 19:32:23,258 - RealEstateAnalysis.FeatureEngineer - WARNING - Error extracting BHK number from '2 Bhk': name 're' is not defined
2024-12-23 19:32:23,259 - RealEstateAnalysis.FeatureEngineer - WARNING - Error extracting BHK number from '3 Bhk': name 're' is not defined
2024-12-23 19:32:23,259 - RealEstateAnalysis.FeatureEngineer - WARNING - Error extracting BHK number from '1 Bhk': name 're' is not defined
2024-12-23 19:32:23,259 - RealEstateAnalysis.FeatureEngineer - WARNING - Error extracting BHK number from '2 Bhk': name 're' is not defined
2024-12-23 19:32:23,259 - RealEstateAnalysis.FeatureEngineer - WARNING - Error extracting BHK number from '3 Bhk': name 're' is not defined
2024-12-23 19:32:23,259 - RealEstateAnalysis.FeatureEngineer - WARNING - Error extracting BHK number from '1 Bhk': name 're' is not defined
2024-12-23 19:32:23,260 - RealEstateAnalysis.FeatureEngineer - WARNING - Error extracting BHK number from '2 Bhk': name 're' is not defined
2024-12-23 19:32:23,260 - RealEstateAnalysis.FeatureEngineer - WARNING - Error extracting BHK number from '3 Bhk': name 're' is not defined
2024-12-23 19:32:23,260 - RealEstateAnalysis.FeatureEngineer - WARNING - Error extracting BHK number from '2 Bhk': name 're' is not defined
2024-12-23 19:32:23,260 - RealEstateAnalysis.FeatureEngineer - WARNING - Error extracting BHK number from '2 Bhk': name 're' is not defined
2024-12-23 19:32:23,261 - RealEstateAnalysis.FeatureEngineer - WARNING - Error extracting BHK number from '3 Bhk': name 're' is not defined
2024-12-23 19:32:23,261 - RealEstateAnalysis.FeatureEngineer - WARNING - Error extracting BHK number from '3 Bhk': name 're' is not defined
2024-12-23 19:32:23,261 - RealEstateAnalysis.FeatureEngineer - WARNING - Error extracting BHK number from '3 Bhk': name 're' is not defined
2024-12-23 19:32:23,261 - RealEstateAnalysis.FeatureEngineer - WARNING - Error extracting BHK number from '5 Bhk': name 're' is not defined
2024-12-23 19:32:23,262 - RealEstateAnalysis.FeatureEngineer - WARNING - Error extracting BHK number from '1 Bhk': name 're' is not defined
2024-12-23 19:32:23,262 - RealEstateAnalysis.FeatureEngineer - WARNING - Error extracting BHK number from '2 Bhk': name 're' is not defined
2024-12-23 19:32:23,262 - RealEstateAnalysis.FeatureEngineer - WARNING - Error extracting BHK number from '2 Bhk': name 're' is not defined
2024-12-23 19:32:23,262 - RealEstateAnalysis.FeatureEngineer - WARNING - Error extracting BHK number from '3 Bhk': name 're' is not defined
2024-12-23 19:32:23,262 - RealEstateAnalysis.FeatureEngineer - WARNING - Error extracting BHK number from '1 Bhk': name 're' is not defined
2024-12-23 19:32:23,263 - RealEstateAnalysis.FeatureEngineer - WARNING - Error extracting BHK number from '2 Bhk': name 're' is not defined
2024-12-23 19:32:23,263 - RealEstateAnalysis.FeatureEngineer - WARNING - Error extracting BHK number from '2 Bhk': name 're' is not defined
2024-12-23 19:32:23,263 - RealEstateAnalysis.FeatureEngineer - WARNING - Error extracting BHK number from '2 Bhk': name 're' is not defined
2024-12-23 19:32:23,263 - RealEstateAnalysis.FeatureEngineer - WARNING - Error extracting BHK number from '3 Bhk': name 're' is not defined
2024-12-23 19:32:23,264 - RealEstateAnalysis.FeatureEngineer - WARNING - Error extracting BHK number from '2 Bhk': name 're' is not defined
2024-12-23 19:32:23,264 - RealEstateAnalysis.FeatureEngineer - WARNING - Error extracting BHK number from '2 Bhk': name 're' is not defined
2024-12-23 19:32:23,264 - RealEstateAnalysis.FeatureEngineer - WARNING - Error extracting BHK number from '2.5 Bhk': name 're' is not defined
2024-12-23 19:32:23,264 - RealEstateAnalysis.FeatureEngineer - WARNING - Error extracting BHK number from '2.5 Bhk': name 're' is not defined
2024-12-23 19:32:23,264 - RealEstateAnalysis.FeatureEngineer - WARNING - Error extracting BHK number from '3 Bhk': name 're' is not defined
2024-12-23 19:32:23,265 - RealEstateAnalysis.FeatureEngineer - WARNING - Error extracting BHK number from '3 Bhk': name 're' is not defined
2024-12-23 19:32:23,265 - RealEstateAnalysis.FeatureEngineer - WARNING - Error extracting BHK number from '3 Bhk': name 're' is not defined
2024-12-23 19:32:23,265 - RealEstateAnalysis.FeatureEngineer - WARNING - Error extracting BHK number from '4 Bhk': name 're' is not defined
2024-12-23 19:32:23,265 - RealEstateAnalysis.FeatureEngineer - WARNING - Error extracting BHK number from '2 Bhk': name 're' is not defined
2024-12-23 19:32:23,266 - RealEstateAnalysis.FeatureEngineer - WARNING - Error extracting BHK number from '2 Bhk': name 're' is not defined
2024-12-23 19:32:23,266 - RealEstateAnalysis.FeatureEngineer - WARNING - Error extracting BHK number from '2 Bhk': name 're' is not defined
2024-12-23 19:32:23,266 - RealEstateAnalysis.FeatureEngineer - WARNING - Error extracting BHK number from '2 Bhk': name 're' is not defined
2024-12-23 19:32:23,266 - RealEstateAnalysis.FeatureEngineer - WARNING - Error extracting BHK number from '3 Bhk': name 're' is not defined
2024-12-23 19:32:23,266 - RealEstateAnalysis.FeatureEngineer - WARNING - Error extracting BHK number from '3 Bhk': name 're' is not defined
2024-12-23 19:32:23,267 - RealEstateAnalysis.FeatureEngineer - WARNING - Error extracting BHK number from '1 Bhk': name 're' is not defined
2024-12-23 19:32:23,267 - RealEstateAnalysis.FeatureEngineer - WARNING - Error extracting BHK number from '2 Bhk': name 're' is not defined
2024-12-23 19:32:23,267 - RealEstateAnalysis.FeatureEngineer - WARNING - Error extracting BHK number from '2.5 Bhk': name 're' is not defined
2024-12-23 19:32:23,267 - RealEstateAnalysis.FeatureEngineer - WARNING - Error extracting BHK number from '2 Bhk': name 're' is not defined
2024-12-23 19:32:23,268 - RealEstateAnalysis.FeatureEngineer - WARNING - Error extracting BHK number from '2 Bhk': name 're' is not defined
2024-12-23 19:32:23,268 - RealEstateAnalysis.FeatureEngineer - WARNING - Error extracting BHK number from '3 Bhk': name 're' is not defined
2024-12-23 19:32:23,268 - RealEstateAnalysis.FeatureEngineer - WARNING - Error extracting BHK number from '3 Bhk': name 're' is not defined
2024-12-23 19:32:23,268 - RealEstateAnalysis.FeatureEngineer - WARNING - Error extracting BHK number from '1 Bhk': name 're' is not defined
2024-12-23 19:32:23,270 - RealEstateAnalysis.FeatureEngineer - WARNING - Error extracting BHK number from '2 Bhk': name 're' is not defined
2024-12-23 19:32:23,270 - RealEstateAnalysis.FeatureEngineer - WARNING - Error extracting BHK number from '2.5 Bhk': name 're' is not defined
2024-12-23 19:32:23,271 - RealEstateAnalysis.FeatureEngineer - WARNING - Error extracting BHK number from '3 Bhk': name 're' is not defined
2024-12-23 19:32:23,271 - RealEstateAnalysis.FeatureEngineer - WARNING - Error extracting BHK number from '3.5 Bhk': name 're' is not defined
2024-12-23 19:32:23,272 - RealEstateAnalysis.FeatureEngineer - WARNING - Error extracting BHK number from '2 Bhk': name 're' is not defined
2024-12-23 19:32:23,272 - RealEstateAnalysis.FeatureEngineer - WARNING - Error extracting BHK number from '2 Bhk': name 're' is not defined
2024-12-23 19:32:23,273 - RealEstateAnalysis.FeatureEngineer - WARNING - Error extracting BHK number from '2 Bhk': name 're' is not defined
2024-12-23 19:32:23,273 - RealEstateAnalysis.FeatureEngineer - WARNING - Error extracting BHK number from '2 Bhk': name 're' is not defined
2024-12-23 19:32:23,273 - RealEstateAnalysis.FeatureEngineer - WARNING - Error extracting BHK number from '2 Bhk': name 're' is not defined
2024-12-23 19:32:23,274 - RealEstateAnalysis.FeatureEngineer - WARNING - Error extracting BHK number from '3 Bhk': name 're' is not defined
2024-12-23 19:32:23,275 - RealEstateAnalysis.FeatureEngineer - WARNING - Error extracting BHK number from '3 Bhk': name 're' is not defined
2024-12-23 19:32:23,275 - RealEstateAnalysis.FeatureEngineer - WARNING - Error extracting BHK number from '3 Bhk': name 're' is not defined
2024-12-23 19:32:23,276 - RealEstateAnalysis.FeatureEngineer - WARNING - Error extracting BHK number from '3 Bhk': name 're' is not defined
2024-12-23 19:32:23,276 - RealEstateAnalysis.FeatureEngineer - WARNING - Error extracting BHK number from '3.5 Bhk': name 're' is not defined
2024-12-23 19:32:23,277 - RealEstateAnalysis.FeatureEngineer - WARNING - Error extracting BHK number from '3.5 Bhk': name 're' is not defined
2024-12-23 19:32:23,277 - RealEstateAnalysis.FeatureEngineer - WARNING - Error extracting BHK number from '1 Bhk': name 're' is not defined
2024-12-23 19:32:23,277 - RealEstateAnalysis.FeatureEngineer - WARNING - Error extracting BHK number from '2 Bhk': name 're' is not defined
2024-12-23 19:32:23,277 - RealEstateAnalysis.FeatureEngineer - WARNING - Error extracting BHK number from '2 Bhk': name 're' is not defined
2024-12-23 19:32:23,278 - RealEstateAnalysis.FeatureEngineer - WARNING - Error extracting BHK number from '2 Bhk': name 're' is not defined
2024-12-23 19:32:23,278 - RealEstateAnalysis.FeatureEngineer - WARNING - Error extracting BHK number from '3 Bhk': name 're' is not defined
2024-12-23 19:32:23,278 - RealEstateAnalysis.FeatureEngineer - WARNING - Error extracting BHK number from '3 Bhk': name 're' is not defined
2024-12-23 19:32:23,278 - RealEstateAnalysis.FeatureEngineer - WARNING - Error extracting BHK number from '3 Bhk': name 're' is not defined
2024-12-23 19:32:23,279 - RealEstateAnalysis.FeatureEngineer - WARNING - Error extracting BHK number from '3 Bhk': name 're' is not defined
2024-12-23 19:32:23,279 - RealEstateAnalysis.FeatureEngineer - WARNING - Error extracting BHK number from '2 Bhk': name 're' is not defined
2024-12-23 19:32:23,279 - RealEstateAnalysis.FeatureEngineer - WARNING - Error extracting BHK number from '2 Bhk': name 're' is not defined
2024-12-23 19:32:23,279 - RealEstateAnalysis.FeatureEngineer - WARNING - Error extracting BHK number from '1 Bhk': name 're' is not defined
2024-12-23 19:32:23,279 - RealEstateAnalysis.FeatureEngineer - WARNING - Error extracting BHK number from '2 Bhk': name 're' is not defined
2024-12-23 19:32:23,280 - RealEstateAnalysis.FeatureEngineer - WARNING - Error extracting BHK number from '2 Bhk': name 're' is not defined
2024-12-23 19:32:23,280 - RealEstateAnalysis.FeatureEngineer - WARNING - Error extracting BHK number from '2 Bhk': name 're' is not defined
2024-12-23 19:32:23,280 - RealEstateAnalysis.FeatureEngineer - WARNING - Error extracting BHK number from '2 Bhk': name 're' is not defined
2024-12-23 19:32:23,280 - RealEstateAnalysis.FeatureEngineer - WARNING - Error extracting BHK number from '3 Bhk': name 're' is not defined
2024-12-23 19:32:23,281 - RealEstateAnalysis.FeatureEngineer - WARNING - Error extracting BHK number from '2 Bhk': name 're' is not defined
2024-12-23 19:32:23,281 - RealEstateAnalysis.FeatureEngineer - WARNING - Error extracting BHK number from '2 Bhk': name 're' is not defined
2024-12-23 19:32:23,281 - RealEstateAnalysis.FeatureEngineer - WARNING - Error extracting BHK number from '2 Bhk': name 're' is not defined
2024-12-23 19:32:23,281 - RealEstateAnalysis.FeatureEngineer - WARNING - Error extracting BHK number from '3 Bhk': name 're' is not defined
2024-12-23 19:32:23,282 - RealEstateAnalysis.FeatureEngineer - WARNING - Error extracting BHK number from '3 Bhk': name 're' is not defined
2024-12-23 19:32:23,282 - RealEstateAnalysis.FeatureEngineer - WARNING - Error extracting BHK number from '1 Bhk': name 're' is not defined
2024-12-23 19:32:23,282 - RealEstateAnalysis.FeatureEngineer - WARNING - Error extracting BHK number from '2 Bhk': name 're' is not defined
2024-12-23 19:32:23,282 - RealEstateAnalysis.FeatureEngineer - WARNING - Error extracting BHK number from '2 Bhk': name 're' is not defined
2024-12-23 19:32:23,283 - RealEstateAnalysis.FeatureEngineer - WARNING - Error extracting BHK number from '3 Bhk': name 're' is not defined
2024-12-23 19:32:23,283 - RealEstateAnalysis.FeatureEngineer - WARNING - Error extracting BHK number from '2 Bhk': name 're' is not defined
2024-12-23 19:32:23,283 - RealEstateAnalysis.FeatureEngineer - WARNING - Error extracting BHK number from '2 Bhk': name 're' is not defined
2024-12-23 19:32:23,283 - RealEstateAnalysis.FeatureEngineer - WARNING - Error extracting BHK number from '2 Bhk': name 're' is not defined
2024-12-23 19:32:23,283 - RealEstateAnalysis.FeatureEngineer - WARNING - Error extracting BHK number from '3 Bhk': name 're' is not defined
2024-12-23 19:32:23,284 - RealEstateAnalysis.FeatureEngineer - WARNING - Error extracting BHK number from '4 Bhk': name 're' is not defined
2024-12-23 19:32:23,284 - RealEstateAnalysis.FeatureEngineer - WARNING - Error extracting BHK number from '5 Bhk': name 're' is not defined
2024-12-23 19:32:23,284 - RealEstateAnalysis.FeatureEngineer - WARNING - Error extracting BHK number from '2 Bhk': name 're' is not defined
2024-12-23 19:32:23,284 - RealEstateAnalysis.FeatureEngineer - WARNING - Error extracting BHK number from '2 Bhk': name 're' is not defined
2024-12-23 19:32:23,285 - RealEstateAnalysis.FeatureEngineer - WARNING - Error extracting BHK number from '5 Bhk': name 're' is not defined
2024-12-23 19:32:23,285 - RealEstateAnalysis.FeatureEngineer - WARNING - Error extracting BHK number from '2 Bhk': name 're' is not defined
2024-12-23 19:32:23,286 - RealEstateAnalysis.FeatureEngineer - WARNING - Error extracting BHK number from '2 Bhk': name 're' is not defined
2024-12-23 19:32:23,286 - RealEstateAnalysis.FeatureEngineer - WARNING - Error extracting BHK number from '2 Bhk': name 're' is not defined
2024-12-23 19:32:23,287 - RealEstateAnalysis.FeatureEngineer - WARNING - Error extracting BHK number from '2 Bhk': name 're' is not defined
2024-12-23 19:32:23,287 - RealEstateAnalysis.FeatureEngineer - WARNING - Error extracting BHK number from '2 Bhk': name 're' is not defined
2024-12-23 19:32:23,287 - RealEstateAnalysis.FeatureEngineer - WARNING - Error extracting BHK number from '2 Bhk': name 're' is not defined
2024-12-23 19:32:23,287 - RealEstateAnalysis.FeatureEngineer - WARNING - Error extracting BHK number from '3 Bhk': name 're' is not defined
2024-12-23 19:32:23,288 - RealEstateAnalysis.FeatureEngineer - WARNING - Error extracting BHK number from '3 Bhk': name 're' is not defined
2024-12-23 19:32:23,288 - RealEstateAnalysis.FeatureEngineer - WARNING - Error extracting BHK number from '3 Bhk': name 're' is not defined
2024-12-23 19:32:23,288 - RealEstateAnalysis.FeatureEngineer - WARNING - Error extracting BHK number from '1 Bhk': name 're' is not defined
2024-12-23 19:32:23,289 - RealEstateAnalysis.FeatureEngineer - WARNING - Error extracting BHK number from '2 Bhk': name 're' is not defined
2024-12-23 19:32:23,289 - RealEstateAnalysis.FeatureEngineer - WARNING - Error extracting BHK number from '2 Bhk': name 're' is not defined
2024-12-23 19:32:23,290 - RealEstateAnalysis.FeatureEngineer - WARNING - Error extracting BHK number from '2 Bhk': name 're' is not defined
2024-12-23 19:32:23,290 - RealEstateAnalysis.FeatureEngineer - WARNING - Error extracting BHK number from '3 Bhk': name 're' is not defined
2024-12-23 19:32:23,291 - RealEstateAnalysis.FeatureEngineer - WARNING - Error extracting BHK number from '2 Bhk': name 're' is not defined
2024-12-23 19:32:23,291 - RealEstateAnalysis.FeatureEngineer - WARNING - Error extracting BHK number from '2 Bhk': name 're' is not defined
2024-12-23 19:32:23,291 - RealEstateAnalysis.FeatureEngineer - WARNING - Error extracting BHK number from '2 Bhk': name 're' is not defined
2024-12-23 19:32:23,292 - RealEstateAnalysis.FeatureEngineer - WARNING - Error extracting BHK number from '2 Bhk': name 're' is not defined
2024-12-23 19:32:23,292 - RealEstateAnalysis.FeatureEngineer - WARNING - Error extracting BHK number from '2 Bhk': name 're' is not defined
2024-12-23 19:32:23,292 - RealEstateAnalysis.FeatureEngineer - WARNING - Error extracting BHK number from '2 Bhk': name 're' is not defined
2024-12-23 19:32:23,292 - RealEstateAnalysis.FeatureEngineer - WARNING - Error extracting BHK number from '2 Bhk': name 're' is not defined
2024-12-23 19:32:23,293 - RealEstateAnalysis.FeatureEngineer - WARNING - Error extracting BHK number from '3 Bhk': name 're' is not defined
2024-12-23 19:32:23,293 - RealEstateAnalysis.FeatureEngineer - WARNING - Error extracting BHK number from '3 Bhk': name 're' is not defined
2024-12-23 19:32:23,293 - RealEstateAnalysis.FeatureEngineer - WARNING - Error extracting BHK number from '2 Bhk': name 're' is not defined
2024-12-23 19:32:23,293 - RealEstateAnalysis.FeatureEngineer - WARNING - Error extracting BHK number from '2 Bhk': name 're' is not defined
2024-12-23 19:32:23,294 - RealEstateAnalysis.FeatureEngineer - WARNING - Error extracting BHK number from '2 Bhk': name 're' is not defined
2024-12-23 19:32:23,294 - RealEstateAnalysis.FeatureEngineer - WARNING - Error extracting BHK number from '3 Bhk': name 're' is not defined
2024-12-23 19:32:23,294 - RealEstateAnalysis.FeatureEngineer - WARNING - Error extracting BHK number from '3 Bhk': name 're' is not defined
2024-12-23 19:32:23,294 - RealEstateAnalysis.FeatureEngineer - WARNING - Error extracting BHK number from '3 Bhk': name 're' is not defined
2024-12-23 19:32:23,294 - RealEstateAnalysis.FeatureEngineer - WARNING - Error extracting BHK number from '1 Bhk': name 're' is not defined
2024-12-23 19:32:23,295 - RealEstateAnalysis.FeatureEngineer - WARNING - Error extracting BHK number from '2 Bhk': name 're' is not defined
2024-12-23 19:32:23,295 - RealEstateAnalysis.FeatureEngineer - WARNING - Error extracting BHK number from '2 Bhk': name 're' is not defined
2024-12-23 19:32:23,295 - RealEstateAnalysis.FeatureEngineer - WARNING - Error extracting BHK number from '2 Bhk': name 're' is not defined
2024-12-23 19:32:23,295 - RealEstateAnalysis.FeatureEngineer - WARNING - Error extracting BHK number from '3 Bhk': name 're' is not defined
2024-12-23 19:32:23,295 - RealEstateAnalysis.FeatureEngineer - WARNING - Error extracting BHK number from '3 Bhk': name 're' is not defined
2024-12-23 19:32:23,296 - RealEstateAnalysis.FeatureEngineer - WARNING - Error extracting BHK number from '3 Bhk': name 're' is not defined
2024-12-23 19:32:23,296 - RealEstateAnalysis.FeatureEngineer - WARNING - Error extracting BHK number from '4 Bhk': name 're' is not defined
2024-12-23 19:32:23,296 - RealEstateAnalysis.FeatureEngineer - WARNING - Error extracting BHK number from '2 Bhk': name 're' is not defined
2024-12-23 19:32:23,296 - RealEstateAnalysis.FeatureEngineer - WARNING - Error extracting BHK number from '3 Bhk': name 're' is not defined
2024-12-23 19:32:23,297 - RealEstateAnalysis.FeatureEngineer - WARNING - Error extracting BHK number from '2 Bhk': name 're' is not defined
2024-12-23 19:32:23,297 - RealEstateAnalysis.FeatureEngineer - WARNING - Error extracting BHK number from '3 Bhk': name 're' is not defined
2024-12-23 19:32:23,297 - RealEstateAnalysis.FeatureEngineer - WARNING - Error extracting BHK number from '2 Bhk': name 're' is not defined
2024-12-23 19:32:23,297 - RealEstateAnalysis.FeatureEngineer - WARNING - Error extracting BHK number from '2 Bhk': name 're' is not defined
2024-12-23 19:32:23,298 - RealEstateAnalysis.FeatureEngineer - WARNING - Error extracting BHK number from '2 Bhk': name 're' is not defined
2024-12-23 19:32:23,298 - RealEstateAnalysis.FeatureEngineer - WARNING - Error extracting BHK number from '1 Bhk': name 're' is not defined
2024-12-23 19:32:23,298 - RealEstateAnalysis.FeatureEngineer - WARNING - Error extracting BHK number from '1 Bhk': name 're' is not defined
2024-12-23 19:32:23,298 - RealEstateAnalysis.FeatureEngineer - WARNING - Error extracting BHK number from '2 Bhk': name 're' is not defined
2024-12-23 19:32:23,298 - RealEstateAnalysis.FeatureEngineer - WARNING - Error extracting BHK number from '2 Bhk': name 're' is not defined
2024-12-23 19:32:23,299 - RealEstateAnalysis.FeatureEngineer - WARNING - Error extracting BHK number from '2 Bhk': name 're' is not defined
2024-12-23 19:32:23,299 - RealEstateAnalysis.FeatureEngineer - WARNING - Error extracting BHK number from '2 Bhk': name 're' is not defined
2024-12-23 19:32:23,299 - RealEstateAnalysis.FeatureEngineer - WARNING - Error extracting BHK number from '3 Bhk': name 're' is not defined
2024-12-23 19:32:23,299 - RealEstateAnalysis.FeatureEngineer - WARNING - Error extracting BHK number from '3.5 Bhk': name 're' is not defined
2024-12-23 19:32:23,300 - RealEstateAnalysis.FeatureEngineer - WARNING - Error extracting BHK number from '4.5 Bhk': name 're' is not defined
2024-12-23 19:32:23,300 - RealEstateAnalysis.FeatureEngineer - WARNING - Error extracting BHK number from '1 Bhk': name 're' is not defined
2024-12-23 19:32:23,300 - RealEstateAnalysis.FeatureEngineer - WARNING - Error extracting BHK number from '1 Bhk': name 're' is not defined
2024-12-23 19:32:23,300 - RealEstateAnalysis.FeatureEngineer - WARNING - Error extracting BHK number from '1 Bhk': name 're' is not defined
2024-12-23 19:32:23,301 - RealEstateAnalysis.FeatureEngineer - WARNING - Error extracting BHK number from '2 Bhk': name 're' is not defined
2024-12-23 19:32:23,301 - RealEstateAnalysis.FeatureEngineer - WARNING - Error extracting BHK number from '2 Bhk': name 're' is not defined
2024-12-23 19:32:23,301 - RealEstateAnalysis.FeatureEngineer - WARNING - Error extracting BHK number from '2 Bhk': name 're' is not defined
2024-12-23 19:32:23,302 - RealEstateAnalysis.FeatureEngineer - WARNING - Error extracting BHK number from '1 Bhk': name 're' is not defined
2024-12-23 19:32:23,302 - RealEstateAnalysis.FeatureEngineer - WARNING - Error extracting BHK number from '2 Bhk': name 're' is not defined
2024-12-23 19:32:23,302 - RealEstateAnalysis.FeatureEngineer - WARNING - Error extracting BHK number from '2 Bhk': name 're' is not defined
2024-12-23 19:32:23,303 - RealEstateAnalysis.FeatureEngineer - WARNING - Error extracting BHK number from '3 Bhk': name 're' is not defined
2024-12-23 19:32:23,303 - RealEstateAnalysis.FeatureEngineer - WARNING - Error extracting BHK number from '3 Bhk': name 're' is not defined
2024-12-23 19:32:23,303 - RealEstateAnalysis.FeatureEngineer - WARNING - Error extracting BHK number from '4 Bhk': name 're' is not defined
2024-12-23 19:32:23,304 - RealEstateAnalysis.FeatureEngineer - WARNING - Error extracting BHK number from '2 Bhk': name 're' is not defined
2024-12-23 19:32:23,304 - RealEstateAnalysis.FeatureEngineer - WARNING - Error extracting BHK number from '3 Bhk': name 're' is not defined
2024-12-23 19:32:23,304 - RealEstateAnalysis.FeatureEngineer - WARNING - Error extracting BHK number from '2 Bhk': name 're' is not defined
2024-12-23 19:32:23,305 - RealEstateAnalysis.FeatureEngineer - INFO - Initial shape: (200, 16)
2024-12-23 19:32:23,306 - RealEstateAnalysis.FeatureEngineer - INFO - Processing description text with TF-IDF
2024-12-23 19:32:23,318 - RealEstateAnalysis.FeatureEngineer - INFO - Created 10 TF-IDF features
2024-12-23 19:32:23,319 - RealEstateAnalysis.FeatureEngineer - INFO - Shape after description processing: (200, 26)
2024-12-23 19:32:23,320 - RealEstateAnalysis.FeatureEngineer - INFO - Handling categorical features
2024-12-23 19:32:23,322 - RealEstateAnalysis.FeatureEngineer - INFO - Shape after categorical handling: (200, 26)
2024-12-23 19:32:23,326 - RealEstateAnalysis.FeatureEngineer - INFO - Filled NaN values in BHK_number with median: 0.0
2024-12-23 19:32:23,327 - RealEstateAnalysis.FeatureEngineer - INFO - Feature engineering completed successfully
2024-12-23 19:32:23,327 - RealEstateAnalysis.FeatureEngineer - INFO - Final engineered data shape: (200, 25)
2024-12-23 19:32:23,327 - RealEstateAnalysis - INFO - Shape after feature engineering: (200, 25)
2024-12-23 19:32:23,328 - RealEstateAnalysis - INFO - Cleaning data...
2024-12-23 19:32:23,328 - RealEstateAnalysis - INFO - Shape before NaN removal: (200, 25)
2024-12-23 19:32:23,328 - RealEstateAnalysis - INFO - Shape after NaN removal: (200, 25)
2024-12-23 19:32:23,329 - RealEstateAnalysis - INFO - Final X shape: (200, 24)
2024-12-23 19:32:23,330 - RealEstateAnalysis - INFO - Final y shape: (200,)
2024-12-23 19:32:23,330 - RealEstateAnalysis - INFO - Splitting data...
2024-12-23 19:32:23,330 - RealEstateAnalysis.ModelTrainer - INFO - Splitting data with test_size=0.2
2024-12-23 19:32:23,332 - RealEstateAnalysis.ModelTrainer - INFO - Train set size: (160, 24), Test set size: (40, 24)
2024-12-23 19:32:23,332 - RealEstateAnalysis - INFO - Training set shape: (160, 24)
2024-12-23 19:32:23,332 - RealEstateAnalysis - INFO - Test set shape: (40, 24)
2024-12-23 19:32:23,332 - RealEstateAnalysis - INFO - Training models...
2024-12-23 19:32:23,333 - RealEstateAnalysis.ModelTrainer - INFO - Starting model training
2024-12-23 19:32:23,333 - RealEstateAnalysis.ModelTrainer - INFO - Training XGBoost
2024-12-23 19:32:24,202 - RealEstateAnalysis.ModelTrainer - INFO - XGBoost training completed
2024-12-23 19:32:24,202 - RealEstateAnalysis.ModelTrainer - INFO - Training LightGBM
2024-12-23 19:32:24,347 - RealEstateAnalysis.ModelTrainer - INFO - LightGBM training completed
2024-12-23 19:32:24,348 - RealEstateAnalysis.ModelTrainer - INFO - Training MLP
2024-12-23 19:32:25,278 - RealEstateAnalysis.ModelTrainer - INFO - MLP training completed
2024-12-23 19:32:25,278 - RealEstateAnalysis.ModelTrainer - INFO - Training Lasso
2024-12-23 19:32:25,280 - RealEstateAnalysis.ModelTrainer - INFO - Lasso training completed
2024-12-23 19:32:25,281 - RealEstateAnalysis.ModelTrainer - INFO - Training Ridge
2024-12-23 19:32:25,283 - RealEstateAnalysis.ModelTrainer - INFO - Ridge training completed
2024-12-23 19:32:25,283 - RealEstateAnalysis.ModelTrainer - INFO - Training CatBoost
2024-12-23 19:32:25,589 - RealEstateAnalysis.ModelTrainer - INFO - CatBoost training completed
2024-12-23 19:32:25,589 - RealEstateAnalysis - INFO - Evaluating models...
2024-12-23 19:32:25,590 - RealEstateAnalysis.ModelEvaluator - INFO - Starting evaluation of all models
2024-12-23 19:32:25,590 - RealEstateAnalysis.ModelEvaluator - INFO - Evaluating XGBoost
2024-12-23 19:32:25,613 - RealEstateAnalysis.ModelEvaluator - INFO - XGBoost evaluation completed
2024-12-23 19:32:25,613 - RealEstateAnalysis.ModelEvaluator - INFO - Train metrics - MAE: 0.01, RMSE: 0.02, R2: 1.0000
2024-12-23 19:32:25,614 - RealEstateAnalysis.ModelEvaluator - INFO - Test metrics - MAE: 6.68, RMSE: 9.41, R2: 0.9592
2024-12-23 19:32:25,614 - RealEstateAnalysis.ModelEvaluator - INFO - Evaluating LightGBM
2024-12-23 19:32:25,627 - RealEstateAnalysis.ModelEvaluator - INFO - LightGBM evaluation completed
2024-12-23 19:32:25,627 - RealEstateAnalysis.ModelEvaluator - INFO - Train metrics - MAE: 7.06, RMSE: 10.04, R2: 0.9470
2024-12-23 19:32:25,627 - RealEstateAnalysis.ModelEvaluator - INFO - Test metrics - MAE: 7.79, RMSE: 10.84, R2: 0.9458
2024-12-23 19:32:25,627 - RealEstateAnalysis.ModelEvaluator - INFO - Evaluating MLP
2024-12-23 19:32:25,632 - RealEstateAnalysis.ModelEvaluator - INFO - MLP evaluation completed
2024-12-23 19:32:25,633 - RealEstateAnalysis.ModelEvaluator - INFO - Train metrics - MAE: 8.42, RMSE: 13.05, R2: 0.9103
2024-12-23 19:32:25,633 - RealEstateAnalysis.ModelEvaluator - INFO - Test metrics - MAE: 10.67, RMSE: 13.54, R2: 0.9154
2024-12-23 19:32:25,634 - RealEstateAnalysis.ModelEvaluator - INFO - Evaluating Lasso
2024-12-23 19:32:25,642 - RealEstateAnalysis.ModelEvaluator - INFO - Lasso evaluation completed
2024-12-23 19:32:25,643 - RealEstateAnalysis.ModelEvaluator - INFO - Train metrics - MAE: 11.08, RMSE: 17.11, R2: 0.8460
2024-12-23 19:32:25,643 - RealEstateAnalysis.ModelEvaluator - INFO - Test metrics - MAE: 10.31, RMSE: 13.75, R2: 0.9128
2024-12-23 19:32:25,643 - RealEstateAnalysis.ModelEvaluator - INFO - Evaluating Ridge
2024-12-23 19:32:25,648 - RealEstateAnalysis.ModelEvaluator - INFO - Ridge evaluation completed
2024-12-23 19:32:25,648 - RealEstateAnalysis.ModelEvaluator - INFO - Train metrics - MAE: 10.83, RMSE: 16.43, R2: 0.8580
2024-12-23 19:32:25,648 - RealEstateAnalysis.ModelEvaluator - INFO - Test metrics - MAE: 9.80, RMSE: 12.79, R2: 0.9246
2024-12-23 19:32:25,649 - RealEstateAnalysis.ModelEvaluator - INFO - Evaluating CatBoost
2024-12-23 19:32:25,659 - RealEstateAnalysis.ModelEvaluator - INFO - CatBoost evaluation completed
2024-12-23 19:32:25,660 - RealEstateAnalysis.ModelEvaluator - INFO - Train metrics - MAE: 1.72, RMSE: 2.22, R2: 0.9974
2024-12-23 19:32:25,660 - RealEstateAnalysis.ModelEvaluator - INFO - Test metrics - MAE: 8.03, RMSE: 12.46, R2: 0.9284
2024-12-23 19:32:25,660 - RealEstateAnalysis.ModelEvaluator - INFO - Model evaluation completed for all models
2024-12-23 19:32:25,661 - RealEstateAnalysis - INFO - 
==================================================
2024-12-23 19:32:25,661 - RealEstateAnalysis - INFO - DETAILED MODEL PERFORMANCE METRICS
2024-12-23 19:32:25,661 - RealEstateAnalysis - INFO - ==================================================
2024-12-23 19:32:25,664 - RealEstateAnalysis - INFO - 
Model: XGBoost
2024-12-23 19:32:25,664 - RealEstateAnalysis - INFO - --------------
2024-12-23 19:32:25,664 - RealEstateAnalysis - INFO - Training Metrics:
2024-12-23 19:32:25,665 - RealEstateAnalysis - INFO -   MAE:  0.01 lakhs
2024-12-23 19:32:25,665 - RealEstateAnalysis - INFO -   RMSE: 0.02 lakhs
2024-12-23 19:32:25,665 - RealEstateAnalysis - INFO -   R2:   1.0000
2024-12-23 19:32:25,665 - RealEstateAnalysis - INFO - 
Test Metrics:
2024-12-23 19:32:25,666 - RealEstateAnalysis - INFO -   MAE:  6.68 lakhs
2024-12-23 19:32:25,666 - RealEstateAnalysis - INFO -   RMSE: 9.41 lakhs
2024-12-23 19:32:25,666 - RealEstateAnalysis - INFO -   R2:   0.9592
2024-12-23 19:32:25,666 - RealEstateAnalysis - INFO - 
Generalization Metrics:
2024-12-23 19:32:25,667 - RealEstateAnalysis - INFO -   RMSE Difference: 9.39 lakhs
2024-12-23 19:32:25,667 - RealEstateAnalysis - INFO -   RMSE Ratio: 480.32
2024-12-23 19:32:25,667 - RealEstateAnalysis - INFO -   R Stability: 0.0408
2024-12-23 19:32:25,668 - RealEstateAnalysis - INFO -   Generalization Score: 150.3789
2024-12-23 19:32:25,671 - RealEstateAnalysis - INFO - 
Model: LightGBM
2024-12-23 19:32:25,671 - RealEstateAnalysis - INFO - ---------------
2024-12-23 19:32:25,671 - RealEstateAnalysis - INFO - Training Metrics:
2024-12-23 19:32:25,672 - RealEstateAnalysis - INFO -   MAE:  7.06 lakhs
2024-12-23 19:32:25,672 - RealEstateAnalysis - INFO -   RMSE: 10.04 lakhs
2024-12-23 19:32:25,672 - RealEstateAnalysis - INFO -   R2:   0.9470
2024-12-23 19:32:25,672 - RealEstateAnalysis - INFO - 
Test Metrics:
2024-12-23 19:32:25,673 - RealEstateAnalysis - INFO -   MAE:  7.79 lakhs
2024-12-23 19:32:25,673 - RealEstateAnalysis - INFO -   RMSE: 10.84 lakhs
2024-12-23 19:32:25,673 - RealEstateAnalysis - INFO -   R2:   0.9458
2024-12-23 19:32:25,673 - RealEstateAnalysis - INFO - 
Generalization Metrics:
2024-12-23 19:32:25,674 - RealEstateAnalysis - INFO -   RMSE Difference: 0.80 lakhs
2024-12-23 19:32:25,674 - RealEstateAnalysis - INFO -   RMSE Ratio: 1.08
2024-12-23 19:32:25,674 - RealEstateAnalysis - INFO -   R Stability: 0.0011
2024-12-23 19:32:25,675 - RealEstateAnalysis - INFO -   Generalization Score: 4.5983
2024-12-23 19:32:25,677 - RealEstateAnalysis - INFO - 
Model: MLP
2024-12-23 19:32:25,677 - RealEstateAnalysis - INFO - ----------
2024-12-23 19:32:25,677 - RealEstateAnalysis - INFO - Training Metrics:
2024-12-23 19:32:25,678 - RealEstateAnalysis - INFO -   MAE:  8.42 lakhs
2024-12-23 19:32:25,678 - RealEstateAnalysis - INFO -   RMSE: 13.05 lakhs
2024-12-23 19:32:25,678 - RealEstateAnalysis - INFO -   R2:   0.9103
2024-12-23 19:32:25,678 - RealEstateAnalysis - INFO - 
Test Metrics:
2024-12-23 19:32:25,679 - RealEstateAnalysis - INFO -   MAE:  10.67 lakhs
2024-12-23 19:32:25,679 - RealEstateAnalysis - INFO -   RMSE: 13.54 lakhs
2024-12-23 19:32:25,679 - RealEstateAnalysis - INFO -   R2:   0.9154
2024-12-23 19:32:25,679 - RealEstateAnalysis - INFO - 
Generalization Metrics:
2024-12-23 19:32:25,680 - RealEstateAnalysis - INFO -   RMSE Difference: 0.49 lakhs
2024-12-23 19:32:25,680 - RealEstateAnalysis - INFO -   RMSE Ratio: 1.04
2024-12-23 19:32:25,680 - RealEstateAnalysis - INFO -   R Stability: 0.0051
2024-12-23 19:32:25,680 - RealEstateAnalysis - INFO -   Generalization Score: 5.5759
2024-12-23 19:32:25,681 - RealEstateAnalysis - INFO - 
Model: Lasso
2024-12-23 19:32:25,682 - RealEstateAnalysis - INFO - ------------
2024-12-23 19:32:25,682 - RealEstateAnalysis - INFO - Training Metrics:
2024-12-23 19:32:25,682 - RealEstateAnalysis - INFO -   MAE:  11.08 lakhs
2024-12-23 19:32:25,682 - RealEstateAnalysis - INFO -   RMSE: 17.11 lakhs
2024-12-23 19:32:25,683 - RealEstateAnalysis - INFO -   R2:   0.8460
2024-12-23 19:32:25,683 - RealEstateAnalysis - INFO - 
Test Metrics:
2024-12-23 19:32:25,683 - RealEstateAnalysis - INFO -   MAE:  10.31 lakhs
2024-12-23 19:32:25,684 - RealEstateAnalysis - INFO -   RMSE: 13.75 lakhs
2024-12-23 19:32:25,684 - RealEstateAnalysis - INFO -   R2:   0.9128
2024-12-23 19:32:25,685 - RealEstateAnalysis - INFO - 
Generalization Metrics:
2024-12-23 19:32:25,685 - RealEstateAnalysis - INFO -   RMSE Difference: 3.36 lakhs
2024-12-23 19:32:25,685 - RealEstateAnalysis - INFO -   RMSE Ratio: 1.24
2024-12-23 19:32:25,686 - RealEstateAnalysis - INFO -   R Stability: 0.0668
2024-12-23 19:32:25,686 - RealEstateAnalysis - INFO -   Generalization Score: 6.5803
2024-12-23 19:32:25,688 - RealEstateAnalysis - INFO - 
Model: Ridge
2024-12-23 19:32:25,688 - RealEstateAnalysis - INFO - ------------
2024-12-23 19:32:25,688 - RealEstateAnalysis - INFO - Training Metrics:
2024-12-23 19:32:25,689 - RealEstateAnalysis - INFO -   MAE:  10.83 lakhs
2024-12-23 19:32:25,689 - RealEstateAnalysis - INFO -   RMSE: 16.43 lakhs
2024-12-23 19:32:25,689 - RealEstateAnalysis - INFO -   R2:   0.8580
2024-12-23 19:32:25,689 - RealEstateAnalysis - INFO - 
Test Metrics:
2024-12-23 19:32:25,690 - RealEstateAnalysis - INFO -   MAE:  9.80 lakhs
2024-12-23 19:32:25,690 - RealEstateAnalysis - INFO -   RMSE: 12.79 lakhs
2024-12-23 19:32:25,690 - RealEstateAnalysis - INFO -   R2:   0.9246
2024-12-23 19:32:25,690 - RealEstateAnalysis - INFO - 
Generalization Metrics:
2024-12-23 19:32:25,691 - RealEstateAnalysis - INFO -   RMSE Difference: 3.64 lakhs
2024-12-23 19:32:25,691 - RealEstateAnalysis - INFO -   RMSE Ratio: 1.28
2024-12-23 19:32:25,691 - RealEstateAnalysis - INFO -   R Stability: 0.0666
2024-12-23 19:32:25,691 - RealEstateAnalysis - INFO -   Generalization Score: 6.2922
2024-12-23 19:32:25,692 - RealEstateAnalysis - INFO - 
Model: CatBoost
2024-12-23 19:32:25,693 - RealEstateAnalysis - INFO - ---------------
2024-12-23 19:32:25,693 - RealEstateAnalysis - INFO - Training Metrics:
2024-12-23 19:32:25,693 - RealEstateAnalysis - INFO -   MAE:  1.72 lakhs
2024-12-23 19:32:25,693 - RealEstateAnalysis - INFO -   RMSE: 2.22 lakhs
2024-12-23 19:32:25,694 - RealEstateAnalysis - INFO -   R2:   0.9974
2024-12-23 19:32:25,694 - RealEstateAnalysis - INFO - 
Test Metrics:
2024-12-23 19:32:25,694 - RealEstateAnalysis - INFO -   MAE:  8.03 lakhs
2024-12-23 19:32:25,695 - RealEstateAnalysis - INFO -   RMSE: 12.46 lakhs
2024-12-23 19:32:25,695 - RealEstateAnalysis - INFO -   R2:   0.9284
2024-12-23 19:32:25,695 - RealEstateAnalysis - INFO - 
Generalization Metrics:
2024-12-23 19:32:25,695 - RealEstateAnalysis - INFO -   RMSE Difference: 10.24 lakhs
2024-12-23 19:32:25,696 - RealEstateAnalysis - INFO -   RMSE Ratio: 5.62
2024-12-23 19:32:25,696 - RealEstateAnalysis - INFO -   R Stability: 0.0690
2024-12-23 19:32:25,696 - RealEstateAnalysis - INFO -   Generalization Score: 9.4430
2024-12-23 19:32:25,702 - RealEstateAnalysis - INFO - 
Model Comparison Results (saved to reports/model_comparison.csv):
2024-12-23 19:32:25,708 - RealEstateAnalysis - INFO - 
      Model  Train MAE  Train RMSE  Train R2   Test MAE  Test RMSE   Test R2  Generalization Score
1  LightGBM   7.055888   10.039001  0.946960   7.789417  10.837336  0.945841              4.598292
2       MLP   8.416412   13.053114  0.910329  10.666956  13.543630  0.915415              5.575880
4     Ridge  10.833686   16.426829  0.857987   9.802418  12.787600  0.924595              6.292186
3     Lasso  11.081460   17.106561  0.845991  10.309981  13.751449  0.912799              6.580308
5  CatBoost   1.722115    2.218457  0.997410   8.027743  12.461870  0.928387              9.442979
0   XGBoost   0.014141    0.019592  1.000000   6.681264   9.410381  0.959164            150.378867
2024-12-23 19:32:25,709 - RealEstateAnalysis - INFO - 
==================================================
2024-12-23 19:32:25,709 - RealEstateAnalysis - INFO - Best Model (Most Robust): LightGBM
2024-12-23 19:32:25,709 - RealEstateAnalysis - INFO - Generalization Score: 4.5983
2024-12-23 19:32:25,710 - RealEstateAnalysis - INFO - ==================================================
2024-12-23 19:32:25,710 - RealEstateAnalysis - INFO - 
Model Selection Criteria:
2024-12-23 19:32:25,710 - RealEstateAnalysis - INFO - 1. Test Performance (40% weight)
2024-12-23 19:32:25,711 - RealEstateAnalysis - INFO - 2. RMSE Stability - difference between train and test (30% weight)
2024-12-23 19:32:25,711 - RealEstateAnalysis - INFO - 3. Training-Test Ratio - how close train and test metrics are (30% weight)
2024-12-23 19:32:25,711 - RealEstateAnalysis - INFO - 
Lower generalization score indicates:
2024-12-23 19:32:25,712 - RealEstateAnalysis - INFO - - Good test performance
2024-12-23 19:32:25,712 - RealEstateAnalysis - INFO - - Consistent performance between training and test sets
2024-12-23 19:32:25,712 - RealEstateAnalysis - INFO - - Better generalization to new data
2024-12-23 19:32:25,712 - RealEstateAnalysis - INFO - 
Calculating prediction intervals...
2024-12-23 19:32:25,713 - RealEstateAnalysis.ModelEvaluator - INFO - Calculating prediction intervals with 95.0% confidence
2024-12-23 19:32:25,715 - RealEstateAnalysis.ModelEvaluator - INFO - Average margin of error: 21.22 lakhs
2024-12-23 19:32:25,719 - RealEstateAnalysis - INFO - 
Prediction Error Statistics:
2024-12-23 19:32:25,719 - RealEstateAnalysis - INFO - Average Error: 7.79 lakhs
2024-12-23 19:32:25,720 - RealEstateAnalysis - INFO - Error Std: 7.63 lakhs
2024-12-23 19:32:25,720 - RealEstateAnalysis - INFO - 90th Percentile Error: 14.67 lakhs
2024-12-23 19:32:25,720 - RealEstateAnalysis - INFO - Median Error: 5.91 lakhs
2024-12-23 19:32:25,721 - RealEstateAnalysis - INFO - Generating visualizations...
2024-12-23 19:32:25,721 - RealEstateAnalysis.DataVisualizer - INFO - Creating price distribution plot
2024-12-23 19:32:26,050 - RealEstateAnalysis.DataVisualizer - INFO - Saved plot to reports/figures\price_distribution.png
2024-12-23 19:32:26,051 - RealEstateAnalysis.DataVisualizer - INFO - Creating area distribution plot
2024-12-23 19:32:26,295 - RealEstateAnalysis.DataVisualizer - INFO - Saved plot to reports/figures\area_distribution.png
2024-12-23 19:32:26,296 - RealEstateAnalysis.DataVisualizer - INFO - Creating price by property type plot
2024-12-23 19:32:26,758 - RealEstateAnalysis.DataVisualizer - INFO - Saved plot to reports/figures\price_by_property_type.png
2024-12-23 19:32:26,759 - RealEstateAnalysis.DataVisualizer - INFO - Creating model results plots
2024-12-23 19:32:27,171 - RealEstateAnalysis.DataVisualizer - INFO - Saved plot to reports/figures\model_results.png
2024-12-23 19:32:27,173 - RealEstateAnalysis.DataVisualizer - INFO - Creating amenities analysis plot
2024-12-23 19:32:27,625 - RealEstateAnalysis.DataVisualizer - INFO - Saved plot to reports/figures\amenities_analysis.png
2024-12-23 19:32:27,626 - RealEstateAnalysis - INFO - 
Pipeline completed successfully in 4.71 seconds
2024-12-23 19:32:27,626 - RealEstateAnalysis - INFO - 
Results have been saved in:
2024-12-23 19:32:27,626 - RealEstateAnalysis - INFO - - reports/model_comparison.csv (Model performance comparison)
2024-12-23 19:32:27,626 - RealEstateAnalysis - INFO - - reports/detailed_predictions.csv (Detailed predictions)
2024-12-23 19:32:27,626 - RealEstateAnalysis - INFO - - reports/figures/ (Visualizations)
