2024-12-23 20:01:12,734 - RealEstateAnalysis - INFO - Logger initialized. Log file: logs\real_estate_analysis_20241223_200112.log
2024-12-23 20:01:12,735 - RealEstateAnalysis - INFO - Starting Real Estate Analysis Pipeline
2024-12-23 20:01:12,735 - RealEstateAnalysis - INFO - Initializing components...
2024-12-23 20:01:12,736 - RealEstateAnalysis.ModelTrainer - INFO - Initializing models
2024-12-23 20:01:12,737 - RealEstateAnalysis - INFO - Starting data preprocessing...
2024-12-23 20:01:12,737 - RealEstateAnalysis.DataPreprocessor - INFO - Starting data preprocessing pipeline
2024-12-23 20:01:12,739 - RealEstateAnalysis.DataPreprocessor - INFO - Loading data from data/raw/Pune_Real_Estate_Data_1.xlsx
2024-12-23 20:01:13,051 - RealEstateAnalysis.DataPreprocessor - INFO - Successfully loaded data with shape: (200, 18)
2024-12-23 20:01:13,051 - RealEstateAnalysis.DataPreprocessor - INFO - Removing unnecessary features
2024-12-23 20:01:13,052 - RealEstateAnalysis.DataPreprocessor - INFO - Removed columns: {'Sr. No.', 'Price in Millions', 'Total TownShip Area in Acres', 'Location'}
2024-12-23 20:01:13,053 - RealEstateAnalysis.DataPreprocessor - INFO - Processing Price column
2024-12-23 20:01:13,053 - RealEstateAnalysis.DataPreprocessor - INFO - NaN values in Price column: 1
2024-12-23 20:01:13,055 - RealEstateAnalysis.DataPreprocessor - INFO - Filled NaN prices with median: 70.0
2024-12-23 20:01:13,055 - RealEstateAnalysis.DataPreprocessor - INFO - Cleaning Property Area column
2024-12-23 20:01:13,056 - RealEstateAnalysis.DataPreprocessor - INFO - Cleaning Property Type column
2024-12-23 20:01:13,057 - RealEstateAnalysis.DataPreprocessor - INFO - Cleaning text columns
2024-12-23 20:01:13,064 - RealEstateAnalysis.DataPreprocessor - INFO - Converting binary features
2024-12-23 20:01:13,069 - RealEstateAnalysis.DataPreprocessor - INFO - Handling outliers
2024-12-23 20:01:13,070 - RealEstateAnalysis.DataPreprocessor - INFO - Processing outliers for column: Property Area in Sq. Ft.
2024-12-23 20:01:13,072 - RealEstateAnalysis.DataPreprocessor - INFO - Property Area in Sq. Ft. bounds - Lower: 113.00, Upper: 1671.80
2024-12-23 20:01:13,074 - RealEstateAnalysis.DataPreprocessor - INFO - Number of outliers in Property Area in Sq. Ft.: 10
2024-12-23 20:01:13,075 - RealEstateAnalysis.DataPreprocessor - INFO - Processing outliers for column: Price in lakhs
2024-12-23 20:01:13,077 - RealEstateAnalysis.DataPreprocessor - INFO - Price in lakhs bounds - Lower: 13.19, Upper: 189.15
2024-12-23 20:01:13,079 - RealEstateAnalysis.DataPreprocessor - INFO - Number of outliers in Price in lakhs: 10
2024-12-23 20:01:13,081 - RealEstateAnalysis.DataPreprocessor - INFO - Data preprocessing completed successfully
2024-12-23 20:01:13,081 - RealEstateAnalysis.DataPreprocessor - INFO - Final preprocessed data shape: (200, 14)
2024-12-23 20:01:13,082 - RealEstateAnalysis - INFO - Shape after preprocessing: (200, 14)
2024-12-23 20:01:13,082 - RealEstateAnalysis - INFO - Engineering features...
2024-12-23 20:01:13,082 - RealEstateAnalysis.FeatureEngineer - INFO - Starting feature engineering pipeline
2024-12-23 20:01:13,083 - RealEstateAnalysis.FeatureEngineer - INFO - Creating price by sub-area feature
2024-12-23 20:01:13,086 - RealEstateAnalysis.FeatureEngineer - INFO - Extracting BHK numbers
2024-12-23 20:01:13,086 - RealEstateAnalysis.FeatureEngineer - WARNING - Error extracting BHK number from '1 Bhk': name 're' is not defined
2024-12-23 20:01:13,086 - RealEstateAnalysis.FeatureEngineer - WARNING - Error extracting BHK number from '2 Bhk': name 're' is not defined
2024-12-23 20:01:13,087 - RealEstateAnalysis.FeatureEngineer - WARNING - Error extracting BHK number from '3 Bhk': name 're' is not defined
2024-12-23 20:01:13,088 - RealEstateAnalysis.FeatureEngineer - WARNING - Error extracting BHK number from '3 Bhkgrand': name 're' is not defined
2024-12-23 20:01:13,088 - RealEstateAnalysis.FeatureEngineer - WARNING - Error extracting BHK number from '2 Bhk': name 're' is not defined
2024-12-23 20:01:13,088 - RealEstateAnalysis.FeatureEngineer - WARNING - Error extracting BHK number from '3 Bhk': name 're' is not defined
2024-12-23 20:01:13,089 - RealEstateAnalysis.FeatureEngineer - WARNING - Error extracting BHK number from '2 Bhk': name 're' is not defined
2024-12-23 20:01:13,089 - RealEstateAnalysis.FeatureEngineer - WARNING - Error extracting BHK number from '3 Bhk': name 're' is not defined
2024-12-23 20:01:13,089 - RealEstateAnalysis.FeatureEngineer - WARNING - Error extracting BHK number from '2 Bhk': name 're' is not defined
2024-12-23 20:01:13,090 - RealEstateAnalysis.FeatureEngineer - WARNING - Error extracting BHK number from '3 Bhk': name 're' is not defined
2024-12-23 20:01:13,090 - RealEstateAnalysis.FeatureEngineer - WARNING - Error extracting BHK number from '4 Bhk': name 're' is not defined
2024-12-23 20:01:13,091 - RealEstateAnalysis.FeatureEngineer - WARNING - Error extracting BHK number from '5 Bhk': name 're' is not defined
2024-12-23 20:01:13,092 - RealEstateAnalysis.FeatureEngineer - WARNING - Error extracting BHK number from '6 Bhk': name 're' is not defined
2024-12-23 20:01:13,092 - RealEstateAnalysis.FeatureEngineer - WARNING - Error extracting BHK number from '2 Bhk': name 're' is not defined
2024-12-23 20:01:13,092 - RealEstateAnalysis.FeatureEngineer - WARNING - Error extracting BHK number from '3 Bhk': name 're' is not defined
2024-12-23 20:01:13,093 - RealEstateAnalysis.FeatureEngineer - WARNING - Error extracting BHK number from '1 Bhk': name 're' is not defined
2024-12-23 20:01:13,093 - RealEstateAnalysis.FeatureEngineer - WARNING - Error extracting BHK number from '2 Bhk': name 're' is not defined
2024-12-23 20:01:13,093 - RealEstateAnalysis.FeatureEngineer - WARNING - Error extracting BHK number from '3 Bhk': name 're' is not defined
2024-12-23 20:01:13,094 - RealEstateAnalysis.FeatureEngineer - WARNING - Error extracting BHK number from '1 Bhk': name 're' is not defined
2024-12-23 20:01:13,094 - RealEstateAnalysis.FeatureEngineer - WARNING - Error extracting BHK number from '2 Bhk': name 're' is not defined
2024-12-23 20:01:13,094 - RealEstateAnalysis.FeatureEngineer - WARNING - Error extracting BHK number from '2 Bhk': name 're' is not defined
2024-12-23 20:01:13,095 - RealEstateAnalysis.FeatureEngineer - WARNING - Error extracting BHK number from '3 Bhk': name 're' is not defined
2024-12-23 20:01:13,095 - RealEstateAnalysis.FeatureEngineer - WARNING - Error extracting BHK number from '1 Bhk': name 're' is not defined
2024-12-23 20:01:13,095 - RealEstateAnalysis.FeatureEngineer - WARNING - Error extracting BHK number from '2 Bhk': name 're' is not defined
2024-12-23 20:01:13,096 - RealEstateAnalysis.FeatureEngineer - WARNING - Error extracting BHK number from '2 Bhk': name 're' is not defined
2024-12-23 20:01:13,096 - RealEstateAnalysis.FeatureEngineer - WARNING - Error extracting BHK number from '2 Bhk': name 're' is not defined
2024-12-23 20:01:13,097 - RealEstateAnalysis.FeatureEngineer - WARNING - Error extracting BHK number from '2 Bhk': name 're' is not defined
2024-12-23 20:01:13,097 - RealEstateAnalysis.FeatureEngineer - WARNING - Error extracting BHK number from '2 Bhk': name 're' is not defined
2024-12-23 20:01:13,097 - RealEstateAnalysis.FeatureEngineer - WARNING - Error extracting BHK number from '3 Bhk': name 're' is not defined
2024-12-23 20:01:13,098 - RealEstateAnalysis.FeatureEngineer - WARNING - Error extracting BHK number from '3 Bhk': name 're' is not defined
2024-12-23 20:01:13,098 - RealEstateAnalysis.FeatureEngineer - WARNING - Error extracting BHK number from '3 Bhk': name 're' is not defined
2024-12-23 20:01:13,099 - RealEstateAnalysis.FeatureEngineer - WARNING - Error extracting BHK number from '3 Bhk': name 're' is not defined
2024-12-23 20:01:13,099 - RealEstateAnalysis.FeatureEngineer - WARNING - Error extracting BHK number from '3 Bhk': name 're' is not defined
2024-12-23 20:01:13,100 - RealEstateAnalysis.FeatureEngineer - WARNING - Error extracting BHK number from '3 Bhk': name 're' is not defined
2024-12-23 20:01:13,100 - RealEstateAnalysis.FeatureEngineer - WARNING - Error extracting BHK number from '3 Bhk': name 're' is not defined
2024-12-23 20:01:13,100 - RealEstateAnalysis.FeatureEngineer - WARNING - Error extracting BHK number from '2 Bhk': name 're' is not defined
2024-12-23 20:01:13,101 - RealEstateAnalysis.FeatureEngineer - WARNING - Error extracting BHK number from '3 Bhk': name 're' is not defined
2024-12-23 20:01:13,101 - RealEstateAnalysis.FeatureEngineer - WARNING - Error extracting BHK number from '2 Bhk': name 're' is not defined
2024-12-23 20:01:13,101 - RealEstateAnalysis.FeatureEngineer - WARNING - Error extracting BHK number from '3 Bhk': name 're' is not defined
2024-12-23 20:01:13,101 - RealEstateAnalysis.FeatureEngineer - WARNING - Error extracting BHK number from '1 Bhk': name 're' is not defined
2024-12-23 20:01:13,102 - RealEstateAnalysis.FeatureEngineer - WARNING - Error extracting BHK number from '2 Bhk': name 're' is not defined
2024-12-23 20:01:13,102 - RealEstateAnalysis.FeatureEngineer - WARNING - Error extracting BHK number from '3 Bhk': name 're' is not defined
2024-12-23 20:01:13,102 - RealEstateAnalysis.FeatureEngineer - WARNING - Error extracting BHK number from '1 Bhk': name 're' is not defined
2024-12-23 20:01:13,102 - RealEstateAnalysis.FeatureEngineer - WARNING - Error extracting BHK number from '2 Bhk': name 're' is not defined
2024-12-23 20:01:13,103 - RealEstateAnalysis.FeatureEngineer - WARNING - Error extracting BHK number from '3 Bhk': name 're' is not defined
2024-12-23 20:01:13,103 - RealEstateAnalysis.FeatureEngineer - WARNING - Error extracting BHK number from '2 Bhk': name 're' is not defined
2024-12-23 20:01:13,103 - RealEstateAnalysis.FeatureEngineer - WARNING - Error extracting BHK number from '2 Bhk': name 're' is not defined
2024-12-23 20:01:13,104 - RealEstateAnalysis.FeatureEngineer - WARNING - Error extracting BHK number from '3 Bhk': name 're' is not defined
2024-12-23 20:01:13,104 - RealEstateAnalysis.FeatureEngineer - WARNING - Error extracting BHK number from '3 Bhk': name 're' is not defined
2024-12-23 20:01:13,104 - RealEstateAnalysis.FeatureEngineer - WARNING - Error extracting BHK number from '3 Bhk': name 're' is not defined
2024-12-23 20:01:13,104 - RealEstateAnalysis.FeatureEngineer - WARNING - Error extracting BHK number from '5 Bhk': name 're' is not defined
2024-12-23 20:01:13,105 - RealEstateAnalysis.FeatureEngineer - WARNING - Error extracting BHK number from '1 Bhk': name 're' is not defined
2024-12-23 20:01:13,106 - RealEstateAnalysis.FeatureEngineer - WARNING - Error extracting BHK number from '2 Bhk': name 're' is not defined
2024-12-23 20:01:13,106 - RealEstateAnalysis.FeatureEngineer - WARNING - Error extracting BHK number from '2 Bhk': name 're' is not defined
2024-12-23 20:01:13,106 - RealEstateAnalysis.FeatureEngineer - WARNING - Error extracting BHK number from '3 Bhk': name 're' is not defined
2024-12-23 20:01:13,106 - RealEstateAnalysis.FeatureEngineer - WARNING - Error extracting BHK number from '1 Bhk': name 're' is not defined
2024-12-23 20:01:13,106 - RealEstateAnalysis.FeatureEngineer - WARNING - Error extracting BHK number from '2 Bhk': name 're' is not defined
2024-12-23 20:01:13,107 - RealEstateAnalysis.FeatureEngineer - WARNING - Error extracting BHK number from '2 Bhk': name 're' is not defined
2024-12-23 20:01:13,108 - RealEstateAnalysis.FeatureEngineer - WARNING - Error extracting BHK number from '2 Bhk': name 're' is not defined
2024-12-23 20:01:13,108 - RealEstateAnalysis.FeatureEngineer - WARNING - Error extracting BHK number from '3 Bhk': name 're' is not defined
2024-12-23 20:01:13,108 - RealEstateAnalysis.FeatureEngineer - WARNING - Error extracting BHK number from '2 Bhk': name 're' is not defined
2024-12-23 20:01:13,108 - RealEstateAnalysis.FeatureEngineer - WARNING - Error extracting BHK number from '2 Bhk': name 're' is not defined
2024-12-23 20:01:13,108 - RealEstateAnalysis.FeatureEngineer - WARNING - Error extracting BHK number from '2.5 Bhk': name 're' is not defined
2024-12-23 20:01:13,108 - RealEstateAnalysis.FeatureEngineer - WARNING - Error extracting BHK number from '2.5 Bhk': name 're' is not defined
2024-12-23 20:01:13,109 - RealEstateAnalysis.FeatureEngineer - WARNING - Error extracting BHK number from '3 Bhk': name 're' is not defined
2024-12-23 20:01:13,109 - RealEstateAnalysis.FeatureEngineer - WARNING - Error extracting BHK number from '3 Bhk': name 're' is not defined
2024-12-23 20:01:13,109 - RealEstateAnalysis.FeatureEngineer - WARNING - Error extracting BHK number from '3 Bhk': name 're' is not defined
2024-12-23 20:01:13,109 - RealEstateAnalysis.FeatureEngineer - WARNING - Error extracting BHK number from '4 Bhk': name 're' is not defined
2024-12-23 20:01:13,109 - RealEstateAnalysis.FeatureEngineer - WARNING - Error extracting BHK number from '2 Bhk': name 're' is not defined
2024-12-23 20:01:13,110 - RealEstateAnalysis.FeatureEngineer - WARNING - Error extracting BHK number from '2 Bhk': name 're' is not defined
2024-12-23 20:01:13,110 - RealEstateAnalysis.FeatureEngineer - WARNING - Error extracting BHK number from '2 Bhk': name 're' is not defined
2024-12-23 20:01:13,110 - RealEstateAnalysis.FeatureEngineer - WARNING - Error extracting BHK number from '2 Bhk': name 're' is not defined
2024-12-23 20:01:13,110 - RealEstateAnalysis.FeatureEngineer - WARNING - Error extracting BHK number from '3 Bhk': name 're' is not defined
2024-12-23 20:01:13,111 - RealEstateAnalysis.FeatureEngineer - WARNING - Error extracting BHK number from '3 Bhk': name 're' is not defined
2024-12-23 20:01:13,111 - RealEstateAnalysis.FeatureEngineer - WARNING - Error extracting BHK number from '1 Bhk': name 're' is not defined
2024-12-23 20:01:13,111 - RealEstateAnalysis.FeatureEngineer - WARNING - Error extracting BHK number from '2 Bhk': name 're' is not defined
2024-12-23 20:01:13,112 - RealEstateAnalysis.FeatureEngineer - WARNING - Error extracting BHK number from '2.5 Bhk': name 're' is not defined
2024-12-23 20:01:13,112 - RealEstateAnalysis.FeatureEngineer - WARNING - Error extracting BHK number from '2 Bhk': name 're' is not defined
2024-12-23 20:01:13,112 - RealEstateAnalysis.FeatureEngineer - WARNING - Error extracting BHK number from '2 Bhk': name 're' is not defined
2024-12-23 20:01:13,113 - RealEstateAnalysis.FeatureEngineer - WARNING - Error extracting BHK number from '3 Bhk': name 're' is not defined
2024-12-23 20:01:13,113 - RealEstateAnalysis.FeatureEngineer - WARNING - Error extracting BHK number from '3 Bhk': name 're' is not defined
2024-12-23 20:01:13,113 - RealEstateAnalysis.FeatureEngineer - WARNING - Error extracting BHK number from '1 Bhk': name 're' is not defined
2024-12-23 20:01:13,114 - RealEstateAnalysis.FeatureEngineer - WARNING - Error extracting BHK number from '2 Bhk': name 're' is not defined
2024-12-23 20:01:13,114 - RealEstateAnalysis.FeatureEngineer - WARNING - Error extracting BHK number from '2.5 Bhk': name 're' is not defined
2024-12-23 20:01:13,114 - RealEstateAnalysis.FeatureEngineer - WARNING - Error extracting BHK number from '3 Bhk': name 're' is not defined
2024-12-23 20:01:13,115 - RealEstateAnalysis.FeatureEngineer - WARNING - Error extracting BHK number from '3.5 Bhk': name 're' is not defined
2024-12-23 20:01:13,115 - RealEstateAnalysis.FeatureEngineer - WARNING - Error extracting BHK number from '2 Bhk': name 're' is not defined
2024-12-23 20:01:13,115 - RealEstateAnalysis.FeatureEngineer - WARNING - Error extracting BHK number from '2 Bhk': name 're' is not defined
2024-12-23 20:01:13,115 - RealEstateAnalysis.FeatureEngineer - WARNING - Error extracting BHK number from '2 Bhk': name 're' is not defined
2024-12-23 20:01:13,116 - RealEstateAnalysis.FeatureEngineer - WARNING - Error extracting BHK number from '2 Bhk': name 're' is not defined
2024-12-23 20:01:13,116 - RealEstateAnalysis.FeatureEngineer - WARNING - Error extracting BHK number from '2 Bhk': name 're' is not defined
2024-12-23 20:01:13,116 - RealEstateAnalysis.FeatureEngineer - WARNING - Error extracting BHK number from '3 Bhk': name 're' is not defined
2024-12-23 20:01:13,116 - RealEstateAnalysis.FeatureEngineer - WARNING - Error extracting BHK number from '3 Bhk': name 're' is not defined
2024-12-23 20:01:13,117 - RealEstateAnalysis.FeatureEngineer - WARNING - Error extracting BHK number from '3 Bhk': name 're' is not defined
2024-12-23 20:01:13,117 - RealEstateAnalysis.FeatureEngineer - WARNING - Error extracting BHK number from '3 Bhk': name 're' is not defined
2024-12-23 20:01:13,117 - RealEstateAnalysis.FeatureEngineer - WARNING - Error extracting BHK number from '3.5 Bhk': name 're' is not defined
2024-12-23 20:01:13,117 - RealEstateAnalysis.FeatureEngineer - WARNING - Error extracting BHK number from '3.5 Bhk': name 're' is not defined
2024-12-23 20:01:13,118 - RealEstateAnalysis.FeatureEngineer - WARNING - Error extracting BHK number from '1 Bhk': name 're' is not defined
2024-12-23 20:01:13,118 - RealEstateAnalysis.FeatureEngineer - WARNING - Error extracting BHK number from '2 Bhk': name 're' is not defined
2024-12-23 20:01:13,118 - RealEstateAnalysis.FeatureEngineer - WARNING - Error extracting BHK number from '2 Bhk': name 're' is not defined
2024-12-23 20:01:13,118 - RealEstateAnalysis.FeatureEngineer - WARNING - Error extracting BHK number from '2 Bhk': name 're' is not defined
2024-12-23 20:01:13,119 - RealEstateAnalysis.FeatureEngineer - WARNING - Error extracting BHK number from '3 Bhk': name 're' is not defined
2024-12-23 20:01:13,119 - RealEstateAnalysis.FeatureEngineer - WARNING - Error extracting BHK number from '3 Bhk': name 're' is not defined
2024-12-23 20:01:13,119 - RealEstateAnalysis.FeatureEngineer - WARNING - Error extracting BHK number from '3 Bhk': name 're' is not defined
2024-12-23 20:01:13,119 - RealEstateAnalysis.FeatureEngineer - WARNING - Error extracting BHK number from '3 Bhk': name 're' is not defined
2024-12-23 20:01:13,120 - RealEstateAnalysis.FeatureEngineer - WARNING - Error extracting BHK number from '2 Bhk': name 're' is not defined
2024-12-23 20:01:13,120 - RealEstateAnalysis.FeatureEngineer - WARNING - Error extracting BHK number from '2 Bhk': name 're' is not defined
2024-12-23 20:01:13,120 - RealEstateAnalysis.FeatureEngineer - WARNING - Error extracting BHK number from '1 Bhk': name 're' is not defined
2024-12-23 20:01:13,120 - RealEstateAnalysis.FeatureEngineer - WARNING - Error extracting BHK number from '2 Bhk': name 're' is not defined
2024-12-23 20:01:13,121 - RealEstateAnalysis.FeatureEngineer - WARNING - Error extracting BHK number from '2 Bhk': name 're' is not defined
2024-12-23 20:01:13,121 - RealEstateAnalysis.FeatureEngineer - WARNING - Error extracting BHK number from '2 Bhk': name 're' is not defined
2024-12-23 20:01:13,122 - RealEstateAnalysis.FeatureEngineer - WARNING - Error extracting BHK number from '2 Bhk': name 're' is not defined
2024-12-23 20:01:13,122 - RealEstateAnalysis.FeatureEngineer - WARNING - Error extracting BHK number from '3 Bhk': name 're' is not defined
2024-12-23 20:01:13,122 - RealEstateAnalysis.FeatureEngineer - WARNING - Error extracting BHK number from '2 Bhk': name 're' is not defined
2024-12-23 20:01:13,123 - RealEstateAnalysis.FeatureEngineer - WARNING - Error extracting BHK number from '2 Bhk': name 're' is not defined
2024-12-23 20:01:13,123 - RealEstateAnalysis.FeatureEngineer - WARNING - Error extracting BHK number from '2 Bhk': name 're' is not defined
2024-12-23 20:01:13,123 - RealEstateAnalysis.FeatureEngineer - WARNING - Error extracting BHK number from '3 Bhk': name 're' is not defined
2024-12-23 20:01:13,123 - RealEstateAnalysis.FeatureEngineer - WARNING - Error extracting BHK number from '3 Bhk': name 're' is not defined
2024-12-23 20:01:13,124 - RealEstateAnalysis.FeatureEngineer - WARNING - Error extracting BHK number from '1 Bhk': name 're' is not defined
2024-12-23 20:01:13,124 - RealEstateAnalysis.FeatureEngineer - WARNING - Error extracting BHK number from '2 Bhk': name 're' is not defined
2024-12-23 20:01:13,125 - RealEstateAnalysis.FeatureEngineer - WARNING - Error extracting BHK number from '2 Bhk': name 're' is not defined
2024-12-23 20:01:13,125 - RealEstateAnalysis.FeatureEngineer - WARNING - Error extracting BHK number from '3 Bhk': name 're' is not defined
2024-12-23 20:01:13,125 - RealEstateAnalysis.FeatureEngineer - WARNING - Error extracting BHK number from '2 Bhk': name 're' is not defined
2024-12-23 20:01:13,125 - RealEstateAnalysis.FeatureEngineer - WARNING - Error extracting BHK number from '2 Bhk': name 're' is not defined
2024-12-23 20:01:13,126 - RealEstateAnalysis.FeatureEngineer - WARNING - Error extracting BHK number from '2 Bhk': name 're' is not defined
2024-12-23 20:01:13,126 - RealEstateAnalysis.FeatureEngineer - WARNING - Error extracting BHK number from '3 Bhk': name 're' is not defined
2024-12-23 20:01:13,126 - RealEstateAnalysis.FeatureEngineer - WARNING - Error extracting BHK number from '4 Bhk': name 're' is not defined
2024-12-23 20:01:13,126 - RealEstateAnalysis.FeatureEngineer - WARNING - Error extracting BHK number from '5 Bhk': name 're' is not defined
2024-12-23 20:01:13,127 - RealEstateAnalysis.FeatureEngineer - WARNING - Error extracting BHK number from '2 Bhk': name 're' is not defined
2024-12-23 20:01:13,127 - RealEstateAnalysis.FeatureEngineer - WARNING - Error extracting BHK number from '2 Bhk': name 're' is not defined
2024-12-23 20:01:13,127 - RealEstateAnalysis.FeatureEngineer - WARNING - Error extracting BHK number from '5 Bhk': name 're' is not defined
2024-12-23 20:01:13,128 - RealEstateAnalysis.FeatureEngineer - WARNING - Error extracting BHK number from '2 Bhk': name 're' is not defined
2024-12-23 20:01:13,128 - RealEstateAnalysis.FeatureEngineer - WARNING - Error extracting BHK number from '2 Bhk': name 're' is not defined
2024-12-23 20:01:13,128 - RealEstateAnalysis.FeatureEngineer - WARNING - Error extracting BHK number from '2 Bhk': name 're' is not defined
2024-12-23 20:01:13,129 - RealEstateAnalysis.FeatureEngineer - WARNING - Error extracting BHK number from '2 Bhk': name 're' is not defined
2024-12-23 20:01:13,129 - RealEstateAnalysis.FeatureEngineer - WARNING - Error extracting BHK number from '2 Bhk': name 're' is not defined
2024-12-23 20:01:13,129 - RealEstateAnalysis.FeatureEngineer - WARNING - Error extracting BHK number from '2 Bhk': name 're' is not defined
2024-12-23 20:01:13,130 - RealEstateAnalysis.FeatureEngineer - WARNING - Error extracting BHK number from '3 Bhk': name 're' is not defined
2024-12-23 20:01:13,130 - RealEstateAnalysis.FeatureEngineer - WARNING - Error extracting BHK number from '3 Bhk': name 're' is not defined
2024-12-23 20:01:13,130 - RealEstateAnalysis.FeatureEngineer - WARNING - Error extracting BHK number from '3 Bhk': name 're' is not defined
2024-12-23 20:01:13,131 - RealEstateAnalysis.FeatureEngineer - WARNING - Error extracting BHK number from '1 Bhk': name 're' is not defined
2024-12-23 20:01:13,131 - RealEstateAnalysis.FeatureEngineer - WARNING - Error extracting BHK number from '2 Bhk': name 're' is not defined
2024-12-23 20:01:13,132 - RealEstateAnalysis.FeatureEngineer - WARNING - Error extracting BHK number from '2 Bhk': name 're' is not defined
2024-12-23 20:01:13,132 - RealEstateAnalysis.FeatureEngineer - WARNING - Error extracting BHK number from '2 Bhk': name 're' is not defined
2024-12-23 20:01:13,132 - RealEstateAnalysis.FeatureEngineer - WARNING - Error extracting BHK number from '3 Bhk': name 're' is not defined
2024-12-23 20:01:13,132 - RealEstateAnalysis.FeatureEngineer - WARNING - Error extracting BHK number from '2 Bhk': name 're' is not defined
2024-12-23 20:01:13,133 - RealEstateAnalysis.FeatureEngineer - WARNING - Error extracting BHK number from '2 Bhk': name 're' is not defined
2024-12-23 20:01:13,133 - RealEstateAnalysis.FeatureEngineer - WARNING - Error extracting BHK number from '2 Bhk': name 're' is not defined
2024-12-23 20:01:13,133 - RealEstateAnalysis.FeatureEngineer - WARNING - Error extracting BHK number from '2 Bhk': name 're' is not defined
2024-12-23 20:01:13,134 - RealEstateAnalysis.FeatureEngineer - WARNING - Error extracting BHK number from '2 Bhk': name 're' is not defined
2024-12-23 20:01:13,134 - RealEstateAnalysis.FeatureEngineer - WARNING - Error extracting BHK number from '2 Bhk': name 're' is not defined
2024-12-23 20:01:13,134 - RealEstateAnalysis.FeatureEngineer - WARNING - Error extracting BHK number from '2 Bhk': name 're' is not defined
2024-12-23 20:01:13,134 - RealEstateAnalysis.FeatureEngineer - WARNING - Error extracting BHK number from '3 Bhk': name 're' is not defined
2024-12-23 20:01:13,135 - RealEstateAnalysis.FeatureEngineer - WARNING - Error extracting BHK number from '3 Bhk': name 're' is not defined
2024-12-23 20:01:13,135 - RealEstateAnalysis.FeatureEngineer - WARNING - Error extracting BHK number from '2 Bhk': name 're' is not defined
2024-12-23 20:01:13,135 - RealEstateAnalysis.FeatureEngineer - WARNING - Error extracting BHK number from '2 Bhk': name 're' is not defined
2024-12-23 20:01:13,135 - RealEstateAnalysis.FeatureEngineer - WARNING - Error extracting BHK number from '2 Bhk': name 're' is not defined
2024-12-23 20:01:13,136 - RealEstateAnalysis.FeatureEngineer - WARNING - Error extracting BHK number from '3 Bhk': name 're' is not defined
2024-12-23 20:01:13,136 - RealEstateAnalysis.FeatureEngineer - WARNING - Error extracting BHK number from '3 Bhk': name 're' is not defined
2024-12-23 20:01:13,136 - RealEstateAnalysis.FeatureEngineer - WARNING - Error extracting BHK number from '3 Bhk': name 're' is not defined
2024-12-23 20:01:13,137 - RealEstateAnalysis.FeatureEngineer - WARNING - Error extracting BHK number from '1 Bhk': name 're' is not defined
2024-12-23 20:01:13,137 - RealEstateAnalysis.FeatureEngineer - WARNING - Error extracting BHK number from '2 Bhk': name 're' is not defined
2024-12-23 20:01:13,137 - RealEstateAnalysis.FeatureEngineer - WARNING - Error extracting BHK number from '2 Bhk': name 're' is not defined
2024-12-23 20:01:13,138 - RealEstateAnalysis.FeatureEngineer - WARNING - Error extracting BHK number from '2 Bhk': name 're' is not defined
2024-12-23 20:01:13,138 - RealEstateAnalysis.FeatureEngineer - WARNING - Error extracting BHK number from '3 Bhk': name 're' is not defined
2024-12-23 20:01:13,138 - RealEstateAnalysis.FeatureEngineer - WARNING - Error extracting BHK number from '3 Bhk': name 're' is not defined
2024-12-23 20:01:13,139 - RealEstateAnalysis.FeatureEngineer - WARNING - Error extracting BHK number from '3 Bhk': name 're' is not defined
2024-12-23 20:01:13,139 - RealEstateAnalysis.FeatureEngineer - WARNING - Error extracting BHK number from '4 Bhk': name 're' is not defined
2024-12-23 20:01:13,139 - RealEstateAnalysis.FeatureEngineer - WARNING - Error extracting BHK number from '2 Bhk': name 're' is not defined
2024-12-23 20:01:13,139 - RealEstateAnalysis.FeatureEngineer - WARNING - Error extracting BHK number from '3 Bhk': name 're' is not defined
2024-12-23 20:01:13,139 - RealEstateAnalysis.FeatureEngineer - WARNING - Error extracting BHK number from '2 Bhk': name 're' is not defined
2024-12-23 20:01:13,140 - RealEstateAnalysis.FeatureEngineer - WARNING - Error extracting BHK number from '3 Bhk': name 're' is not defined
2024-12-23 20:01:13,140 - RealEstateAnalysis.FeatureEngineer - WARNING - Error extracting BHK number from '2 Bhk': name 're' is not defined
2024-12-23 20:01:13,140 - RealEstateAnalysis.FeatureEngineer - WARNING - Error extracting BHK number from '2 Bhk': name 're' is not defined
2024-12-23 20:01:13,140 - RealEstateAnalysis.FeatureEngineer - WARNING - Error extracting BHK number from '2 Bhk': name 're' is not defined
2024-12-23 20:01:13,141 - RealEstateAnalysis.FeatureEngineer - WARNING - Error extracting BHK number from '1 Bhk': name 're' is not defined
2024-12-23 20:01:13,141 - RealEstateAnalysis.FeatureEngineer - WARNING - Error extracting BHK number from '1 Bhk': name 're' is not defined
2024-12-23 20:01:13,141 - RealEstateAnalysis.FeatureEngineer - WARNING - Error extracting BHK number from '2 Bhk': name 're' is not defined
2024-12-23 20:01:13,142 - RealEstateAnalysis.FeatureEngineer - WARNING - Error extracting BHK number from '2 Bhk': name 're' is not defined
2024-12-23 20:01:13,142 - RealEstateAnalysis.FeatureEngineer - WARNING - Error extracting BHK number from '2 Bhk': name 're' is not defined
2024-12-23 20:01:13,142 - RealEstateAnalysis.FeatureEngineer - WARNING - Error extracting BHK number from '2 Bhk': name 're' is not defined
2024-12-23 20:01:13,142 - RealEstateAnalysis.FeatureEngineer - WARNING - Error extracting BHK number from '3 Bhk': name 're' is not defined
2024-12-23 20:01:13,143 - RealEstateAnalysis.FeatureEngineer - WARNING - Error extracting BHK number from '3.5 Bhk': name 're' is not defined
2024-12-23 20:01:13,143 - RealEstateAnalysis.FeatureEngineer - WARNING - Error extracting BHK number from '4.5 Bhk': name 're' is not defined
2024-12-23 20:01:13,143 - RealEstateAnalysis.FeatureEngineer - WARNING - Error extracting BHK number from '1 Bhk': name 're' is not defined
2024-12-23 20:01:13,143 - RealEstateAnalysis.FeatureEngineer - WARNING - Error extracting BHK number from '1 Bhk': name 're' is not defined
2024-12-23 20:01:13,144 - RealEstateAnalysis.FeatureEngineer - WARNING - Error extracting BHK number from '1 Bhk': name 're' is not defined
2024-12-23 20:01:13,144 - RealEstateAnalysis.FeatureEngineer - WARNING - Error extracting BHK number from '2 Bhk': name 're' is not defined
2024-12-23 20:01:13,144 - RealEstateAnalysis.FeatureEngineer - WARNING - Error extracting BHK number from '2 Bhk': name 're' is not defined
2024-12-23 20:01:13,145 - RealEstateAnalysis.FeatureEngineer - WARNING - Error extracting BHK number from '2 Bhk': name 're' is not defined
2024-12-23 20:01:13,145 - RealEstateAnalysis.FeatureEngineer - WARNING - Error extracting BHK number from '1 Bhk': name 're' is not defined
2024-12-23 20:01:13,145 - RealEstateAnalysis.FeatureEngineer - WARNING - Error extracting BHK number from '2 Bhk': name 're' is not defined
2024-12-23 20:01:13,146 - RealEstateAnalysis.FeatureEngineer - WARNING - Error extracting BHK number from '2 Bhk': name 're' is not defined
2024-12-23 20:01:13,146 - RealEstateAnalysis.FeatureEngineer - WARNING - Error extracting BHK number from '3 Bhk': name 're' is not defined
2024-12-23 20:01:13,147 - RealEstateAnalysis.FeatureEngineer - WARNING - Error extracting BHK number from '3 Bhk': name 're' is not defined
2024-12-23 20:01:13,148 - RealEstateAnalysis.FeatureEngineer - WARNING - Error extracting BHK number from '4 Bhk': name 're' is not defined
2024-12-23 20:01:13,149 - RealEstateAnalysis.FeatureEngineer - WARNING - Error extracting BHK number from '2 Bhk': name 're' is not defined
2024-12-23 20:01:13,149 - RealEstateAnalysis.FeatureEngineer - WARNING - Error extracting BHK number from '3 Bhk': name 're' is not defined
2024-12-23 20:01:13,149 - RealEstateAnalysis.FeatureEngineer - WARNING - Error extracting BHK number from '2 Bhk': name 're' is not defined
2024-12-23 20:01:13,150 - RealEstateAnalysis.FeatureEngineer - INFO - Initial shape: (200, 16)
2024-12-23 20:01:13,150 - RealEstateAnalysis.FeatureEngineer - INFO - Processing description text with TF-IDF
2024-12-23 20:01:13,163 - RealEstateAnalysis.FeatureEngineer - INFO - Created 10 TF-IDF features
2024-12-23 20:01:13,164 - RealEstateAnalysis.FeatureEngineer - INFO - Shape after description processing: (200, 26)
2024-12-23 20:01:13,164 - RealEstateAnalysis.FeatureEngineer - INFO - Handling categorical features
2024-12-23 20:01:13,167 - RealEstateAnalysis.FeatureEngineer - INFO - Shape after categorical handling: (200, 26)
2024-12-23 20:01:13,170 - RealEstateAnalysis.FeatureEngineer - INFO - Filled NaN values in BHK_number with median: 0.0
2024-12-23 20:01:13,171 - RealEstateAnalysis.FeatureEngineer - INFO - Feature engineering completed successfully
2024-12-23 20:01:13,171 - RealEstateAnalysis.FeatureEngineer - INFO - Final engineered data shape: (200, 25)
2024-12-23 20:01:13,172 - RealEstateAnalysis - INFO - Shape after feature engineering: (200, 25)
2024-12-23 20:01:13,172 - RealEstateAnalysis - INFO - Cleaning data...
2024-12-23 20:01:13,172 - RealEstateAnalysis - INFO - Shape before NaN removal: (200, 25)
2024-12-23 20:01:13,173 - RealEstateAnalysis - INFO - Shape after NaN removal: (200, 25)
2024-12-23 20:01:13,173 - RealEstateAnalysis - INFO - 
Final columns before splitting:
2024-12-23 20:01:13,173 - RealEstateAnalysis - INFO - - Sub-Area
- Propert Type
- Property Area in Sq. Ft.
- Price in lakhs
- Company Name
- TownShip Name/ Society Name
- ClubHouse
- School / University in Township 
- Hospital in TownShip
- Mall in TownShip
- Park / Jogging track
- Swimming Pool
- Gym
- Price_sub-area
- BHK_number
- 29 gold
- bedroom apartment
- boasts elegant
- community living
- elegant towers
- mantra 29
- offering bedroom
- project boasts
- project offers
- stories offering
2024-12-23 20:01:13,175 - RealEstateAnalysis - INFO - 
Total number of features: 24
2024-12-23 20:01:13,175 - RealEstateAnalysis - INFO - 
Sample of first few features (first 5 rows):
2024-12-23 20:01:13,182 - RealEstateAnalysis - INFO - 
   Sub-Area  Propert Type  Property Area in Sq. Ft.  Company Name  TownShip Name/ Society Name  ClubHouse  School / University in Township   Hospital in TownShip  Mall in TownShip  Park / Jogging track  Swimming Pool  Gym  Price_sub-area  BHK_number  29 gold  bedroom apartment  boasts elegant  community living  elegant towers  mantra 29  offering bedroom  project boasts  project offers  stories offering
0         3             0                     492.0            23                           50          1                                 1                     1                 1                     1              1    1       58.044000         0.0      0.0                0.0             0.0               0.0             0.0        0.0               0.0             0.0             0.0               0.0
1         3             1                     774.0            23                           50          1                                 1                     1                 1                     1              1    1       58.044000         0.0      0.0                0.0             0.0               0.0             0.0        0.0               0.0             0.0             0.0               0.0
2         3             3                     889.0            23                           50          1                                 1                     1                 1                     1              1    1       58.044000         0.0      0.0                0.0             0.0               0.0             0.0        0.0               0.0             0.0             0.0               0.0
3         3             4                    1018.0            23                           50          1                                 1                     1                 1                     1              1    1       58.044000         0.0      0.0                0.0             0.0               0.0             0.0        0.0               0.0             0.0             0.0               0.0
4        20             1                     743.0             5                           12          1                                 1                     1                 1                     1              1    1       73.555556         0.0      0.0                0.0             0.0               0.0             0.0        0.0               0.0             0.0             0.0               0.0
2024-12-23 20:01:13,185 - RealEstateAnalysis - INFO - Final X shape: (200, 24)
2024-12-23 20:01:13,185 - RealEstateAnalysis - INFO - Final y shape: (200,)
2024-12-23 20:01:13,185 - RealEstateAnalysis - INFO - Splitting data...
2024-12-23 20:01:13,186 - RealEstateAnalysis.ModelTrainer - INFO - Splitting data with test_size=0.2
2024-12-23 20:01:13,187 - RealEstateAnalysis.ModelTrainer - INFO - Train set size: (160, 24), Test set size: (40, 24)
2024-12-23 20:01:13,187 - RealEstateAnalysis - INFO - Training set shape: (160, 24)
2024-12-23 20:01:13,187 - RealEstateAnalysis - INFO - Test set shape: (40, 24)
2024-12-23 20:01:13,188 - RealEstateAnalysis - INFO - Training models...
2024-12-23 20:01:13,188 - RealEstateAnalysis.ModelTrainer - INFO - Starting model training
2024-12-23 20:01:13,188 - RealEstateAnalysis.ModelTrainer - INFO - Training XGBoost
2024-12-23 20:01:14,053 - RealEstateAnalysis.ModelTrainer - INFO - XGBoost training completed
2024-12-23 20:01:14,053 - RealEstateAnalysis.ModelTrainer - INFO - Training LightGBM
2024-12-23 20:01:14,198 - RealEstateAnalysis.ModelTrainer - INFO - LightGBM training completed
2024-12-23 20:01:14,198 - RealEstateAnalysis.ModelTrainer - INFO - Training MLP
2024-12-23 20:01:15,077 - RealEstateAnalysis.ModelTrainer - INFO - MLP training completed
2024-12-23 20:01:15,077 - RealEstateAnalysis.ModelTrainer - INFO - Training Lasso
2024-12-23 20:01:15,080 - RealEstateAnalysis.ModelTrainer - INFO - Lasso training completed
2024-12-23 20:01:15,080 - RealEstateAnalysis.ModelTrainer - INFO - Training Ridge
2024-12-23 20:01:15,082 - RealEstateAnalysis.ModelTrainer - INFO - Ridge training completed
2024-12-23 20:01:15,082 - RealEstateAnalysis.ModelTrainer - INFO - Training CatBoost
2024-12-23 20:01:15,371 - RealEstateAnalysis.ModelTrainer - INFO - CatBoost training completed
2024-12-23 20:01:15,371 - RealEstateAnalysis - INFO - Evaluating models...
2024-12-23 20:01:15,371 - RealEstateAnalysis.ModelEvaluator - INFO - Starting evaluation of all models
2024-12-23 20:01:15,372 - RealEstateAnalysis.ModelEvaluator - INFO - Evaluating XGBoost
2024-12-23 20:01:15,396 - RealEstateAnalysis.ModelEvaluator - INFO - XGBoost evaluation completed
2024-12-23 20:01:15,396 - RealEstateAnalysis.ModelEvaluator - INFO - Train metrics - MAE: 0.01, RMSE: 0.02, R2: 1.0000
2024-12-23 20:01:15,397 - RealEstateAnalysis.ModelEvaluator - INFO - Test metrics - MAE: 6.68, RMSE: 9.41, R2: 0.9592
2024-12-23 20:01:15,398 - RealEstateAnalysis.ModelEvaluator - INFO - Evaluating LightGBM
2024-12-23 20:01:15,409 - RealEstateAnalysis.ModelEvaluator - INFO - LightGBM evaluation completed
2024-12-23 20:01:15,409 - RealEstateAnalysis.ModelEvaluator - INFO - Train metrics - MAE: 7.06, RMSE: 10.04, R2: 0.9470
2024-12-23 20:01:15,410 - RealEstateAnalysis.ModelEvaluator - INFO - Test metrics - MAE: 7.79, RMSE: 10.84, R2: 0.9458
2024-12-23 20:01:15,411 - RealEstateAnalysis.ModelEvaluator - INFO - Evaluating MLP
2024-12-23 20:01:15,420 - RealEstateAnalysis.ModelEvaluator - INFO - MLP evaluation completed
2024-12-23 20:01:15,421 - RealEstateAnalysis.ModelEvaluator - INFO - Train metrics - MAE: 8.42, RMSE: 13.05, R2: 0.9103
2024-12-23 20:01:15,421 - RealEstateAnalysis.ModelEvaluator - INFO - Test metrics - MAE: 10.67, RMSE: 13.54, R2: 0.9154
2024-12-23 20:01:15,421 - RealEstateAnalysis.ModelEvaluator - INFO - Evaluating Lasso
2024-12-23 20:01:15,430 - RealEstateAnalysis.ModelEvaluator - INFO - Lasso evaluation completed
2024-12-23 20:01:15,431 - RealEstateAnalysis.ModelEvaluator - INFO - Train metrics - MAE: 11.08, RMSE: 17.11, R2: 0.8460
2024-12-23 20:01:15,431 - RealEstateAnalysis.ModelEvaluator - INFO - Test metrics - MAE: 10.31, RMSE: 13.75, R2: 0.9128
2024-12-23 20:01:15,432 - RealEstateAnalysis.ModelEvaluator - INFO - Evaluating Ridge
2024-12-23 20:01:15,437 - RealEstateAnalysis.ModelEvaluator - INFO - Ridge evaluation completed
2024-12-23 20:01:15,438 - RealEstateAnalysis.ModelEvaluator - INFO - Train metrics - MAE: 10.83, RMSE: 16.43, R2: 0.8580
2024-12-23 20:01:15,439 - RealEstateAnalysis.ModelEvaluator - INFO - Test metrics - MAE: 9.80, RMSE: 12.79, R2: 0.9246
2024-12-23 20:01:15,439 - RealEstateAnalysis.ModelEvaluator - INFO - Evaluating CatBoost
2024-12-23 20:01:15,448 - RealEstateAnalysis.ModelEvaluator - INFO - CatBoost evaluation completed
2024-12-23 20:01:15,449 - RealEstateAnalysis.ModelEvaluator - INFO - Train metrics - MAE: 1.72, RMSE: 2.22, R2: 0.9974
2024-12-23 20:01:15,449 - RealEstateAnalysis.ModelEvaluator - INFO - Test metrics - MAE: 8.03, RMSE: 12.46, R2: 0.9284
2024-12-23 20:01:15,449 - RealEstateAnalysis.ModelEvaluator - INFO - Model evaluation completed for all models
2024-12-23 20:01:15,450 - RealEstateAnalysis - INFO - 
==================================================
2024-12-23 20:01:15,450 - RealEstateAnalysis - INFO - DETAILED MODEL PERFORMANCE METRICS
2024-12-23 20:01:15,450 - RealEstateAnalysis - INFO - ==================================================
2024-12-23 20:01:15,453 - RealEstateAnalysis - INFO - 
Model: XGBoost
2024-12-23 20:01:15,454 - RealEstateAnalysis - INFO - --------------
2024-12-23 20:01:15,454 - RealEstateAnalysis - INFO - Training Metrics:
2024-12-23 20:01:15,455 - RealEstateAnalysis - INFO -   MAE:  0.01 lakhs
2024-12-23 20:01:15,455 - RealEstateAnalysis - INFO -   RMSE: 0.02 lakhs
2024-12-23 20:01:15,455 - RealEstateAnalysis - INFO -   R2:   1.0000
2024-12-23 20:01:15,456 - RealEstateAnalysis - INFO - 
Test Metrics:
2024-12-23 20:01:15,456 - RealEstateAnalysis - INFO -   MAE:  6.68 lakhs
2024-12-23 20:01:15,456 - RealEstateAnalysis - INFO -   RMSE: 9.41 lakhs
2024-12-23 20:01:15,456 - RealEstateAnalysis - INFO -   R2:   0.9592
2024-12-23 20:01:15,457 - RealEstateAnalysis - INFO - 
Generalization Metrics:
2024-12-23 20:01:15,457 - RealEstateAnalysis - INFO -   RMSE Difference: 9.39 lakhs
2024-12-23 20:01:15,457 - RealEstateAnalysis - INFO -   RMSE Ratio: 480.32
2024-12-23 20:01:15,457 - RealEstateAnalysis - INFO -   R Stability: 0.0408
2024-12-23 20:01:15,458 - RealEstateAnalysis - INFO -   Generalization Score: 201.5135
2024-12-23 20:01:15,460 - RealEstateAnalysis - INFO - 
Model: LightGBM
2024-12-23 20:01:15,460 - RealEstateAnalysis - INFO - ---------------
2024-12-23 20:01:15,461 - RealEstateAnalysis - INFO - Training Metrics:
2024-12-23 20:01:15,462 - RealEstateAnalysis - INFO -   MAE:  7.06 lakhs
2024-12-23 20:01:15,462 - RealEstateAnalysis - INFO -   RMSE: 10.04 lakhs
2024-12-23 20:01:15,462 - RealEstateAnalysis - INFO -   R2:   0.9470
2024-12-23 20:01:15,463 - RealEstateAnalysis - INFO - 
Test Metrics:
2024-12-23 20:01:15,463 - RealEstateAnalysis - INFO -   MAE:  7.79 lakhs
2024-12-23 20:01:15,464 - RealEstateAnalysis - INFO -   RMSE: 10.84 lakhs
2024-12-23 20:01:15,464 - RealEstateAnalysis - INFO -   R2:   0.9458
2024-12-23 20:01:15,464 - RealEstateAnalysis - INFO - 
Generalization Metrics:
2024-12-23 20:01:15,464 - RealEstateAnalysis - INFO -   RMSE Difference: 0.80 lakhs
2024-12-23 20:01:15,465 - RealEstateAnalysis - INFO -   RMSE Ratio: 1.08
2024-12-23 20:01:15,465 - RealEstateAnalysis - INFO -   R Stability: 0.0011
2024-12-23 20:01:15,465 - RealEstateAnalysis - INFO -   Generalization Score: 3.5068
2024-12-23 20:01:15,468 - RealEstateAnalysis - INFO - 
Model: MLP
2024-12-23 20:01:15,469 - RealEstateAnalysis - INFO - ----------
2024-12-23 20:01:15,469 - RealEstateAnalysis - INFO - Training Metrics:
2024-12-23 20:01:15,469 - RealEstateAnalysis - INFO -   MAE:  8.42 lakhs
2024-12-23 20:01:15,470 - RealEstateAnalysis - INFO -   RMSE: 13.05 lakhs
2024-12-23 20:01:15,470 - RealEstateAnalysis - INFO -   R2:   0.9103
2024-12-23 20:01:15,470 - RealEstateAnalysis - INFO - 
Test Metrics:
2024-12-23 20:01:15,471 - RealEstateAnalysis - INFO -   MAE:  10.67 lakhs
2024-12-23 20:01:15,471 - RealEstateAnalysis - INFO -   RMSE: 13.54 lakhs
2024-12-23 20:01:15,471 - RealEstateAnalysis - INFO -   R2:   0.9154
2024-12-23 20:01:15,471 - RealEstateAnalysis - INFO - 
Generalization Metrics:
2024-12-23 20:01:15,472 - RealEstateAnalysis - INFO -   RMSE Difference: 0.49 lakhs
2024-12-23 20:01:15,472 - RealEstateAnalysis - INFO -   RMSE Ratio: 1.04
2024-12-23 20:01:15,472 - RealEstateAnalysis - INFO -   R Stability: 0.0051
2024-12-23 20:01:15,472 - RealEstateAnalysis - INFO -   Generalization Score: 4.2188
2024-12-23 20:01:15,475 - RealEstateAnalysis - INFO - 
Model: Lasso
2024-12-23 20:01:15,475 - RealEstateAnalysis - INFO - ------------
2024-12-23 20:01:15,476 - RealEstateAnalysis - INFO - Training Metrics:
2024-12-23 20:01:15,476 - RealEstateAnalysis - INFO -   MAE:  11.08 lakhs
2024-12-23 20:01:15,476 - RealEstateAnalysis - INFO -   RMSE: 17.11 lakhs
2024-12-23 20:01:15,477 - RealEstateAnalysis - INFO -   R2:   0.8460
2024-12-23 20:01:15,477 - RealEstateAnalysis - INFO - 
Test Metrics:
2024-12-23 20:01:15,477 - RealEstateAnalysis - INFO -   MAE:  10.31 lakhs
2024-12-23 20:01:15,478 - RealEstateAnalysis - INFO -   RMSE: 13.75 lakhs
2024-12-23 20:01:15,478 - RealEstateAnalysis - INFO -   R2:   0.9128
2024-12-23 20:01:15,478 - RealEstateAnalysis - INFO - 
Generalization Metrics:
2024-12-23 20:01:15,479 - RealEstateAnalysis - INFO -   RMSE Difference: 3.36 lakhs
2024-12-23 20:01:15,479 - RealEstateAnalysis - INFO -   RMSE Ratio: 1.24
2024-12-23 20:01:15,480 - RealEstateAnalysis - INFO -   R Stability: 0.0668
2024-12-23 20:01:15,480 - RealEstateAnalysis - INFO -   Generalization Score: 5.1941
2024-12-23 20:01:15,482 - RealEstateAnalysis - INFO - 
Model: Ridge
2024-12-23 20:01:15,483 - RealEstateAnalysis - INFO - ------------
2024-12-23 20:01:15,483 - RealEstateAnalysis - INFO - Training Metrics:
2024-12-23 20:01:15,483 - RealEstateAnalysis - INFO -   MAE:  10.83 lakhs
2024-12-23 20:01:15,483 - RealEstateAnalysis - INFO -   RMSE: 16.43 lakhs
2024-12-23 20:01:15,484 - RealEstateAnalysis - INFO -   R2:   0.8580
2024-12-23 20:01:15,484 - RealEstateAnalysis - INFO - 
Test Metrics:
2024-12-23 20:01:15,484 - RealEstateAnalysis - INFO -   MAE:  9.80 lakhs
2024-12-23 20:01:15,485 - RealEstateAnalysis - INFO -   RMSE: 12.79 lakhs
2024-12-23 20:01:15,485 - RealEstateAnalysis - INFO -   R2:   0.9246
2024-12-23 20:01:15,485 - RealEstateAnalysis - INFO - 
Generalization Metrics:
2024-12-23 20:01:15,486 - RealEstateAnalysis - INFO -   RMSE Difference: 3.64 lakhs
2024-12-23 20:01:15,486 - RealEstateAnalysis - INFO -   RMSE Ratio: 1.28
2024-12-23 20:01:15,486 - RealEstateAnalysis - INFO -   R Stability: 0.0666
2024-12-23 20:01:15,486 - RealEstateAnalysis - INFO -   Generalization Score: 4.9983
2024-12-23 20:01:15,488 - RealEstateAnalysis - INFO - 
Model: CatBoost
2024-12-23 20:01:15,488 - RealEstateAnalysis - INFO - ---------------
2024-12-23 20:01:15,488 - RealEstateAnalysis - INFO - Training Metrics:
2024-12-23 20:01:15,489 - RealEstateAnalysis - INFO -   MAE:  1.72 lakhs
2024-12-23 20:01:15,489 - RealEstateAnalysis - INFO -   RMSE: 2.22 lakhs
2024-12-23 20:01:15,489 - RealEstateAnalysis - INFO -   R2:   0.9974
2024-12-23 20:01:15,489 - RealEstateAnalysis - INFO - 
Test Metrics:
2024-12-23 20:01:15,490 - RealEstateAnalysis - INFO -   MAE:  8.03 lakhs
2024-12-23 20:01:15,490 - RealEstateAnalysis - INFO -   RMSE: 12.46 lakhs
2024-12-23 20:01:15,490 - RealEstateAnalysis - INFO -   R2:   0.9284
2024-12-23 20:01:15,491 - RealEstateAnalysis - INFO - 
Generalization Metrics:
2024-12-23 20:01:15,491 - RealEstateAnalysis - INFO -   RMSE Difference: 10.24 lakhs
2024-12-23 20:01:15,491 - RealEstateAnalysis - INFO -   RMSE Ratio: 5.62
2024-12-23 20:01:15,491 - RealEstateAnalysis - INFO -   R Stability: 0.0690
2024-12-23 20:01:15,492 - RealEstateAnalysis - INFO -   Generalization Score: 107.7489
2024-12-23 20:01:15,499 - RealEstateAnalysis - INFO - 
Model Comparison Results (saved to reports/model_comparison.csv):
2024-12-23 20:01:15,503 - RealEstateAnalysis - INFO - 
      Model  Train MAE  Train RMSE  Train R2   Test MAE  Test RMSE   Test R2  Generalization Score
1  LightGBM   7.055888   10.039001  0.946960   7.789417  10.837336  0.945841              3.506830
2       MLP   8.416412   13.053114  0.910329  10.666956  13.543630  0.915415              4.218777
4     Ridge  10.833686   16.426829  0.857987   9.802418  12.787600  0.924595              4.998289
3     Lasso  11.081460   17.106561  0.845991  10.309981  13.751449  0.912799              5.194126
5  CatBoost   1.722115    2.218457  0.997410   8.027743  12.461870  0.928387            107.748861
0   XGBoost   0.014141    0.019592  1.000000   6.681264   9.410381  0.959164            201.513503
2024-12-23 20:01:15,504 - RealEstateAnalysis - INFO - 
==================================================
2024-12-23 20:01:15,504 - RealEstateAnalysis - INFO - Best Model (Most Robust): LightGBM
2024-12-23 20:01:15,505 - RealEstateAnalysis - INFO - Generalization Score: 3.5068
2024-12-23 20:01:15,505 - RealEstateAnalysis - INFO - ==================================================
2024-12-23 20:01:15,505 - RealEstateAnalysis - INFO - 
Model Selection Criteria:
2024-12-23 20:01:15,505 - RealEstateAnalysis - INFO - 1. Test Performance (40% weight)
2024-12-23 20:01:15,505 - RealEstateAnalysis - INFO - 2. RMSE Stability - difference between train and test (30% weight)
2024-12-23 20:01:15,506 - RealEstateAnalysis - INFO - 3. Training-Test Ratio - how close train and test metrics are (30% weight)
2024-12-23 20:01:15,506 - RealEstateAnalysis - INFO - 
Lower generalization score indicates:
2024-12-23 20:01:15,506 - RealEstateAnalysis - INFO - - Good test performance
2024-12-23 20:01:15,506 - RealEstateAnalysis - INFO - - Consistent performance between training and test sets
2024-12-23 20:01:15,506 - RealEstateAnalysis - INFO - - Better generalization to new data
2024-12-23 20:01:15,506 - RealEstateAnalysis - INFO - 
Calculating prediction intervals...
2024-12-23 20:01:15,506 - RealEstateAnalysis.ModelEvaluator - INFO - Calculating prediction intervals with 95.0% confidence
2024-12-23 20:01:15,509 - RealEstateAnalysis.ModelEvaluator - INFO - Average margin of error: 21.22 lakhs
2024-12-23 20:01:15,512 - RealEstateAnalysis - INFO - 
Prediction Error Statistics:
2024-12-23 20:01:15,513 - RealEstateAnalysis - INFO - Average Error: 7.79 lakhs
2024-12-23 20:01:15,514 - RealEstateAnalysis - INFO - Error Std: 7.63 lakhs
2024-12-23 20:01:15,514 - RealEstateAnalysis - INFO - 90th Percentile Error: 14.67 lakhs
2024-12-23 20:01:15,514 - RealEstateAnalysis - INFO - Median Error: 5.91 lakhs
2024-12-23 20:01:15,515 - RealEstateAnalysis - INFO - Generating visualizations...
2024-12-23 20:01:15,515 - RealEstateAnalysis.DataVisualizer - INFO - Creating price distribution plot
2024-12-23 20:01:15,892 - RealEstateAnalysis.DataVisualizer - INFO - Saved plot to reports/figures\price_distribution.png
2024-12-23 20:01:15,892 - RealEstateAnalysis.DataVisualizer - INFO - Creating area distribution plot
2024-12-23 20:01:16,130 - RealEstateAnalysis.DataVisualizer - INFO - Saved plot to reports/figures\area_distribution.png
2024-12-23 20:01:16,131 - RealEstateAnalysis.DataVisualizer - INFO - Creating price by property type plot
2024-12-23 20:01:16,525 - RealEstateAnalysis.DataVisualizer - INFO - Saved plot to reports/figures\price_by_property_type.png
2024-12-23 20:01:16,525 - RealEstateAnalysis.DataVisualizer - INFO - Creating model results plots
2024-12-23 20:01:16,901 - RealEstateAnalysis.DataVisualizer - INFO - Saved plot to reports/figures\model_results.png
2024-12-23 20:01:16,902 - RealEstateAnalysis.DataVisualizer - INFO - Creating amenities analysis plot
2024-12-23 20:01:17,346 - RealEstateAnalysis.DataVisualizer - INFO - Saved plot to reports/figures\amenities_analysis.png
2024-12-23 20:01:17,347 - RealEstateAnalysis - INFO - 
Pipeline completed successfully in 4.61 seconds
2024-12-23 20:01:17,347 - RealEstateAnalysis - INFO - 
Results have been saved in:
2024-12-23 20:01:17,347 - RealEstateAnalysis - INFO - - reports/model_comparison.csv (Model performance comparison)
2024-12-23 20:01:17,347 - RealEstateAnalysis - INFO - - reports/detailed_predictions.csv (Detailed predictions)
2024-12-23 20:01:17,348 - RealEstateAnalysis - INFO - - reports/figures/ (Visualizations)
